4.1322 	INFO 	Loaded monitor calibration from ['2021_09_14 11:10']
4.1358 	WARNING 	User requested fullscreen with size [1536  864], but screen is actually [1920, 1080]. Using actual size
7.5631 	EXP 	Created window1 = Window(allowGUI=False, allowStencil=False, autoLog=True, backendConf=UNKNOWN, bitsMode=UNKNOWN, blendMode='avg', bpc=(8, 8, 8), color=array([-1, -1, -1]), colorSpace='rgb', depthBits=8, fullscr=<method-wrapper '__getattribute__' of attributeSetter object at 0x000001E8CCA7D390>, gamma=None, gammaErrorPolicy='raise', lms=UNKNOWN, monitor=<psychopy.monitors.calibTools.Monitor object at 0x000001E8CCACB2B0>, multiSample=False, name='window1', numSamples=2, pos=[0.0, 0.0], screen=0, size=array([1920, 1080]), stencilBits=0, stereo=False, units='height', useFBO=True, useRetina=False, viewOri=0.0, viewPos=None, viewScale=None, waitBlanking=True, winType='pyglet')
7.5636 	EXP 	window1: mouseVisible = True
7.5637 	EXP 	window1: recordFrameIntervals = False
7.6039 	EXP 	window1: recordFrameIntervals = True
7.6499 	DEBUG 	Screen (0) actual frame rate measured at 239.90
7.6500 	EXP 	window1: recordFrameIntervals = False
7.8953 	INFO 	keyboard.Keyboard is using ptb backend.
7.8955 	EXP 	window1: mouseVisible = False
8.1143 	EXP 	Created welcome_text = TextStim(__class__=<class 'psychopy.visual.text.TextStim'>, alignHoriz=method-wrapper(...), alignText='center', alignVert=method-wrapper(...), anchorHoriz='center', anchorVert='center', antialias=True, autoLog=True, bold=False, color=array([1., 1., 1.]), colorSpace='rgb', contrast=1.0, depth=0.0, flipHoriz=False, flipVert=False, font='Arial', fontFiles=[], height=0.04, italic=False, languageStyle='LTR', name='welcome_text', opacity=1, ori=0, pos=array([0., 0.]), rgb=UNKNOWN, text=str(...), units='height', win=Window(...), wrapWidth=1.3)
8.1144 	INFO 	keyboard.Keyboard is using ptb backend.
8.1217 	EXP 	Created instructRight_text = TextStim(__class__=<class 'psychopy.visual.text.TextStim'>, alignHoriz=method-wrapper(...), alignText='center', alignVert=method-wrapper(...), anchorHoriz='center', anchorVert='center', antialias=True, autoLog=True, bold=False, color=array([1., 1., 1.]), colorSpace='rgb', contrast=1.0, depth=0.0, flipHoriz=False, flipVert=False, font='Arial', fontFiles=[], height=0.04, italic=False, languageStyle='LTR', name='instructRight_text', opacity=1, ori=0, pos=array([0., 0.]), rgb=UNKNOWN, text=str(...), units='height', win=Window(...), wrapWidth=1.3)
8.1624 	EXP 	Created instructRight_centerImg = ImageStim(__class__=<class 'psychopy.visual.image.ImageStim'>, autoLog=True, color=array([1., 1., 1.]), colorSpace='rgb', contrast=1.0, depth=-1.0, flipHoriz=False, flipVert=False, image='img/rightArrow.png', interpolate=True, mask=None, maskParams=None, name='instructRight_centerImg', opacity=1, ori=0.0, pos=array([ 0. , -0.3]), size=array([0.04, 0.04]), texRes=512, units='height', win=Window(...))
8.1997 	EXP 	Created instructRight_rightImg1 = ImageStim(__class__=<class 'psychopy.visual.image.ImageStim'>, autoLog=True, color=array([1., 1., 1.]), colorSpace='rgb', contrast=1.0, depth=-2.0, flipHoriz=False, flipVert=False, image='img/rightArrow.png', interpolate=True, mask=None, maskParams=None, name='instructRight_rightImg1', opacity=1, ori=0.0, pos=array([ 0.05, -0.3 ]), size=array([0.04, 0.04]), texRes=512, units='height', win=Window(...))
8.2360 	EXP 	Created instructRight_rightImg2 = ImageStim(__class__=<class 'psychopy.visual.image.ImageStim'>, autoLog=True, color=array([1., 1., 1.]), colorSpace='rgb', contrast=1.0, depth=-3.0, flipHoriz=False, flipVert=False, image='img/rightArrow.png', interpolate=True, mask=None, maskParams=None, name='instructRight_rightImg2', opacity=1, ori=0.0, pos=array([ 0.1, -0.3]), size=array([0.04, 0.04]), texRes=512, units='height', win=Window(...))
8.2716 	EXP 	Created instructRight_leftImg1 = ImageStim(__class__=<class 'psychopy.visual.image.ImageStim'>, autoLog=True, color=array([1., 1., 1.]), colorSpace='rgb', contrast=1.0, depth=-4.0, flipHoriz=False, flipVert=False, image='img/rightArrow.png', interpolate=True, mask=None, maskParams=None, name='instructRight_leftImg1', opacity=1, ori=0.0, pos=array([-0.05, -0.3 ]), size=array([0.04, 0.04]), texRes=512, units='height', win=Window(...))
8.3080 	EXP 	Created instructRight_leftImg2 = ImageStim(__class__=<class 'psychopy.visual.image.ImageStim'>, autoLog=True, color=array([1., 1., 1.]), colorSpace='rgb', contrast=1.0, depth=-5.0, flipHoriz=False, flipVert=False, image='img/rightArrow.png', interpolate=True, mask=None, maskParams=None, name='instructRight_leftImg2', opacity=1, ori=0.0, pos=array([-0.1, -0.3]), size=array([0.04, 0.04]), texRes=512, units='height', win=Window(...))
8.3080 	INFO 	keyboard.Keyboard is using ptb backend.
8.3144 	EXP 	Created instructLeft_text = TextStim(__class__=<class 'psychopy.visual.text.TextStim'>, alignHoriz=method-wrapper(...), alignText='center', alignVert=method-wrapper(...), anchorHoriz='center', anchorVert='center', antialias=True, autoLog=True, bold=False, color=array([1., 1., 1.]), colorSpace='rgb', contrast=1.0, depth=0.0, flipHoriz=False, flipVert=False, font='Arial', fontFiles=[], height=0.04, italic=False, languageStyle='LTR', name='instructLeft_text', opacity=1, ori=0, pos=array([0., 0.]), rgb=UNKNOWN, text=str(...), units='height', win=Window(...), wrapWidth=1.3)
8.3512 	EXP 	Created instructLeft_centerImg = ImageStim(__class__=<class 'psychopy.visual.image.ImageStim'>, autoLog=True, color=array([1., 1., 1.]), colorSpace='rgb', contrast=1.0, depth=-1.0, flipHoriz=False, flipVert=False, image='img/leftArrow.png', interpolate=True, mask=None, maskParams=None, name='instructLeft_centerImg', opacity=1, ori=0.0, pos=array([ 0. , -0.3]), size=array([0.04, 0.04]), texRes=512, units='height', win=Window(...))
8.3899 	EXP 	Created instructLeft_rightImg1 = ImageStim(__class__=<class 'psychopy.visual.image.ImageStim'>, autoLog=True, color=array([1., 1., 1.]), colorSpace='rgb', contrast=1.0, depth=-2.0, flipHoriz=False, flipVert=False, image='img/leftArrow.png', interpolate=True, mask=None, maskParams=None, name='instructLeft_rightImg1', opacity=1, ori=0.0, pos=array([ 0.05, -0.3 ]), size=array([0.04, 0.04]), texRes=512, units='height', win=Window(...))
8.4273 	EXP 	Created instructLeft_rightImg2 = ImageStim(__class__=<class 'psychopy.visual.image.ImageStim'>, autoLog=True, color=array([1., 1., 1.]), colorSpace='rgb', contrast=1.0, depth=-3.0, flipHoriz=False, flipVert=False, image='img/leftArrow.png', interpolate=True, mask=None, maskParams=None, name='instructLeft_rightImg2', opacity=1, ori=0.0, pos=array([ 0.1, -0.3]), size=array([0.04, 0.04]), texRes=512, units='height', win=Window(...))
8.4641 	EXP 	Created instructLeft_leftImg1 = ImageStim(__class__=<class 'psychopy.visual.image.ImageStim'>, autoLog=True, color=array([1., 1., 1.]), colorSpace='rgb', contrast=1.0, depth=-4.0, flipHoriz=False, flipVert=False, image='img/leftArrow.png', interpolate=True, mask=None, maskParams=None, name='instructLeft_leftImg1', opacity=1, ori=0.0, pos=array([-0.05, -0.3 ]), size=array([0.04, 0.04]), texRes=512, units='height', win=Window(...))
8.5013 	EXP 	Created instructLeft_leftImg2 = ImageStim(__class__=<class 'psychopy.visual.image.ImageStim'>, autoLog=True, color=array([1., 1., 1.]), colorSpace='rgb', contrast=1.0, depth=-5.0, flipHoriz=False, flipVert=False, image='img/leftArrow.png', interpolate=True, mask=None, maskParams=None, name='instructLeft_leftImg2', opacity=1, ori=0.0, pos=array([-0.1, -0.3]), size=array([0.04, 0.04]), texRes=512, units='height', win=Window(...))
8.5013 	INFO 	keyboard.Keyboard is using ptb backend.
8.5184 	EXP 	Created instructInconRight_text = TextStim(__class__=<class 'psychopy.visual.text.TextStim'>, alignHoriz=method-wrapper(...), alignText='center', alignVert=method-wrapper(...), anchorHoriz='center', anchorVert='center', antialias=True, autoLog=True, bold=False, color=array([1., 1., 1.]), colorSpace='rgb', contrast=1.0, depth=0.0, flipHoriz=False, flipVert=False, font='Arial', fontFiles=[], height=0.04, italic=False, languageStyle='LTR', name='instructInconRight_text', opacity=1, ori=0, pos=array([0., 0.]), rgb=UNKNOWN, text=str(...), units='height', win=Window(...), wrapWidth=1.3)
8.5424 	EXP 	Created instructIncon_centerImg = ImageStim(__class__=<class 'psychopy.visual.image.ImageStim'>, autoLog=True, color=array([1., 1., 1.]), colorSpace='rgb', contrast=1.0, depth=-1.0, flipHoriz=False, flipVert=False, image='img/rightArrow.png', interpolate=True, mask=None, maskParams=None, name='instructIncon_centerImg', opacity=1, ori=0.0, pos=array([ 0. , -0.3]), size=array([0.04, 0.04]), texRes=512, units='height', win=Window(...))
8.5667 	EXP 	Created instructIncon_rightImg1 = ImageStim(__class__=<class 'psychopy.visual.image.ImageStim'>, autoLog=True, color=array([1., 1., 1.]), colorSpace='rgb', contrast=1.0, depth=-2.0, flipHoriz=False, flipVert=False, image='img/leftArrow.png', interpolate=True, mask=None, maskParams=None, name='instructIncon_rightImg1', opacity=1, ori=0.0, pos=array([ 0.05, -0.3 ]), size=array([0.04, 0.04]), texRes=512, units='height', win=Window(...))
8.5906 	EXP 	Created instructIncon_rightImg2 = ImageStim(__class__=<class 'psychopy.visual.image.ImageStim'>, autoLog=True, color=array([1., 1., 1.]), colorSpace='rgb', contrast=1.0, depth=-3.0, flipHoriz=False, flipVert=False, image='img/leftArrow.png', interpolate=True, mask=None, maskParams=None, name='instructIncon_rightImg2', opacity=1, ori=0.0, pos=array([ 0.1, -0.3]), size=array([0.04, 0.04]), texRes=512, units='height', win=Window(...))
8.6144 	EXP 	Created instructIncon_leftImg1 = ImageStim(__class__=<class 'psychopy.visual.image.ImageStim'>, autoLog=True, color=array([1., 1., 1.]), colorSpace='rgb', contrast=1.0, depth=-4.0, flipHoriz=False, flipVert=False, image='img/leftArrow.png', interpolate=True, mask=None, maskParams=None, name='instructIncon_leftImg1', opacity=1, ori=0.0, pos=array([-0.05, -0.3 ]), size=array([0.04, 0.04]), texRes=512, units='height', win=Window(...))
8.6384 	EXP 	Created instructInconRight_leftImg2 = ImageStim(__class__=<class 'psychopy.visual.image.ImageStim'>, autoLog=True, color=array([1., 1., 1.]), colorSpace='rgb', contrast=1.0, depth=-5.0, flipHoriz=False, flipVert=False, image='img/leftArrow.png', interpolate=True, mask=None, maskParams=None, name='instructInconRight_leftImg2', opacity=1, ori=0.0, pos=array([-0.1, -0.3]), size=array([0.04, 0.04]), texRes=512, units='height', win=Window(...))
8.6384 	INFO 	keyboard.Keyboard is using ptb backend.
8.6456 	EXP 	Created instructInconLeft_text = TextStim(__class__=<class 'psychopy.visual.text.TextStim'>, alignHoriz=method-wrapper(...), alignText='center', alignVert=method-wrapper(...), anchorHoriz='center', anchorVert='center', antialias=True, autoLog=True, bold=False, color=array([1., 1., 1.]), colorSpace='rgb', contrast=1.0, depth=0.0, flipHoriz=False, flipVert=False, font='Arial', fontFiles=[], height=0.04, italic=False, languageStyle='LTR', name='instructInconLeft_text', opacity=1, ori=0, pos=array([0., 0.]), rgb=UNKNOWN, text=str(...), units='height', win=Window(...), wrapWidth=1.3)
8.6696 	EXP 	Created instructInconLeft_centerImg = ImageStim(__class__=<class 'psychopy.visual.image.ImageStim'>, autoLog=True, color=array([1., 1., 1.]), colorSpace='rgb', contrast=1.0, depth=-1.0, flipHoriz=False, flipVert=False, image='img/leftArrow.png', interpolate=True, mask=None, maskParams=None, name='instructInconLeft_centerImg', opacity=1, ori=0.0, pos=array([ 0. , -0.3]), size=array([0.04, 0.04]), texRes=512, units='height', win=Window(...))
8.6929 	EXP 	Created instructInconLeft_rightImg1 = ImageStim(__class__=<class 'psychopy.visual.image.ImageStim'>, autoLog=True, color=array([1., 1., 1.]), colorSpace='rgb', contrast=1.0, depth=-2.0, flipHoriz=False, flipVert=False, image='img/rightArrow.png', interpolate=True, mask=None, maskParams=None, name='instructInconLeft_rightImg1', opacity=1, ori=0.0, pos=array([ 0.05, -0.3 ]), size=array([0.04, 0.04]), texRes=512, units='height', win=Window(...))
8.7184 	EXP 	Created instructInconLeft_rightImg2 = ImageStim(__class__=<class 'psychopy.visual.image.ImageStim'>, autoLog=True, color=array([1., 1., 1.]), colorSpace='rgb', contrast=1.0, depth=-3.0, flipHoriz=False, flipVert=False, image='img/rightArrow.png', interpolate=True, mask=None, maskParams=None, name='instructInconLeft_rightImg2', opacity=1, ori=0.0, pos=array([ 0.1, -0.3]), size=array([0.04, 0.04]), texRes=512, units='height', win=Window(...))
8.7442 	EXP 	Created instructInconLeft_leftImg1 = ImageStim(__class__=<class 'psychopy.visual.image.ImageStim'>, autoLog=True, color=array([1., 1., 1.]), colorSpace='rgb', contrast=1.0, depth=-4.0, flipHoriz=False, flipVert=False, image='img/rightArrow.png', interpolate=True, mask=None, maskParams=None, name='instructInconLeft_leftImg1', opacity=1, ori=0.0, pos=array([-0.05, -0.3 ]), size=array([0.04, 0.04]), texRes=512, units='height', win=Window(...))
8.7697 	EXP 	Created instructInconLeft_leftImg2 = ImageStim(__class__=<class 'psychopy.visual.image.ImageStim'>, autoLog=True, color=array([1., 1., 1.]), colorSpace='rgb', contrast=1.0, depth=-5.0, flipHoriz=False, flipVert=False, image='img/rightArrow.png', interpolate=True, mask=None, maskParams=None, name='instructInconLeft_leftImg2', opacity=1, ori=0.0, pos=array([-0.1, -0.3]), size=array([0.04, 0.04]), texRes=512, units='height', win=Window(...))
8.7697 	INFO 	keyboard.Keyboard is using ptb backend.
8.7793 	EXP 	Created prac_blockText = TextStim(__class__=<class 'psychopy.visual.text.TextStim'>, alignHoriz=method-wrapper(...), alignText='center', alignVert=method-wrapper(...), anchorHoriz='center', anchorVert='center', antialias=True, autoLog=True, bold=False, color=array([1., 1., 1.]), colorSpace='rgb', contrast=1.0, depth=-1.0, flipHoriz=False, flipVert=False, font='Arial', fontFiles=[], height=0.06, italic=False, languageStyle='LTR', name='prac_blockText', opacity=1, ori=0.0, pos=array([0. , 0.3]), rgb=UNKNOWN, text='Practice', units='height', win=Window(...), wrapWidth=1.3)
8.7942 	EXP 	Created prac_reminder_text = TextStim(__class__=<class 'psychopy.visual.text.TextStim'>, alignHoriz=method-wrapper(...), alignText='center', alignVert=method-wrapper(...), anchorHoriz='center', anchorVert='center', antialias=True, autoLog=True, bold=False, color=array([1., 1., 1.]), colorSpace='rgb', contrast=1.0, depth=-2.0, flipHoriz=False, flipVert=False, font='Arial', fontFiles=[], height=0.04, italic=False, languageStyle='LTR', name='prac_reminder_text', opacity=1, ori=0, pos=array([0., 0.]), rgb=UNKNOWN, text=str(...), units='height', win=Window(...), wrapWidth=1.3)
8.7943 	INFO 	keyboard.Keyboard is using ptb backend.
8.7973 	EXP 	Created initFixation_img = ImageStim(__class__=<class 'psychopy.visual.image.ImageStim'>, autoLog=True, color=array([1., 1., 1.]), colorSpace='rgb', contrast=1.0, depth=0.0, flipHoriz=False, flipVert=False, image='sin', interpolate=True, mask=None, maskParams=None, name='initFixation_img', opacity=1, ori=0.0, pos=array([ 0.  , -0.05]), size=array([0.015, 0.015]), texRes=512, units='height', win=Window(...))
8.8001 	EXP 	Created prac_centerImg = ImageStim(__class__=<class 'psychopy.visual.image.ImageStim'>, autoLog=True, color=array([1., 1., 1.]), colorSpace='rgb', contrast=1.0, depth=-1.0, flipHoriz=False, flipVert=False, image='sin', interpolate=True, mask=None, maskParams=None, name='prac_centerImg', opacity=1, ori=0.0, pos=array([0., 0.]), size=array([0.04, 0.04]), texRes=512, units='height', win=Window(...))
8.8029 	EXP 	Created prac_rightImg1 = ImageStim(__class__=<class 'psychopy.visual.image.ImageStim'>, autoLog=True, color=array([1., 1., 1.]), colorSpace='rgb', contrast=1.0, depth=-2.0, flipHoriz=False, flipVert=False, image='sin', interpolate=True, mask=None, maskParams=None, name='prac_rightImg1', opacity=1, ori=0.0, pos=array([0.05, 0.  ]), size=array([0.04, 0.04]), texRes=512, units='height', win=Window(...))
8.8057 	EXP 	Created prac_rightImg2 = ImageStim(__class__=<class 'psychopy.visual.image.ImageStim'>, autoLog=True, color=array([1., 1., 1.]), colorSpace='rgb', contrast=1.0, depth=-3.0, flipHoriz=False, flipVert=False, image='sin', interpolate=True, mask=None, maskParams=None, name='prac_rightImg2', opacity=1, ori=0.0, pos=array([0.1, 0. ]), size=array([0.04, 0.04]), texRes=512, units='height', win=Window(...))
8.8086 	EXP 	Created prac_leftImg1 = ImageStim(__class__=<class 'psychopy.visual.image.ImageStim'>, autoLog=True, color=array([1., 1., 1.]), colorSpace='rgb', contrast=1.0, depth=-4.0, flipHoriz=False, flipVert=False, image='sin', interpolate=True, mask=None, maskParams=None, name='prac_leftImg1', opacity=1, ori=0.0, pos=array([-0.05,  0.  ]), size=array([0.04, 0.04]), texRes=512, units='height', win=Window(...))
8.8114 	EXP 	Created prac_leftImg2 = ImageStim(__class__=<class 'psychopy.visual.image.ImageStim'>, autoLog=True, color=array([1., 1., 1.]), colorSpace='rgb', contrast=1.0, depth=-5.0, flipHoriz=False, flipVert=False, image='sin', interpolate=True, mask=None, maskParams=None, name='prac_leftImg2', opacity=1, ori=0.0, pos=array([-0.1,  0. ]), size=array([0.04, 0.04]), texRes=512, units='height', win=Window(...))
8.8142 	EXP 	Created prac_fixImg = ImageStim(__class__=<class 'psychopy.visual.image.ImageStim'>, autoLog=True, color=array([1., 1., 1.]), colorSpace='rgb', contrast=1.0, depth=-6.0, flipHoriz=False, flipVert=False, image='sin', interpolate=True, mask=None, maskParams=None, name='prac_fixImg', opacity=1, ori=0.0, pos=array([ 0.  , -0.05]), size=array([0.015, 0.015]), texRes=512, units='height', win=Window(...))
8.8143 	INFO 	keyboard.Keyboard is using ptb backend.
8.8153 	EXP 	Created prac_blockFeed_text = TextStim(__class__=<class 'psychopy.visual.text.TextStim'>, alignHoriz=method-wrapper(...), alignText='center', alignVert=method-wrapper(...), anchorHoriz='center', anchorVert='center', antialias=True, autoLog=True, bold=False, color=array([1., 1., 1.]), colorSpace='rgb', contrast=1.0, depth=-1.0, flipHoriz=False, flipVert=False, font='Arial', fontFiles=[], height=0.04, italic=False, languageStyle='LTR', name='prac_blockFeed_text', opacity=1, ori=0, pos=array([0., 0.]), rgb=UNKNOWN, text='', units='height', win=Window(...), wrapWidth=1.3)
8.8192 	EXP 	Created prac_pressContinue = TextStim(__class__=<class 'psychopy.visual.text.TextStim'>, alignHoriz=method-wrapper(...), alignText='center', alignVert=method-wrapper(...), anchorHoriz='center', anchorVert='center', antialias=True, autoLog=True, bold=False, color=array([1., 1., 1.]), colorSpace='rgb', contrast=1.0, depth=-2.0, flipHoriz=False, flipVert=False, font='Arial', fontFiles=[], height=0.04, italic=False, languageStyle='LTR', name='prac_pressContinue', opacity=1, ori=0.0, pos=array([ 0. , -0.3]), rgb=UNKNOWN, text='Press the right key to continue', units='height', win=Window(...), wrapWidth=1.3)
8.8193 	INFO 	keyboard.Keyboard is using ptb backend.
8.8242 	EXP 	Created instructMainTask_text = TextStim(__class__=<class 'psychopy.visual.text.TextStim'>, alignHoriz=method-wrapper(...), alignText='center', alignVert=method-wrapper(...), anchorHoriz='center', anchorVert='center', antialias=True, autoLog=True, bold=False, color=array([1., 1., 1.]), colorSpace='rgb', contrast=1.0, depth=0.0, flipHoriz=False, flipVert=False, font='Arial', fontFiles=[], height=0.04, italic=False, languageStyle='LTR', name='instructMainTask_text', opacity=1, ori=0, pos=array([0., 0.]), rgb=UNKNOWN, text=str(...), units='height', win=Window(...), wrapWidth=1.3)
8.8243 	INFO 	keyboard.Keyboard is using ptb backend.
8.8253 	EXP 	Created condition_whichCondition_text = TextStim(__class__=<class 'psychopy.visual.text.TextStim'>, alignHoriz=method-wrapper(...), alignText='center', alignVert=method-wrapper(...), anchorHoriz='center', anchorVert='center', antialias=True, autoLog=True, bold=False, color=array([1., 1., 1.]), colorSpace='rgb', contrast=1.0, depth=0.0, flipHoriz=False, flipVert=False, font='Arial', fontFiles=[], height=0.06, italic=False, languageStyle='LTR', name='condition_whichCondition_text', opacity=1, ori=0.0, pos=array([0. , 0.3]), rgb=UNKNOWN, text='', units='height', win=Window(...), wrapWidth=1.3)
8.8361 	EXP 	Created condition_reminder_text = TextStim(__class__=<class 'psychopy.visual.text.TextStim'>, alignHoriz=method-wrapper(...), alignText='center', alignVert=method-wrapper(...), anchorHoriz='center', anchorVert='center', antialias=True, autoLog=True, bold=False, color=array([1., 1., 1.]), colorSpace='rgb', contrast=1.0, depth=-1.0, flipHoriz=False, flipVert=False, font='Arial', fontFiles=[], height=0.04, italic=False, languageStyle='LTR', name='condition_reminder_text', opacity=1, ori=0.0, pos=array([0., 0.]), rgb=UNKNOWN, text=str(...), units='height', win=Window(...), wrapWidth=1)
8.8361 	INFO 	keyboard.Keyboard is using ptb backend.
8.8371 	EXP 	Created task_blockText = TextStim(__class__=<class 'psychopy.visual.text.TextStim'>, alignHoriz=method-wrapper(...), alignText='center', alignVert=method-wrapper(...), anchorHoriz='center', anchorVert='center', antialias=True, autoLog=True, bold=False, color=array([1., 1., 1.]), colorSpace='rgb', contrast=1.0, depth=-1.0, flipHoriz=False, flipVert=False, font='Arial', fontFiles=[], height=0.06, italic=False, languageStyle='LTR', name='task_blockText', opacity=1, ori=0.0, pos=array([0. , 0.3]), rgb=UNKNOWN, text='', units='height', win=Window(...), wrapWidth=1.3)
8.8428 	EXP 	Created task_blockReminders_text = TextStim(__class__=<class 'psychopy.visual.text.TextStim'>, alignHoriz=method-wrapper(...), alignText='center', alignVert=method-wrapper(...), anchorHoriz='center', anchorVert='center', antialias=True, autoLog=True, bold=False, color=array([1., 1., 1.]), colorSpace='rgb', contrast=1.0, depth=-2.0, flipHoriz=False, flipVert=False, font='Arial', fontFiles=[], height=0.04, italic=False, languageStyle='LTR', name='task_blockReminders_text', opacity=1, ori=0, pos=array([0., 0.]), rgb=UNKNOWN, text=str(...), units='height', win=Window(...), wrapWidth=1.3)
8.8429 	INFO 	keyboard.Keyboard is using ptb backend.
8.8459 	EXP 	Created initFixation_img = ImageStim(__class__=<class 'psychopy.visual.image.ImageStim'>, autoLog=True, color=array([1., 1., 1.]), colorSpace='rgb', contrast=1.0, depth=0.0, flipHoriz=False, flipVert=False, image='sin', interpolate=True, mask=None, maskParams=None, name='initFixation_img', opacity=1, ori=0.0, pos=array([ 0.  , -0.05]), size=array([0.015, 0.015]), texRes=512, units='height', win=Window(...))
8.8489 	EXP 	Created task_centerImg = ImageStim(__class__=<class 'psychopy.visual.image.ImageStim'>, autoLog=True, color=array([1., 1., 1.]), colorSpace='rgb', contrast=1.0, depth=-1.0, flipHoriz=False, flipVert=False, image='sin', interpolate=True, mask=None, maskParams=None, name='task_centerImg', opacity=1, ori=0.0, pos=array([0., 0.]), size=array([0.04, 0.04]), texRes=512, units='height', win=Window(...))
8.8519 	EXP 	Created task_rightImg1 = ImageStim(__class__=<class 'psychopy.visual.image.ImageStim'>, autoLog=True, color=array([1., 1., 1.]), colorSpace='rgb', contrast=1.0, depth=-2.0, flipHoriz=False, flipVert=False, image='sin', interpolate=True, mask=None, maskParams=None, name='task_rightImg1', opacity=1, ori=0.0, pos=array([0.05, 0.  ]), size=array([0.04, 0.04]), texRes=512, units='height', win=Window(...))
8.8549 	EXP 	Created task_rightImg2 = ImageStim(__class__=<class 'psychopy.visual.image.ImageStim'>, autoLog=True, color=array([1., 1., 1.]), colorSpace='rgb', contrast=1.0, depth=-3.0, flipHoriz=False, flipVert=False, image='sin', interpolate=True, mask=None, maskParams=None, name='task_rightImg2', opacity=1, ori=0.0, pos=array([0.1, 0. ]), size=array([0.04, 0.04]), texRes=512, units='height', win=Window(...))
8.8579 	EXP 	Created task_leftImg1 = ImageStim(__class__=<class 'psychopy.visual.image.ImageStim'>, autoLog=True, color=array([1., 1., 1.]), colorSpace='rgb', contrast=1.0, depth=-4.0, flipHoriz=False, flipVert=False, image='sin', interpolate=True, mask=None, maskParams=None, name='task_leftImg1', opacity=1, ori=0.0, pos=array([-0.05,  0.  ]), size=array([0.04, 0.04]), texRes=512, units='height', win=Window(...))
8.8609 	EXP 	Created task_leftImg2 = ImageStim(__class__=<class 'psychopy.visual.image.ImageStim'>, autoLog=True, color=array([1., 1., 1.]), colorSpace='rgb', contrast=1.0, depth=-5.0, flipHoriz=False, flipVert=False, image='sin', interpolate=True, mask=None, maskParams=None, name='task_leftImg2', opacity=1, ori=0.0, pos=array([-0.1,  0. ]), size=array([0.04, 0.04]), texRes=512, units='height', win=Window(...))
8.8639 	EXP 	Created task_fixImg = ImageStim(__class__=<class 'psychopy.visual.image.ImageStim'>, autoLog=True, color=array([1., 1., 1.]), colorSpace='rgb', contrast=1.0, depth=-6.0, flipHoriz=False, flipVert=False, image='sin', interpolate=True, mask=None, maskParams=None, name='task_fixImg', opacity=1, ori=0.0, pos=array([ 0.  , -0.05]), size=array([0.015, 0.015]), texRes=512, units='height', win=Window(...))
8.8640 	INFO 	keyboard.Keyboard is using ptb backend.
8.8654 	EXP 	Created task_blockFeed_text = TextStim(__class__=<class 'psychopy.visual.text.TextStim'>, alignHoriz=method-wrapper(...), alignText='center', alignVert=method-wrapper(...), anchorHoriz='center', anchorVert='center', antialias=True, autoLog=True, bold=False, color=array([1., 1., 1.]), colorSpace='rgb', contrast=1.0, depth=-1.0, flipHoriz=False, flipVert=False, font='Arial', fontFiles=[], height=0.12, italic=False, languageStyle='LTR', name='task_blockFeed_text', opacity=1, ori=0, pos=array([0. , 0.1]), rgb=UNKNOWN, text='', units='height', win=Window(...), wrapWidth=1.8)
8.8720 	EXP 	Created task_blackFeed_text3 = TextStim(__class__=<class 'psychopy.visual.text.TextStim'>, alignHoriz=method-wrapper(...), alignText='center', alignVert=method-wrapper(...), anchorHoriz='center', anchorVert='center', antialias=True, autoLog=True, bold=False, color=array([1., 1., 1.]), colorSpace='rgb', contrast=1.0, depth=-2.0, flipHoriz=False, flipVert=False, font='Arial', fontFiles=[], height=0.04, italic=False, languageStyle='LTR', name='task_blackFeed_text3', opacity=1, ori=0.0, pos=array([ 0. , -0.3]), rgb=UNKNOWN, text='Please wait', units='height', win=Window(...), wrapWidth=1)
8.8730 	EXP 	Created task_blockFeed_text2 = TextStim(__class__=<class 'psychopy.visual.text.TextStim'>, alignHoriz=method-wrapper(...), alignText='center', alignVert=method-wrapper(...), anchorHoriz='center', anchorVert='center', antialias=True, autoLog=True, bold=False, color=array([1., 1., 1.]), colorSpace='rgb', contrast=1.0, depth=-3.0, flipHoriz=False, flipVert=False, font='Arial', fontFiles=[], height=0.04, italic=False, languageStyle='LTR', name='task_blockFeed_text2', opacity=1, ori=0, pos=array([ 0. , -0.3]), rgb=UNKNOWN, text='', units='height', win=Window(...), wrapWidth=1.3)
8.8731 	INFO 	keyboard.Keyboard is using ptb backend.
8.8798 	EXP 	Created conditionComplete_text = TextStim(__class__=<class 'psychopy.visual.text.TextStim'>, alignHoriz=method-wrapper(...), alignText='center', alignVert=method-wrapper(...), anchorHoriz='center', anchorVert='center', antialias=True, autoLog=True, bold=False, color=array([1., 1., 1.]), colorSpace='rgb', contrast=1.0, depth=0.0, flipHoriz=False, flipVert=False, font='Arial', fontFiles=[], height=0.04, italic=False, languageStyle='LTR', name='conditionComplete_text', opacity=1, ori=0.0, pos=array([0., 0.]), rgb=UNKNOWN, text=str(...), units='height', win=Window(...), wrapWidth=1.3)
8.8799 	INFO 	keyboard.Keyboard is using ptb backend.
8.8848 	EXP 	Created finishMessage_text = TextStim(__class__=<class 'psychopy.visual.text.TextStim'>, alignHoriz=method-wrapper(...), alignText='center', alignVert=method-wrapper(...), anchorHoriz='center', anchorVert='center', antialias=True, autoLog=True, bold=False, color=array([1., 1., 1.]), colorSpace='rgb', contrast=1.0, depth=0.0, flipHoriz=False, flipVert=False, font='Arial', fontFiles=[], height=0.04, italic=False, languageStyle='LTR', name='finishMessage_text', opacity=1, ori=0, pos=array([0., 0.]), rgb=UNKNOWN, text='Thank you for your participation!', units='height', win=Window(...), wrapWidth=1.3)
8.9184 	EXP 	welcome_text: autoDraw = True
10.1216 	DATA 	Keypress: 1
10.4123 	DATA 	Keypress: 8
10.4475 	EXP 	welcome_text: autoDraw = False
10.4475 	EXP 	instructRight_text: autoDraw = True
10.4475 	EXP 	instructRight_centerImg: autoDraw = True
10.4475 	EXP 	instructRight_rightImg1: autoDraw = True
10.4475 	EXP 	instructRight_rightImg2: autoDraw = True
10.4475 	EXP 	instructRight_leftImg1: autoDraw = True
10.4475 	EXP 	instructRight_leftImg2: autoDraw = True
10.5437 	DATA 	Keypress: 1
10.6835 	DATA 	Keypress: 8
10.6866 	EXP 	instructRight_text: autoDraw = False
10.6866 	EXP 	instructRight_centerImg: autoDraw = False
10.6866 	EXP 	instructRight_rightImg1: autoDraw = False
10.6866 	EXP 	instructRight_rightImg2: autoDraw = False
10.6866 	EXP 	instructRight_leftImg1: autoDraw = False
10.6866 	EXP 	instructRight_leftImg2: autoDraw = False
10.6866 	EXP 	instructLeft_text: autoDraw = True
10.6866 	EXP 	instructLeft_centerImg: autoDraw = True
10.6866 	EXP 	instructLeft_rightImg1: autoDraw = True
10.6866 	EXP 	instructLeft_rightImg2: autoDraw = True
10.6866 	EXP 	instructLeft_leftImg1: autoDraw = True
10.6866 	EXP 	instructLeft_leftImg2: autoDraw = True
10.7836 	DATA 	Keypress: 1
10.8007 	EXP 	instructLeft_text: autoDraw = False
10.8007 	EXP 	instructLeft_centerImg: autoDraw = False
10.8007 	EXP 	instructLeft_rightImg1: autoDraw = False
10.8007 	EXP 	instructLeft_rightImg2: autoDraw = False
10.8007 	EXP 	instructLeft_leftImg1: autoDraw = False
10.8007 	EXP 	instructLeft_leftImg2: autoDraw = False
10.8007 	EXP 	instructInconRight_text: autoDraw = True
10.8007 	EXP 	instructIncon_centerImg: autoDraw = True
10.8007 	EXP 	instructIncon_rightImg1: autoDraw = True
10.8007 	EXP 	instructIncon_rightImg2: autoDraw = True
10.8007 	EXP 	instructIncon_leftImg1: autoDraw = True
10.8007 	EXP 	instructInconRight_leftImg2: autoDraw = True
10.8994 	DATA 	Keypress: 8
10.9148 	EXP 	instructInconRight_text: autoDraw = False
10.9148 	EXP 	instructIncon_centerImg: autoDraw = False
10.9148 	EXP 	instructIncon_rightImg1: autoDraw = False
10.9148 	EXP 	instructIncon_rightImg2: autoDraw = False
10.9148 	EXP 	instructIncon_leftImg1: autoDraw = False
10.9148 	EXP 	instructInconRight_leftImg2: autoDraw = False
10.9148 	EXP 	instructInconLeft_text: autoDraw = True
10.9148 	EXP 	instructInconLeft_centerImg: autoDraw = True
10.9148 	EXP 	instructInconLeft_rightImg1: autoDraw = True
10.9148 	EXP 	instructInconLeft_rightImg2: autoDraw = True
10.9148 	EXP 	instructInconLeft_leftImg1: autoDraw = True
10.9148 	EXP 	instructInconLeft_leftImg2: autoDraw = True
10.9720 	DATA 	Keypress: 1
10.9774 	EXP 	Created sequence: random, trialTypes=1, nReps=99, seed=None
10.9779 	EXP 	New trial (rep=0, index=0): None
10.9834 	EXP 	instructInconLeft_text: autoDraw = False
10.9834 	EXP 	instructInconLeft_centerImg: autoDraw = False
10.9834 	EXP 	instructInconLeft_rightImg1: autoDraw = False
10.9834 	EXP 	instructInconLeft_rightImg2: autoDraw = False
10.9834 	EXP 	instructInconLeft_leftImg1: autoDraw = False
10.9834 	EXP 	instructInconLeft_leftImg2: autoDraw = False
10.9834 	EXP 	prac_blockText: autoDraw = True
10.9834 	EXP 	prac_reminder_text: autoDraw = True
11.3192 	DATA 	Keypress: 8
11.3228 	EXP 	prac_blockText: autoDraw = False
11.3228 	EXP 	prac_reminder_text: autoDraw = False
11.3228 	EXP 	initFixation_img: image = 'img/fixationCross.png'
11.3228 	EXP 	initFixation_img: autoDraw = True
11.3552 	DATA 	Keypress: 1
14.3176 	DEBUG 	Read excel file with openpyxl: prac_trials.xlsx
14.3183 	EXP 	Imported prac_trials.xlsx as conditions, 4 conditions, 8 params
14.3185 	EXP 	Created sequence: random, trialTypes=4, nReps=1, seed=None
14.3188 	EXP 	New trial (rep=0, index=0): {'middleStim': 'img/rightArrow.png', 'rightStim1': 'img/rightArrow.png', 'rightStim2': 'img/rightArrow.png', 'leftStim1': 'img/rightArrow.png', 'leftStim2': 'img/rightArrow.png', 'stimNum': 1, 'congruent': 1, 'target': 'right'}
14.3616 	EXP 	initFixation_img: autoDraw = False
14.3616 	EXP 	prac_centerImg: image = 'img/rightArrow.png'
14.3616 	EXP 	prac_rightImg1: image = 'img/rightArrow.png'
14.3616 	EXP 	prac_rightImg2: image = 'img/rightArrow.png'
14.3616 	EXP 	prac_leftImg1: image = 'img/rightArrow.png'
14.3616 	EXP 	prac_leftImg2: image = 'img/rightArrow.png'
14.3616 	EXP 	prac_fixImg: image = 'img/fixationCross.png'
14.3616 	EXP 	prac_centerImg: autoDraw = True
14.3616 	EXP 	prac_rightImg1: autoDraw = True
14.3616 	EXP 	prac_rightImg2: autoDraw = True
14.3616 	EXP 	prac_leftImg1: autoDraw = True
14.3616 	EXP 	prac_leftImg2: autoDraw = True
14.3616 	EXP 	prac_fixImg: autoDraw = True
14.5636 	EXP 	prac_centerImg: autoDraw = False
14.5636 	EXP 	prac_rightImg1: autoDraw = False
14.5636 	EXP 	prac_rightImg2: autoDraw = False
14.5636 	EXP 	prac_leftImg1: autoDraw = False
14.5636 	EXP 	prac_leftImg2: autoDraw = False
14.8538 	DATA 	Keypress: 8
16.0566 	EXP 	New trial (rep=0, index=1): {'middleStim': 'img/leftArrow.png', 'rightStim1': 'img/leftArrow.png', 'rightStim2': 'img/leftArrow.png', 'leftStim1': 'img/leftArrow.png', 'leftStim2': 'img/leftArrow.png', 'stimNum': 2, 'congruent': 1, 'target': 'left'}
16.1054 	EXP 	prac_fixImg: autoDraw = False
16.1054 	EXP 	prac_centerImg: autoDraw = False
16.1054 	EXP 	prac_rightImg1: autoDraw = False
16.1054 	EXP 	prac_rightImg2: autoDraw = False
16.1054 	EXP 	prac_leftImg1: autoDraw = False
16.1054 	EXP 	prac_leftImg2: autoDraw = False
16.1054 	EXP 	prac_fixImg: autoDraw = False
16.1054 	EXP 	prac_centerImg: image = 'img/leftArrow.png'
16.1054 	EXP 	prac_rightImg1: image = 'img/leftArrow.png'
16.1054 	EXP 	prac_rightImg2: image = 'img/leftArrow.png'
16.1054 	EXP 	prac_leftImg1: image = 'img/leftArrow.png'
16.1054 	EXP 	prac_leftImg2: image = 'img/leftArrow.png'
16.1054 	EXP 	prac_fixImg: image = 'img/fixationCross.png'
16.1054 	EXP 	prac_centerImg: autoDraw = True
16.1054 	EXP 	prac_rightImg1: autoDraw = True
16.1054 	EXP 	prac_rightImg2: autoDraw = True
16.1054 	EXP 	prac_leftImg1: autoDraw = True
16.1054 	EXP 	prac_leftImg2: autoDraw = True
16.1054 	EXP 	prac_fixImg: autoDraw = True
16.3091 	EXP 	prac_centerImg: autoDraw = False
16.3091 	EXP 	prac_rightImg1: autoDraw = False
16.3091 	EXP 	prac_rightImg2: autoDraw = False
16.3091 	EXP 	prac_leftImg1: autoDraw = False
16.3091 	EXP 	prac_leftImg2: autoDraw = False
16.5286 	DATA 	Keypress: 1
17.8555 	EXP 	New trial (rep=0, index=2): {'middleStim': 'img/rightArrow.png', 'rightStim1': 'img/leftArrow.png', 'rightStim2': 'img/leftArrow.png', 'leftStim1': 'img/leftArrow.png', 'leftStim2': 'img/leftArrow.png', 'stimNum': 3, 'congruent': 0, 'target': 'right'}
17.9018 	EXP 	prac_fixImg: autoDraw = False
17.9018 	EXP 	prac_centerImg: autoDraw = False
17.9018 	EXP 	prac_rightImg1: autoDraw = False
17.9018 	EXP 	prac_rightImg2: autoDraw = False
17.9018 	EXP 	prac_leftImg1: autoDraw = False
17.9018 	EXP 	prac_leftImg2: autoDraw = False
17.9018 	EXP 	prac_fixImg: autoDraw = False
17.9018 	EXP 	prac_centerImg: image = 'img/rightArrow.png'
17.9018 	EXP 	prac_rightImg1: image = 'img/leftArrow.png'
17.9018 	EXP 	prac_rightImg2: image = 'img/leftArrow.png'
17.9018 	EXP 	prac_leftImg1: image = 'img/leftArrow.png'
17.9018 	EXP 	prac_leftImg2: image = 'img/leftArrow.png'
17.9018 	EXP 	prac_fixImg: image = 'img/fixationCross.png'
17.9018 	EXP 	prac_centerImg: autoDraw = True
17.9018 	EXP 	prac_rightImg1: autoDraw = True
17.9018 	EXP 	prac_rightImg2: autoDraw = True
17.9018 	EXP 	prac_leftImg1: autoDraw = True
17.9018 	EXP 	prac_leftImg2: autoDraw = True
17.9018 	EXP 	prac_fixImg: autoDraw = True
18.1024 	EXP 	prac_centerImg: autoDraw = False
18.1024 	EXP 	prac_rightImg1: autoDraw = False
18.1024 	EXP 	prac_rightImg2: autoDraw = False
18.1024 	EXP 	prac_leftImg1: autoDraw = False
18.1024 	EXP 	prac_leftImg2: autoDraw = False
18.4279 	DATA 	Keypress: 8
19.4513 	EXP 	New trial (rep=0, index=3): {'middleStim': 'img/leftArrow.png', 'rightStim1': 'img/rightArrow.png', 'rightStim2': 'img/rightArrow.png', 'leftStim1': 'img/rightArrow.png', 'leftStim2': 'img/rightArrow.png', 'stimNum': 4, 'congruent': 0, 'target': 'left'}
19.4978 	EXP 	prac_fixImg: autoDraw = False
19.4978 	EXP 	prac_centerImg: autoDraw = False
19.4978 	EXP 	prac_rightImg1: autoDraw = False
19.4978 	EXP 	prac_rightImg2: autoDraw = False
19.4978 	EXP 	prac_leftImg1: autoDraw = False
19.4978 	EXP 	prac_leftImg2: autoDraw = False
19.4978 	EXP 	prac_fixImg: autoDraw = False
19.4978 	EXP 	prac_centerImg: image = 'img/leftArrow.png'
19.4978 	EXP 	prac_rightImg1: image = 'img/rightArrow.png'
19.4978 	EXP 	prac_rightImg2: image = 'img/rightArrow.png'
19.4978 	EXP 	prac_leftImg1: image = 'img/rightArrow.png'
19.4978 	EXP 	prac_leftImg2: image = 'img/rightArrow.png'
19.4978 	EXP 	prac_fixImg: image = 'img/fixationCross.png'
19.4978 	EXP 	prac_centerImg: autoDraw = True
19.4978 	EXP 	prac_rightImg1: autoDraw = True
19.4978 	EXP 	prac_rightImg2: autoDraw = True
19.4978 	EXP 	prac_leftImg1: autoDraw = True
19.4978 	EXP 	prac_leftImg2: autoDraw = True
19.4978 	EXP 	prac_fixImg: autoDraw = True
19.6974 	EXP 	prac_centerImg: autoDraw = False
19.6974 	EXP 	prac_rightImg1: autoDraw = False
19.6974 	EXP 	prac_rightImg2: autoDraw = False
19.6974 	EXP 	prac_leftImg1: autoDraw = False
19.6974 	EXP 	prac_leftImg2: autoDraw = False
19.9995 	DATA 	Keypress: 1
21.4638 	EXP 	prac_fixImg: autoDraw = False
21.4638 	EXP 	prac_centerImg: autoDraw = False
21.4638 	EXP 	prac_rightImg1: autoDraw = False
21.4638 	EXP 	prac_rightImg2: autoDraw = False
21.4638 	EXP 	prac_leftImg1: autoDraw = False
21.4638 	EXP 	prac_leftImg2: autoDraw = False
21.4638 	EXP 	prac_fixImg: autoDraw = False
21.4638 	EXP 	prac_blockFeed_text: text = 'You have completed the practice'
21.4638 	EXP 	prac_blockFeed_text: autoDraw = True
21.4638 	EXP 	prac_pressContinue: autoDraw = True
32.1435 	DATA 	Keypress: 8
32.1576 	EXP 	prac_blockFeed_text: autoDraw = False
32.1576 	EXP 	prac_pressContinue: autoDraw = False
32.1576 	EXP 	instructMainTask_text: autoDraw = True
51.1442 	DATA 	Keypress: c
51.1533 	DEBUG 	Read excel file with openpyxl: condition_A.xlsx
51.1536 	EXP 	Imported condition_A.xlsx as conditions, 2 conditions, 5 params
51.1538 	EXP 	Created sequence: sequential, trialTypes=2, nReps=1, seed=None
51.1540 	EXP 	New trial (rep=0, index=0): {'middleStim': 'img/leftArrow.png', 'rightStim1': 'img/leftArrow.png', 'rightStim2': 'img/leftArrow.png', 'whichCondition': 'nonsocial_task_trials.xlsx', 'conditionText': 'Alone'}
51.1632 	EXP 	instructMainTask_text: autoDraw = False
51.1632 	EXP 	condition_whichCondition_text: text = 'Alone'
51.1632 	EXP 	condition_whichCondition_text: autoDraw = True
51.1632 	EXP 	condition_reminder_text: autoDraw = True
53.5038 	DATA 	Keypress: 8
53.8968 	DATA 	Keypress: 1
54.6314 	DATA 	Keypress: 8
55.1683 	DATA 	Keypress: 8
55.4399 	DATA 	Keypress: 8
55.7912 	EXP 	Created sequence: random, trialTypes=1, nReps=2, seed=None
55.7913 	EXP 	New trial (rep=0, index=0): None
57.6223 	EXP 	window1: mouseVisible = True
57.6245 	DEBUG 	Saving data for flanker-basic_v5 ExperimentHandler
57.6258 	INFO 	saved data to C:\Users\NDClab\Desktop\Experiments\social-flanker-eeg\flanker-basic-v5\data/1_A_1_1_flanker-basic_v5_2022_Apr_13_1135.psydat
57.6267 	INFO 	saved data to 'C:\\Users\\NDClab\\Desktop\\Experiments\\social-flanker-eeg\\flanker-basic-v5\\data/1_A_1_1_flanker-basic_v5_2022_Apr_13_1135.csv'
