17.6931 	INFO 	Loaded monitor calibration from ['2021_09_14 11:10']
17.6968 	WARNING 	User requested fullscreen with size [1536  864], but screen is actually [1920, 1080]. Using actual size
21.0249 	EXP 	Created window1 = Window(allowGUI=False, allowStencil=False, autoLog=True, backendConf=UNKNOWN, bitsMode=UNKNOWN, blendMode='avg', bpc=(8, 8, 8), color=array([-1, -1, -1]), colorSpace='rgb', depthBits=8, fullscr=<method-wrapper '__getattribute__' of attributeSetter object at 0x00000290472EC390>, gamma=None, gammaErrorPolicy='raise', lms=UNKNOWN, monitor=<psychopy.monitors.calibTools.Monitor object at 0x000002904733B358>, multiSample=False, name='window1', numSamples=2, pos=[0.0, 0.0], screen=0, size=array([1920, 1080]), stencilBits=0, stereo=False, units='height', useFBO=True, useRetina=False, viewOri=0.0, viewPos=None, viewScale=None, waitBlanking=True, winType='pyglet')
21.0254 	EXP 	window1: mouseVisible = True
21.0255 	EXP 	window1: recordFrameIntervals = False
21.0653 	EXP 	window1: recordFrameIntervals = True
21.1114 	DEBUG 	Screen (0) actual frame rate measured at 240.54
21.1114 	EXP 	window1: recordFrameIntervals = False
21.3393 	INFO 	keyboard.Keyboard is using ptb backend.
21.3395 	EXP 	window1: mouseVisible = False
21.5552 	EXP 	Created welcome_text = TextStim(__class__=<class 'psychopy.visual.text.TextStim'>, alignHoriz=method-wrapper(...), alignText='center', alignVert=method-wrapper(...), anchorHoriz='center', anchorVert='center', antialias=True, autoLog=True, bold=False, color=array([1., 1., 1.]), colorSpace='rgb', contrast=1.0, depth=0.0, flipHoriz=False, flipVert=False, font='Arial', fontFiles=[], height=0.04, italic=False, languageStyle='LTR', name='welcome_text', opacity=1, ori=0, pos=array([0., 0.]), rgb=UNKNOWN, text=str(...), units='height', win=Window(...), wrapWidth=1.3)
21.5552 	INFO 	keyboard.Keyboard is using ptb backend.
21.5626 	EXP 	Created instructRight_text = TextStim(__class__=<class 'psychopy.visual.text.TextStim'>, alignHoriz=method-wrapper(...), alignText='center', alignVert=method-wrapper(...), anchorHoriz='center', anchorVert='center', antialias=True, autoLog=True, bold=False, color=array([1., 1., 1.]), colorSpace='rgb', contrast=1.0, depth=0.0, flipHoriz=False, flipVert=False, font='Arial', fontFiles=[], height=0.04, italic=False, languageStyle='LTR', name='instructRight_text', opacity=1, ori=0, pos=array([0., 0.]), rgb=UNKNOWN, text=str(...), units='height', win=Window(...), wrapWidth=1.3)
21.5992 	EXP 	Created instructRight_centerImg = ImageStim(__class__=<class 'psychopy.visual.image.ImageStim'>, autoLog=True, color=array([1., 1., 1.]), colorSpace='rgb', contrast=1.0, depth=-1.0, flipHoriz=False, flipVert=False, image='img/rightArrow.png', interpolate=True, mask=None, maskParams=None, name='instructRight_centerImg', opacity=1, ori=0.0, pos=array([ 0. , -0.3]), size=array([0.04, 0.04]), texRes=512, units='height', win=Window(...))
21.6318 	EXP 	Created instructRight_rightImg1 = ImageStim(__class__=<class 'psychopy.visual.image.ImageStim'>, autoLog=True, color=array([1., 1., 1.]), colorSpace='rgb', contrast=1.0, depth=-2.0, flipHoriz=False, flipVert=False, image='img/rightArrow.png', interpolate=True, mask=None, maskParams=None, name='instructRight_rightImg1', opacity=1, ori=0.0, pos=array([ 0.05, -0.3 ]), size=array([0.04, 0.04]), texRes=512, units='height', win=Window(...))
21.6684 	EXP 	Created instructRight_rightImg2 = ImageStim(__class__=<class 'psychopy.visual.image.ImageStim'>, autoLog=True, color=array([1., 1., 1.]), colorSpace='rgb', contrast=1.0, depth=-3.0, flipHoriz=False, flipVert=False, image='img/rightArrow.png', interpolate=True, mask=None, maskParams=None, name='instructRight_rightImg2', opacity=1, ori=0.0, pos=array([ 0.1, -0.3]), size=array([0.04, 0.04]), texRes=512, units='height', win=Window(...))
21.7053 	EXP 	Created instructRight_leftImg1 = ImageStim(__class__=<class 'psychopy.visual.image.ImageStim'>, autoLog=True, color=array([1., 1., 1.]), colorSpace='rgb', contrast=1.0, depth=-4.0, flipHoriz=False, flipVert=False, image='img/rightArrow.png', interpolate=True, mask=None, maskParams=None, name='instructRight_leftImg1', opacity=1, ori=0.0, pos=array([-0.05, -0.3 ]), size=array([0.04, 0.04]), texRes=512, units='height', win=Window(...))
21.7420 	EXP 	Created instructRight_leftImg2 = ImageStim(__class__=<class 'psychopy.visual.image.ImageStim'>, autoLog=True, color=array([1., 1., 1.]), colorSpace='rgb', contrast=1.0, depth=-5.0, flipHoriz=False, flipVert=False, image='img/rightArrow.png', interpolate=True, mask=None, maskParams=None, name='instructRight_leftImg2', opacity=1, ori=0.0, pos=array([-0.1, -0.3]), size=array([0.04, 0.04]), texRes=512, units='height', win=Window(...))
21.7420 	INFO 	keyboard.Keyboard is using ptb backend.
21.7485 	EXP 	Created instructLeft_text = TextStim(__class__=<class 'psychopy.visual.text.TextStim'>, alignHoriz=method-wrapper(...), alignText='center', alignVert=method-wrapper(...), anchorHoriz='center', anchorVert='center', antialias=True, autoLog=True, bold=False, color=array([1., 1., 1.]), colorSpace='rgb', contrast=1.0, depth=0.0, flipHoriz=False, flipVert=False, font='Arial', fontFiles=[], height=0.04, italic=False, languageStyle='LTR', name='instructLeft_text', opacity=1, ori=0, pos=array([0., 0.]), rgb=UNKNOWN, text=str(...), units='height', win=Window(...), wrapWidth=1.3)
21.7854 	EXP 	Created instructLeft_centerImg = ImageStim(__class__=<class 'psychopy.visual.image.ImageStim'>, autoLog=True, color=array([1., 1., 1.]), colorSpace='rgb', contrast=1.0, depth=-1.0, flipHoriz=False, flipVert=False, image='img/leftArrow.png', interpolate=True, mask=None, maskParams=None, name='instructLeft_centerImg', opacity=1, ori=0.0, pos=array([ 0. , -0.3]), size=array([0.04, 0.04]), texRes=512, units='height', win=Window(...))
21.8223 	EXP 	Created instructLeft_rightImg1 = ImageStim(__class__=<class 'psychopy.visual.image.ImageStim'>, autoLog=True, color=array([1., 1., 1.]), colorSpace='rgb', contrast=1.0, depth=-2.0, flipHoriz=False, flipVert=False, image='img/leftArrow.png', interpolate=True, mask=None, maskParams=None, name='instructLeft_rightImg1', opacity=1, ori=0.0, pos=array([ 0.05, -0.3 ]), size=array([0.04, 0.04]), texRes=512, units='height', win=Window(...))
21.8590 	EXP 	Created instructLeft_rightImg2 = ImageStim(__class__=<class 'psychopy.visual.image.ImageStim'>, autoLog=True, color=array([1., 1., 1.]), colorSpace='rgb', contrast=1.0, depth=-3.0, flipHoriz=False, flipVert=False, image='img/leftArrow.png', interpolate=True, mask=None, maskParams=None, name='instructLeft_rightImg2', opacity=1, ori=0.0, pos=array([ 0.1, -0.3]), size=array([0.04, 0.04]), texRes=512, units='height', win=Window(...))
21.8958 	EXP 	Created instructLeft_leftImg1 = ImageStim(__class__=<class 'psychopy.visual.image.ImageStim'>, autoLog=True, color=array([1., 1., 1.]), colorSpace='rgb', contrast=1.0, depth=-4.0, flipHoriz=False, flipVert=False, image='img/leftArrow.png', interpolate=True, mask=None, maskParams=None, name='instructLeft_leftImg1', opacity=1, ori=0.0, pos=array([-0.05, -0.3 ]), size=array([0.04, 0.04]), texRes=512, units='height', win=Window(...))
21.9326 	EXP 	Created instructLeft_leftImg2 = ImageStim(__class__=<class 'psychopy.visual.image.ImageStim'>, autoLog=True, color=array([1., 1., 1.]), colorSpace='rgb', contrast=1.0, depth=-5.0, flipHoriz=False, flipVert=False, image='img/leftArrow.png', interpolate=True, mask=None, maskParams=None, name='instructLeft_leftImg2', opacity=1, ori=0.0, pos=array([-0.1, -0.3]), size=array([0.04, 0.04]), texRes=512, units='height', win=Window(...))
21.9326 	INFO 	keyboard.Keyboard is using ptb backend.
21.9500 	EXP 	Created instructInconRight_text = TextStim(__class__=<class 'psychopy.visual.text.TextStim'>, alignHoriz=method-wrapper(...), alignText='center', alignVert=method-wrapper(...), anchorHoriz='center', anchorVert='center', antialias=True, autoLog=True, bold=False, color=array([1., 1., 1.]), colorSpace='rgb', contrast=1.0, depth=0.0, flipHoriz=False, flipVert=False, font='Arial', fontFiles=[], height=0.04, italic=False, languageStyle='LTR', name='instructInconRight_text', opacity=1, ori=0, pos=array([0., 0.]), rgb=UNKNOWN, text=str(...), units='height', win=Window(...), wrapWidth=1.3)
21.9746 	EXP 	Created instructIncon_centerImg = ImageStim(__class__=<class 'psychopy.visual.image.ImageStim'>, autoLog=True, color=array([1., 1., 1.]), colorSpace='rgb', contrast=1.0, depth=-1.0, flipHoriz=False, flipVert=False, image='img/rightArrow.png', interpolate=True, mask=None, maskParams=None, name='instructIncon_centerImg', opacity=1, ori=0.0, pos=array([ 0. , -0.3]), size=array([0.04, 0.04]), texRes=512, units='height', win=Window(...))
21.9990 	EXP 	Created instructIncon_rightImg1 = ImageStim(__class__=<class 'psychopy.visual.image.ImageStim'>, autoLog=True, color=array([1., 1., 1.]), colorSpace='rgb', contrast=1.0, depth=-2.0, flipHoriz=False, flipVert=False, image='img/leftArrow.png', interpolate=True, mask=None, maskParams=None, name='instructIncon_rightImg1', opacity=1, ori=0.0, pos=array([ 0.05, -0.3 ]), size=array([0.04, 0.04]), texRes=512, units='height', win=Window(...))
22.0231 	EXP 	Created instructIncon_rightImg2 = ImageStim(__class__=<class 'psychopy.visual.image.ImageStim'>, autoLog=True, color=array([1., 1., 1.]), colorSpace='rgb', contrast=1.0, depth=-3.0, flipHoriz=False, flipVert=False, image='img/leftArrow.png', interpolate=True, mask=None, maskParams=None, name='instructIncon_rightImg2', opacity=1, ori=0.0, pos=array([ 0.1, -0.3]), size=array([0.04, 0.04]), texRes=512, units='height', win=Window(...))
22.0471 	EXP 	Created instructIncon_leftImg1 = ImageStim(__class__=<class 'psychopy.visual.image.ImageStim'>, autoLog=True, color=array([1., 1., 1.]), colorSpace='rgb', contrast=1.0, depth=-4.0, flipHoriz=False, flipVert=False, image='img/leftArrow.png', interpolate=True, mask=None, maskParams=None, name='instructIncon_leftImg1', opacity=1, ori=0.0, pos=array([-0.05, -0.3 ]), size=array([0.04, 0.04]), texRes=512, units='height', win=Window(...))
22.0702 	EXP 	Created instructInconRight_leftImg2 = ImageStim(__class__=<class 'psychopy.visual.image.ImageStim'>, autoLog=True, color=array([1., 1., 1.]), colorSpace='rgb', contrast=1.0, depth=-5.0, flipHoriz=False, flipVert=False, image='img/leftArrow.png', interpolate=True, mask=None, maskParams=None, name='instructInconRight_leftImg2', opacity=1, ori=0.0, pos=array([-0.1, -0.3]), size=array([0.04, 0.04]), texRes=512, units='height', win=Window(...))
22.0703 	INFO 	keyboard.Keyboard is using ptb backend.
22.0772 	EXP 	Created instructInconLeft_text = TextStim(__class__=<class 'psychopy.visual.text.TextStim'>, alignHoriz=method-wrapper(...), alignText='center', alignVert=method-wrapper(...), anchorHoriz='center', anchorVert='center', antialias=True, autoLog=True, bold=False, color=array([1., 1., 1.]), colorSpace='rgb', contrast=1.0, depth=0.0, flipHoriz=False, flipVert=False, font='Arial', fontFiles=[], height=0.04, italic=False, languageStyle='LTR', name='instructInconLeft_text', opacity=1, ori=0, pos=array([0., 0.]), rgb=UNKNOWN, text=str(...), units='height', win=Window(...), wrapWidth=1.3)
22.1008 	EXP 	Created instructInconLeft_centerImg = ImageStim(__class__=<class 'psychopy.visual.image.ImageStim'>, autoLog=True, color=array([1., 1., 1.]), colorSpace='rgb', contrast=1.0, depth=-1.0, flipHoriz=False, flipVert=False, image='img/leftArrow.png', interpolate=True, mask=None, maskParams=None, name='instructInconLeft_centerImg', opacity=1, ori=0.0, pos=array([ 0. , -0.3]), size=array([0.04, 0.04]), texRes=512, units='height', win=Window(...))
22.1239 	EXP 	Created instructInconLeft_rightImg1 = ImageStim(__class__=<class 'psychopy.visual.image.ImageStim'>, autoLog=True, color=array([1., 1., 1.]), colorSpace='rgb', contrast=1.0, depth=-2.0, flipHoriz=False, flipVert=False, image='img/rightArrow.png', interpolate=True, mask=None, maskParams=None, name='instructInconLeft_rightImg1', opacity=1, ori=0.0, pos=array([ 0.05, -0.3 ]), size=array([0.04, 0.04]), texRes=512, units='height', win=Window(...))
22.1520 	EXP 	Created instructInconLeft_rightImg2 = ImageStim(__class__=<class 'psychopy.visual.image.ImageStim'>, autoLog=True, color=array([1., 1., 1.]), colorSpace='rgb', contrast=1.0, depth=-3.0, flipHoriz=False, flipVert=False, image='img/rightArrow.png', interpolate=True, mask=None, maskParams=None, name='instructInconLeft_rightImg2', opacity=1, ori=0.0, pos=array([ 0.1, -0.3]), size=array([0.04, 0.04]), texRes=512, units='height', win=Window(...))
22.1802 	EXP 	Created instructInconLeft_leftImg1 = ImageStim(__class__=<class 'psychopy.visual.image.ImageStim'>, autoLog=True, color=array([1., 1., 1.]), colorSpace='rgb', contrast=1.0, depth=-4.0, flipHoriz=False, flipVert=False, image='img/rightArrow.png', interpolate=True, mask=None, maskParams=None, name='instructInconLeft_leftImg1', opacity=1, ori=0.0, pos=array([-0.05, -0.3 ]), size=array([0.04, 0.04]), texRes=512, units='height', win=Window(...))
22.2067 	EXP 	Created instructInconLeft_leftImg2 = ImageStim(__class__=<class 'psychopy.visual.image.ImageStim'>, autoLog=True, color=array([1., 1., 1.]), colorSpace='rgb', contrast=1.0, depth=-5.0, flipHoriz=False, flipVert=False, image='img/rightArrow.png', interpolate=True, mask=None, maskParams=None, name='instructInconLeft_leftImg2', opacity=1, ori=0.0, pos=array([-0.1, -0.3]), size=array([0.04, 0.04]), texRes=512, units='height', win=Window(...))
22.2068 	INFO 	keyboard.Keyboard is using ptb backend.
22.2160 	EXP 	Created prac_blockText = TextStim(__class__=<class 'psychopy.visual.text.TextStim'>, alignHoriz=method-wrapper(...), alignText='center', alignVert=method-wrapper(...), anchorHoriz='center', anchorVert='center', antialias=True, autoLog=True, bold=False, color=array([1., 1., 1.]), colorSpace='rgb', contrast=1.0, depth=-1.0, flipHoriz=False, flipVert=False, font='Arial', fontFiles=[], height=0.06, italic=False, languageStyle='LTR', name='prac_blockText', opacity=1, ori=0.0, pos=array([0. , 0.3]), rgb=UNKNOWN, text='Practice', units='height', win=Window(...), wrapWidth=1.3)
22.2312 	EXP 	Created prac_reminder_text = TextStim(__class__=<class 'psychopy.visual.text.TextStim'>, alignHoriz=method-wrapper(...), alignText='center', alignVert=method-wrapper(...), anchorHoriz='center', anchorVert='center', antialias=True, autoLog=True, bold=False, color=array([1., 1., 1.]), colorSpace='rgb', contrast=1.0, depth=-2.0, flipHoriz=False, flipVert=False, font='Arial', fontFiles=[], height=0.04, italic=False, languageStyle='LTR', name='prac_reminder_text', opacity=1, ori=0, pos=array([0., 0.]), rgb=UNKNOWN, text=str(...), units='height', win=Window(...), wrapWidth=1.3)
22.2312 	INFO 	keyboard.Keyboard is using ptb backend.
22.2342 	EXP 	Created initFixation_img = ImageStim(__class__=<class 'psychopy.visual.image.ImageStim'>, autoLog=True, color=array([1., 1., 1.]), colorSpace='rgb', contrast=1.0, depth=0.0, flipHoriz=False, flipVert=False, image='sin', interpolate=True, mask=None, maskParams=None, name='initFixation_img', opacity=1, ori=0.0, pos=array([ 0.  , -0.05]), size=array([0.015, 0.015]), texRes=512, units='height', win=Window(...))
22.2371 	EXP 	Created prac_centerImg = ImageStim(__class__=<class 'psychopy.visual.image.ImageStim'>, autoLog=True, color=array([1., 1., 1.]), colorSpace='rgb', contrast=1.0, depth=-1.0, flipHoriz=False, flipVert=False, image='sin', interpolate=True, mask=None, maskParams=None, name='prac_centerImg', opacity=1, ori=0.0, pos=array([0., 0.]), size=array([0.04, 0.04]), texRes=512, units='height', win=Window(...))
22.2400 	EXP 	Created prac_rightImg1 = ImageStim(__class__=<class 'psychopy.visual.image.ImageStim'>, autoLog=True, color=array([1., 1., 1.]), colorSpace='rgb', contrast=1.0, depth=-2.0, flipHoriz=False, flipVert=False, image='sin', interpolate=True, mask=None, maskParams=None, name='prac_rightImg1', opacity=1, ori=0.0, pos=array([0.05, 0.  ]), size=array([0.04, 0.04]), texRes=512, units='height', win=Window(...))
22.2428 	EXP 	Created prac_rightImg2 = ImageStim(__class__=<class 'psychopy.visual.image.ImageStim'>, autoLog=True, color=array([1., 1., 1.]), colorSpace='rgb', contrast=1.0, depth=-3.0, flipHoriz=False, flipVert=False, image='sin', interpolate=True, mask=None, maskParams=None, name='prac_rightImg2', opacity=1, ori=0.0, pos=array([0.1, 0. ]), size=array([0.04, 0.04]), texRes=512, units='height', win=Window(...))
22.2457 	EXP 	Created prac_leftImg1 = ImageStim(__class__=<class 'psychopy.visual.image.ImageStim'>, autoLog=True, color=array([1., 1., 1.]), colorSpace='rgb', contrast=1.0, depth=-4.0, flipHoriz=False, flipVert=False, image='sin', interpolate=True, mask=None, maskParams=None, name='prac_leftImg1', opacity=1, ori=0.0, pos=array([-0.05,  0.  ]), size=array([0.04, 0.04]), texRes=512, units='height', win=Window(...))
22.2485 	EXP 	Created prac_leftImg2 = ImageStim(__class__=<class 'psychopy.visual.image.ImageStim'>, autoLog=True, color=array([1., 1., 1.]), colorSpace='rgb', contrast=1.0, depth=-5.0, flipHoriz=False, flipVert=False, image='sin', interpolate=True, mask=None, maskParams=None, name='prac_leftImg2', opacity=1, ori=0.0, pos=array([-0.1,  0. ]), size=array([0.04, 0.04]), texRes=512, units='height', win=Window(...))
22.2514 	EXP 	Created prac_fixImg = ImageStim(__class__=<class 'psychopy.visual.image.ImageStim'>, autoLog=True, color=array([1., 1., 1.]), colorSpace='rgb', contrast=1.0, depth=-6.0, flipHoriz=False, flipVert=False, image='sin', interpolate=True, mask=None, maskParams=None, name='prac_fixImg', opacity=1, ori=0.0, pos=array([ 0.  , -0.05]), size=array([0.015, 0.015]), texRes=512, units='height', win=Window(...))
22.2514 	INFO 	keyboard.Keyboard is using ptb backend.
22.2525 	EXP 	Created prac_blockFeed_text = TextStim(__class__=<class 'psychopy.visual.text.TextStim'>, alignHoriz=method-wrapper(...), alignText='center', alignVert=method-wrapper(...), anchorHoriz='center', anchorVert='center', antialias=True, autoLog=True, bold=False, color=array([1., 1., 1.]), colorSpace='rgb', contrast=1.0, depth=-1.0, flipHoriz=False, flipVert=False, font='Arial', fontFiles=[], height=0.04, italic=False, languageStyle='LTR', name='prac_blockFeed_text', opacity=1, ori=0, pos=array([0., 0.]), rgb=UNKNOWN, text='', units='height', win=Window(...), wrapWidth=1.3)
22.2565 	EXP 	Created prac_pressContinue = TextStim(__class__=<class 'psychopy.visual.text.TextStim'>, alignHoriz=method-wrapper(...), alignText='center', alignVert=method-wrapper(...), anchorHoriz='center', anchorVert='center', antialias=True, autoLog=True, bold=False, color=array([1., 1., 1.]), colorSpace='rgb', contrast=1.0, depth=-2.0, flipHoriz=False, flipVert=False, font='Arial', fontFiles=[], height=0.04, italic=False, languageStyle='LTR', name='prac_pressContinue', opacity=1, ori=0.0, pos=array([ 0. , -0.3]), rgb=UNKNOWN, text='Press the right key to continue', units='height', win=Window(...), wrapWidth=1.3)
22.2565 	INFO 	keyboard.Keyboard is using ptb backend.
22.2615 	EXP 	Created instructMainTask_text = TextStim(__class__=<class 'psychopy.visual.text.TextStim'>, alignHoriz=method-wrapper(...), alignText='center', alignVert=method-wrapper(...), anchorHoriz='center', anchorVert='center', antialias=True, autoLog=True, bold=False, color=array([1., 1., 1.]), colorSpace='rgb', contrast=1.0, depth=0.0, flipHoriz=False, flipVert=False, font='Arial', fontFiles=[], height=0.04, italic=False, languageStyle='LTR', name='instructMainTask_text', opacity=1, ori=0, pos=array([0., 0.]), rgb=UNKNOWN, text=str(...), units='height', win=Window(...), wrapWidth=1.3)
22.2615 	INFO 	keyboard.Keyboard is using ptb backend.
22.2625 	EXP 	Created condition_whichCondition_text = TextStim(__class__=<class 'psychopy.visual.text.TextStim'>, alignHoriz=method-wrapper(...), alignText='center', alignVert=method-wrapper(...), anchorHoriz='center', anchorVert='center', antialias=True, autoLog=True, bold=False, color=array([1., 1., 1.]), colorSpace='rgb', contrast=1.0, depth=-1.0, flipHoriz=False, flipVert=False, font='Arial', fontFiles=[], height=0.06, italic=False, languageStyle='LTR', name='condition_whichCondition_text', opacity=1, ori=0.0, pos=array([0. , 0.3]), rgb=UNKNOWN, text='', units='height', win=Window(...), wrapWidth=1.3)
22.2734 	EXP 	Created condition_reminder_text = TextStim(__class__=<class 'psychopy.visual.text.TextStim'>, alignHoriz=method-wrapper(...), alignText='center', alignVert=method-wrapper(...), anchorHoriz='center', anchorVert='center', antialias=True, autoLog=True, bold=False, color=array([1., 1., 1.]), colorSpace='rgb', contrast=1.0, depth=-2.0, flipHoriz=False, flipVert=False, font='Arial', fontFiles=[], height=0.04, italic=False, languageStyle='LTR', name='condition_reminder_text', opacity=1, ori=0.0, pos=array([0., 0.]), rgb=UNKNOWN, text=str(...), units='height', win=Window(...), wrapWidth=1)
22.2734 	INFO 	keyboard.Keyboard is using ptb backend.
22.2745 	EXP 	Created task_blockText = TextStim(__class__=<class 'psychopy.visual.text.TextStim'>, alignHoriz=method-wrapper(...), alignText='center', alignVert=method-wrapper(...), anchorHoriz='center', anchorVert='center', antialias=True, autoLog=True, bold=False, color=array([1., 1., 1.]), colorSpace='rgb', contrast=1.0, depth=-1.0, flipHoriz=False, flipVert=False, font='Arial', fontFiles=[], height=0.06, italic=False, languageStyle='LTR', name='task_blockText', opacity=1, ori=0.0, pos=array([0. , 0.3]), rgb=UNKNOWN, text='', units='height', win=Window(...), wrapWidth=1.3)
22.2802 	EXP 	Created task_blockReminders_text = TextStim(__class__=<class 'psychopy.visual.text.TextStim'>, alignHoriz=method-wrapper(...), alignText='center', alignVert=method-wrapper(...), anchorHoriz='center', anchorVert='center', antialias=True, autoLog=True, bold=False, color=array([1., 1., 1.]), colorSpace='rgb', contrast=1.0, depth=-2.0, flipHoriz=False, flipVert=False, font='Arial', fontFiles=[], height=0.04, italic=False, languageStyle='LTR', name='task_blockReminders_text', opacity=1, ori=0, pos=array([0., 0.]), rgb=UNKNOWN, text=str(...), units='height', win=Window(...), wrapWidth=1.3)
22.2802 	INFO 	keyboard.Keyboard is using ptb backend.
22.2833 	EXP 	Created initFixation_img = ImageStim(__class__=<class 'psychopy.visual.image.ImageStim'>, autoLog=True, color=array([1., 1., 1.]), colorSpace='rgb', contrast=1.0, depth=0.0, flipHoriz=False, flipVert=False, image='sin', interpolate=True, mask=None, maskParams=None, name='initFixation_img', opacity=1, ori=0.0, pos=array([ 0.  , -0.05]), size=array([0.015, 0.015]), texRes=512, units='height', win=Window(...))
22.2863 	EXP 	Created task_centerImg = ImageStim(__class__=<class 'psychopy.visual.image.ImageStim'>, autoLog=True, color=array([1., 1., 1.]), colorSpace='rgb', contrast=1.0, depth=-1.0, flipHoriz=False, flipVert=False, image='sin', interpolate=True, mask=None, maskParams=None, name='task_centerImg', opacity=1, ori=0.0, pos=array([0., 0.]), size=array([0.04, 0.04]), texRes=512, units='height', win=Window(...))
22.2894 	EXP 	Created task_rightImg1 = ImageStim(__class__=<class 'psychopy.visual.image.ImageStim'>, autoLog=True, color=array([1., 1., 1.]), colorSpace='rgb', contrast=1.0, depth=-2.0, flipHoriz=False, flipVert=False, image='sin', interpolate=True, mask=None, maskParams=None, name='task_rightImg1', opacity=1, ori=0.0, pos=array([0.05, 0.  ]), size=array([0.04, 0.04]), texRes=512, units='height', win=Window(...))
22.2924 	EXP 	Created task_rightImg2 = ImageStim(__class__=<class 'psychopy.visual.image.ImageStim'>, autoLog=True, color=array([1., 1., 1.]), colorSpace='rgb', contrast=1.0, depth=-3.0, flipHoriz=False, flipVert=False, image='sin', interpolate=True, mask=None, maskParams=None, name='task_rightImg2', opacity=1, ori=0.0, pos=array([0.1, 0. ]), size=array([0.04, 0.04]), texRes=512, units='height', win=Window(...))
22.2954 	EXP 	Created task_leftImg1 = ImageStim(__class__=<class 'psychopy.visual.image.ImageStim'>, autoLog=True, color=array([1., 1., 1.]), colorSpace='rgb', contrast=1.0, depth=-4.0, flipHoriz=False, flipVert=False, image='sin', interpolate=True, mask=None, maskParams=None, name='task_leftImg1', opacity=1, ori=0.0, pos=array([-0.05,  0.  ]), size=array([0.04, 0.04]), texRes=512, units='height', win=Window(...))
22.2984 	EXP 	Created task_leftImg2 = ImageStim(__class__=<class 'psychopy.visual.image.ImageStim'>, autoLog=True, color=array([1., 1., 1.]), colorSpace='rgb', contrast=1.0, depth=-5.0, flipHoriz=False, flipVert=False, image='sin', interpolate=True, mask=None, maskParams=None, name='task_leftImg2', opacity=1, ori=0.0, pos=array([-0.1,  0. ]), size=array([0.04, 0.04]), texRes=512, units='height', win=Window(...))
22.3014 	EXP 	Created task_fixImg = ImageStim(__class__=<class 'psychopy.visual.image.ImageStim'>, autoLog=True, color=array([1., 1., 1.]), colorSpace='rgb', contrast=1.0, depth=-6.0, flipHoriz=False, flipVert=False, image='sin', interpolate=True, mask=None, maskParams=None, name='task_fixImg', opacity=1, ori=0.0, pos=array([ 0.  , -0.05]), size=array([0.015, 0.015]), texRes=512, units='height', win=Window(...))
22.3015 	INFO 	keyboard.Keyboard is using ptb backend.
22.3029 	EXP 	Created task_blockFeed_text = TextStim(__class__=<class 'psychopy.visual.text.TextStim'>, alignHoriz=method-wrapper(...), alignText='center', alignVert=method-wrapper(...), anchorHoriz='center', anchorVert='center', antialias=True, autoLog=True, bold=False, color=array([1., 1., 1.]), colorSpace='rgb', contrast=1.0, depth=-1.0, flipHoriz=False, flipVert=False, font='Arial', fontFiles=[], height=0.12, italic=False, languageStyle='LTR', name='task_blockFeed_text', opacity=1, ori=0, pos=array([0. , 0.1]), rgb=UNKNOWN, text='', units='height', win=Window(...), wrapWidth=1.8)
22.3094 	EXP 	Created task_blackFeed_text3 = TextStim(__class__=<class 'psychopy.visual.text.TextStim'>, alignHoriz=method-wrapper(...), alignText='center', alignVert=method-wrapper(...), anchorHoriz='center', anchorVert='center', antialias=True, autoLog=True, bold=False, color=array([1., 1., 1.]), colorSpace='rgb', contrast=1.0, depth=-2.0, flipHoriz=False, flipVert=False, font='Arial', fontFiles=[], height=0.04, italic=False, languageStyle='LTR', name='task_blackFeed_text3', opacity=1, ori=0.0, pos=array([ 0. , -0.3]), rgb=UNKNOWN, text='Please wait', units='height', win=Window(...), wrapWidth=1)
22.3105 	EXP 	Created task_blockFeed_text2 = TextStim(__class__=<class 'psychopy.visual.text.TextStim'>, alignHoriz=method-wrapper(...), alignText='center', alignVert=method-wrapper(...), anchorHoriz='center', anchorVert='center', antialias=True, autoLog=True, bold=False, color=array([1., 1., 1.]), colorSpace='rgb', contrast=1.0, depth=-3.0, flipHoriz=False, flipVert=False, font='Arial', fontFiles=[], height=0.04, italic=False, languageStyle='LTR', name='task_blockFeed_text2', opacity=1, ori=0, pos=array([ 0. , -0.3]), rgb=UNKNOWN, text='', units='height', win=Window(...), wrapWidth=1.3)
22.3106 	INFO 	keyboard.Keyboard is using ptb backend.
22.3174 	EXP 	Created conditionComplete_text = TextStim(__class__=<class 'psychopy.visual.text.TextStim'>, alignHoriz=method-wrapper(...), alignText='center', alignVert=method-wrapper(...), anchorHoriz='center', anchorVert='center', antialias=True, autoLog=True, bold=False, color=array([1., 1., 1.]), colorSpace='rgb', contrast=1.0, depth=0.0, flipHoriz=False, flipVert=False, font='Arial', fontFiles=[], height=0.04, italic=False, languageStyle='LTR', name='conditionComplete_text', opacity=1, ori=0.0, pos=array([0., 0.]), rgb=UNKNOWN, text=str(...), units='height', win=Window(...), wrapWidth=1.3)
22.3175 	INFO 	keyboard.Keyboard is using ptb backend.
22.3225 	EXP 	Created finishMessage_text = TextStim(__class__=<class 'psychopy.visual.text.TextStim'>, alignHoriz=method-wrapper(...), alignText='center', alignVert=method-wrapper(...), anchorHoriz='center', anchorVert='center', antialias=True, autoLog=True, bold=False, color=array([1., 1., 1.]), colorSpace='rgb', contrast=1.0, depth=0.0, flipHoriz=False, flipVert=False, font='Arial', fontFiles=[], height=0.04, italic=False, languageStyle='LTR', name='finishMessage_text', opacity=1, ori=0, pos=array([0., 0.]), rgb=UNKNOWN, text='Thank you for your participation!', units='height', win=Window(...), wrapWidth=1.3)
22.3539 	EXP 	welcome_text: autoDraw = True
39.9857 	DATA 	Keypress: 8
40.0169 	EXP 	welcome_text: autoDraw = False
40.0169 	EXP 	instructRight_text: autoDraw = True
40.0169 	EXP 	instructRight_centerImg: autoDraw = True
40.0169 	EXP 	instructRight_rightImg1: autoDraw = True
40.0169 	EXP 	instructRight_rightImg2: autoDraw = True
40.0169 	EXP 	instructRight_leftImg1: autoDraw = True
40.0169 	EXP 	instructRight_leftImg2: autoDraw = True
40.6295 	DATA 	Keypress: 8
40.6417 	EXP 	instructRight_text: autoDraw = False
40.6417 	EXP 	instructRight_centerImg: autoDraw = False
40.6417 	EXP 	instructRight_rightImg1: autoDraw = False
40.6417 	EXP 	instructRight_rightImg2: autoDraw = False
40.6417 	EXP 	instructRight_leftImg1: autoDraw = False
40.6417 	EXP 	instructRight_leftImg2: autoDraw = False
40.6417 	EXP 	instructLeft_text: autoDraw = True
40.6417 	EXP 	instructLeft_centerImg: autoDraw = True
40.6417 	EXP 	instructLeft_rightImg1: autoDraw = True
40.6417 	EXP 	instructLeft_rightImg2: autoDraw = True
40.6417 	EXP 	instructLeft_leftImg1: autoDraw = True
40.6417 	EXP 	instructLeft_leftImg2: autoDraw = True
41.1253 	DATA 	Keypress: 8
41.4714 	DATA 	Keypress: 8
42.2959 	DATA 	Keypress: 1
42.3090 	EXP 	instructLeft_text: autoDraw = False
42.3090 	EXP 	instructLeft_centerImg: autoDraw = False
42.3090 	EXP 	instructLeft_rightImg1: autoDraw = False
42.3090 	EXP 	instructLeft_rightImg2: autoDraw = False
42.3090 	EXP 	instructLeft_leftImg1: autoDraw = False
42.3090 	EXP 	instructLeft_leftImg2: autoDraw = False
42.3090 	EXP 	instructInconRight_text: autoDraw = True
42.3090 	EXP 	instructIncon_centerImg: autoDraw = True
42.3090 	EXP 	instructIncon_rightImg1: autoDraw = True
42.3090 	EXP 	instructIncon_rightImg2: autoDraw = True
42.3090 	EXP 	instructIncon_leftImg1: autoDraw = True
42.3090 	EXP 	instructInconRight_leftImg2: autoDraw = True
42.4721 	DATA 	Keypress: 8
42.4843 	EXP 	instructInconRight_text: autoDraw = False
42.4843 	EXP 	instructIncon_centerImg: autoDraw = False
42.4843 	EXP 	instructIncon_rightImg1: autoDraw = False
42.4843 	EXP 	instructIncon_rightImg2: autoDraw = False
42.4843 	EXP 	instructIncon_leftImg1: autoDraw = False
42.4843 	EXP 	instructInconRight_leftImg2: autoDraw = False
42.4843 	EXP 	instructInconLeft_text: autoDraw = True
42.4843 	EXP 	instructInconLeft_centerImg: autoDraw = True
42.4843 	EXP 	instructInconLeft_rightImg1: autoDraw = True
42.4843 	EXP 	instructInconLeft_rightImg2: autoDraw = True
42.4843 	EXP 	instructInconLeft_leftImg1: autoDraw = True
42.4843 	EXP 	instructInconLeft_leftImg2: autoDraw = True
42.6569 	EXP 	Created sequence: random, trialTypes=1, nReps=99, seed=None
42.6573 	EXP 	New trial (rep=0, index=0): None
42.6611 	DATA 	Keypress: 1
42.6631 	EXP 	instructInconLeft_text: autoDraw = False
42.6631 	EXP 	instructInconLeft_centerImg: autoDraw = False
42.6631 	EXP 	instructInconLeft_rightImg1: autoDraw = False
42.6631 	EXP 	instructInconLeft_rightImg2: autoDraw = False
42.6631 	EXP 	instructInconLeft_leftImg1: autoDraw = False
42.6631 	EXP 	instructInconLeft_leftImg2: autoDraw = False
42.6631 	EXP 	prac_blockText: autoDraw = True
42.6631 	EXP 	prac_reminder_text: autoDraw = True
42.6770 	DATA 	Keypress: 8
42.6979 	EXP 	prac_blockText: autoDraw = False
42.6979 	EXP 	prac_reminder_text: autoDraw = False
42.6979 	EXP 	initFixation_img: image = 'img/fixationCross.png'
42.6979 	EXP 	initFixation_img: autoDraw = True
42.8666 	DATA 	Keypress: 1
42.9210 	DATA 	Keypress: 8
45.6932 	DEBUG 	Read excel file with openpyxl: prac_trials.xlsx
45.6941 	EXP 	Imported prac_trials.xlsx as conditions, 4 conditions, 8 params
45.6944 	EXP 	Created sequence: random, trialTypes=4, nReps=1, seed=None
45.6946 	EXP 	New trial (rep=0, index=0): {'middleStim': 'img/rightArrow.png', 'rightStim1': 'img/leftArrow.png', 'rightStim2': 'img/leftArrow.png', 'leftStim1': 'img/leftArrow.png', 'leftStim2': 'img/leftArrow.png', 'stimNum': 3, 'congruent': 0, 'target': 'right'}
45.7398 	EXP 	initFixation_img: autoDraw = False
45.7398 	EXP 	prac_centerImg: image = 'img/rightArrow.png'
45.7398 	EXP 	prac_rightImg1: image = 'img/leftArrow.png'
45.7398 	EXP 	prac_rightImg2: image = 'img/leftArrow.png'
45.7398 	EXP 	prac_leftImg1: image = 'img/leftArrow.png'
45.7398 	EXP 	prac_leftImg2: image = 'img/leftArrow.png'
45.7398 	EXP 	prac_fixImg: image = 'img/fixationCross.png'
45.7398 	EXP 	prac_centerImg: autoDraw = True
45.7398 	EXP 	prac_rightImg1: autoDraw = True
45.7398 	EXP 	prac_rightImg2: autoDraw = True
45.7398 	EXP 	prac_leftImg1: autoDraw = True
45.7398 	EXP 	prac_leftImg2: autoDraw = True
45.7398 	EXP 	prac_fixImg: autoDraw = True
45.9413 	EXP 	prac_centerImg: autoDraw = False
45.9413 	EXP 	prac_rightImg1: autoDraw = False
45.9413 	EXP 	prac_rightImg2: autoDraw = False
45.9413 	EXP 	prac_leftImg1: autoDraw = False
45.9413 	EXP 	prac_leftImg2: autoDraw = False
46.3515 	DATA 	Keypress: 8
47.3331 	EXP 	New trial (rep=0, index=1): {'middleStim': 'img/rightArrow.png', 'rightStim1': 'img/rightArrow.png', 'rightStim2': 'img/rightArrow.png', 'leftStim1': 'img/rightArrow.png', 'leftStim2': 'img/rightArrow.png', 'stimNum': 1, 'congruent': 1, 'target': 'right'}
47.3803 	EXP 	prac_fixImg: autoDraw = False
47.3803 	EXP 	prac_centerImg: autoDraw = False
47.3803 	EXP 	prac_rightImg1: autoDraw = False
47.3803 	EXP 	prac_rightImg2: autoDraw = False
47.3803 	EXP 	prac_leftImg1: autoDraw = False
47.3803 	EXP 	prac_leftImg2: autoDraw = False
47.3803 	EXP 	prac_fixImg: autoDraw = False
47.3803 	EXP 	prac_centerImg: image = 'img/rightArrow.png'
47.3803 	EXP 	prac_rightImg1: image = 'img/rightArrow.png'
47.3803 	EXP 	prac_rightImg2: image = 'img/rightArrow.png'
47.3803 	EXP 	prac_leftImg1: image = 'img/rightArrow.png'
47.3803 	EXP 	prac_leftImg2: image = 'img/rightArrow.png'
47.3803 	EXP 	prac_fixImg: image = 'img/fixationCross.png'
47.3803 	EXP 	prac_centerImg: autoDraw = True
47.3803 	EXP 	prac_rightImg1: autoDraw = True
47.3803 	EXP 	prac_rightImg2: autoDraw = True
47.3803 	EXP 	prac_leftImg1: autoDraw = True
47.3803 	EXP 	prac_leftImg2: autoDraw = True
47.3803 	EXP 	prac_fixImg: autoDraw = True
47.5830 	EXP 	prac_centerImg: autoDraw = False
47.5830 	EXP 	prac_rightImg1: autoDraw = False
47.5830 	EXP 	prac_rightImg2: autoDraw = False
47.5830 	EXP 	prac_leftImg1: autoDraw = False
47.5830 	EXP 	prac_leftImg2: autoDraw = False
47.8456 	DATA 	Keypress: 8
49.2480 	EXP 	New trial (rep=0, index=2): {'middleStim': 'img/leftArrow.png', 'rightStim1': 'img/leftArrow.png', 'rightStim2': 'img/leftArrow.png', 'leftStim1': 'img/leftArrow.png', 'leftStim2': 'img/leftArrow.png', 'stimNum': 2, 'congruent': 1, 'target': 'left'}
49.2935 	EXP 	prac_fixImg: autoDraw = False
49.2935 	EXP 	prac_centerImg: autoDraw = False
49.2935 	EXP 	prac_rightImg1: autoDraw = False
49.2935 	EXP 	prac_rightImg2: autoDraw = False
49.2935 	EXP 	prac_leftImg1: autoDraw = False
49.2935 	EXP 	prac_leftImg2: autoDraw = False
49.2935 	EXP 	prac_fixImg: autoDraw = False
49.2935 	EXP 	prac_centerImg: image = 'img/leftArrow.png'
49.2935 	EXP 	prac_rightImg1: image = 'img/leftArrow.png'
49.2935 	EXP 	prac_rightImg2: image = 'img/leftArrow.png'
49.2935 	EXP 	prac_leftImg1: image = 'img/leftArrow.png'
49.2935 	EXP 	prac_leftImg2: image = 'img/leftArrow.png'
49.2935 	EXP 	prac_fixImg: image = 'img/fixationCross.png'
49.2935 	EXP 	prac_centerImg: autoDraw = True
49.2935 	EXP 	prac_rightImg1: autoDraw = True
49.2935 	EXP 	prac_rightImg2: autoDraw = True
49.2935 	EXP 	prac_leftImg1: autoDraw = True
49.2935 	EXP 	prac_leftImg2: autoDraw = True
49.2935 	EXP 	prac_fixImg: autoDraw = True
49.4946 	EXP 	prac_centerImg: autoDraw = False
49.4946 	EXP 	prac_rightImg1: autoDraw = False
49.4946 	EXP 	prac_rightImg2: autoDraw = False
49.4946 	EXP 	prac_leftImg1: autoDraw = False
49.4946 	EXP 	prac_leftImg2: autoDraw = False
49.6942 	DATA 	Keypress: 1
51.1412 	EXP 	New trial (rep=0, index=3): {'middleStim': 'img/leftArrow.png', 'rightStim1': 'img/rightArrow.png', 'rightStim2': 'img/rightArrow.png', 'leftStim1': 'img/rightArrow.png', 'leftStim2': 'img/rightArrow.png', 'stimNum': 4, 'congruent': 0, 'target': 'left'}
51.1867 	EXP 	prac_fixImg: autoDraw = False
51.1867 	EXP 	prac_centerImg: autoDraw = False
51.1867 	EXP 	prac_rightImg1: autoDraw = False
51.1867 	EXP 	prac_rightImg2: autoDraw = False
51.1867 	EXP 	prac_leftImg1: autoDraw = False
51.1867 	EXP 	prac_leftImg2: autoDraw = False
51.1867 	EXP 	prac_fixImg: autoDraw = False
51.1867 	EXP 	prac_centerImg: image = 'img/leftArrow.png'
51.1867 	EXP 	prac_rightImg1: image = 'img/rightArrow.png'
51.1867 	EXP 	prac_rightImg2: image = 'img/rightArrow.png'
51.1867 	EXP 	prac_leftImg1: image = 'img/rightArrow.png'
51.1867 	EXP 	prac_leftImg2: image = 'img/rightArrow.png'
51.1867 	EXP 	prac_fixImg: image = 'img/fixationCross.png'
51.1867 	EXP 	prac_centerImg: autoDraw = True
51.1867 	EXP 	prac_rightImg1: autoDraw = True
51.1867 	EXP 	prac_rightImg2: autoDraw = True
51.1867 	EXP 	prac_leftImg1: autoDraw = True
51.1867 	EXP 	prac_leftImg2: autoDraw = True
51.1867 	EXP 	prac_fixImg: autoDraw = True
51.3921 	EXP 	prac_centerImg: autoDraw = False
51.3921 	EXP 	prac_rightImg1: autoDraw = False
51.3921 	EXP 	prac_rightImg2: autoDraw = False
51.3921 	EXP 	prac_leftImg1: autoDraw = False
51.3921 	EXP 	prac_leftImg2: autoDraw = False
51.7131 	DATA 	Keypress: 1
53.0584 	EXP 	prac_fixImg: autoDraw = False
53.0584 	EXP 	prac_centerImg: autoDraw = False
53.0584 	EXP 	prac_rightImg1: autoDraw = False
53.0584 	EXP 	prac_rightImg2: autoDraw = False
53.0584 	EXP 	prac_leftImg1: autoDraw = False
53.0584 	EXP 	prac_leftImg2: autoDraw = False
53.0584 	EXP 	prac_fixImg: autoDraw = False
53.0584 	EXP 	prac_blockFeed_text: text = 'You have completed the practice'
53.0584 	EXP 	prac_blockFeed_text: autoDraw = True
53.0584 	EXP 	prac_pressContinue: autoDraw = True
53.5702 	DATA 	Keypress: 8
53.5840 	EXP 	prac_blockFeed_text: autoDraw = False
53.5840 	EXP 	prac_pressContinue: autoDraw = False
53.5840 	EXP 	instructMainTask_text: autoDraw = True
54.4353 	DATA 	Keypress: 8
55.8905 	DATA 	Keypress: c
55.8996 	DEBUG 	Read excel file with openpyxl: condition_B.xlsx
55.8999 	EXP 	Imported condition_B.xlsx as conditions, 2 conditions, 5 params
55.9002 	EXP 	Created sequence: sequential, trialTypes=2, nReps=1, seed=None
55.9004 	EXP 	New trial (rep=0, index=0): {'middleStim': 'img/rightArrow.png', 'rightStim1': 'img/rightArrow.png', 'rightStim2': 'img/rightArrow.png', 'whichCondition': 'social_task_trials.xlsx', 'conditionText': 'Observed'}
55.9092 	EXP 	instructMainTask_text: autoDraw = False
55.9092 	EXP 	condition_whichCondition_text: text = 'Observed'
55.9092 	EXP 	condition_whichCondition_text: autoDraw = True
55.9092 	EXP 	condition_reminder_text: autoDraw = True
57.9869 	DATA 	Keypress: 1
58.3307 	DATA 	Keypress: 8
58.7419 	DATA 	Keypress: 8
59.3064 	DATA 	Keypress: 1
59.6649 	DATA 	Keypress: 8
60.4359 	EXP 	Created sequence: random, trialTypes=1, nReps=2, seed=None
60.4361 	EXP 	New trial (rep=0, index=0): None
60.4456 	DATA 	Keypress: c
60.4473 	EXP 	condition_whichCondition_text: autoDraw = False
60.4473 	EXP 	condition_reminder_text: autoDraw = False
60.4473 	EXP 	task_blockText: text = 'Block 1 of 10'
60.4473 	EXP 	task_blockText: autoDraw = True
60.4473 	EXP 	task_blockReminders_text: autoDraw = True
61.1538 	DATA 	Keypress: 8
61.1558 	EXP 	task_blockText: autoDraw = False
61.1558 	EXP 	task_blockReminders_text: autoDraw = False
61.1558 	EXP 	initFixation_img: image = 'img/fixationCross.png'
61.1558 	EXP 	initFixation_img: autoDraw = True
64.1456 	DEBUG 	Read excel file with openpyxl: social_task_trials.xlsx
64.1463 	EXP 	Imported social_task_trials.xlsx as conditions, 4 conditions, 8 params
64.1466 	EXP 	Created sequence: random, trialTypes=4, nReps=1, seed=None
64.1468 	EXP 	New trial (rep=0, index=0): {'middleStim': 'img/leftArrow.png', 'rightStim1': 'img/leftArrow.png', 'rightStim2': 'img/leftArrow.png', 'leftStim1': 'img/leftArrow.png', 'leftStim2': 'img/leftArrow.png', 'stimNum': 52, 'congruent': 1, 'target': 'left'}
64.2062 	EXP 	initFixation_img: autoDraw = False
64.2062 	EXP 	task_centerImg: image = 'img/leftArrow.png'
64.2062 	EXP 	task_rightImg1: image = 'img/leftArrow.png'
64.2062 	EXP 	task_rightImg2: image = 'img/leftArrow.png'
64.2062 	EXP 	task_leftImg1: image = 'img/leftArrow.png'
64.2062 	EXP 	task_leftImg2: image = 'img/leftArrow.png'
64.2062 	EXP 	task_fixImg: image = 'img/fixationCross.png'
64.2062 	EXP 	task_centerImg: autoDraw = True
64.2062 	EXP 	task_rightImg1: autoDraw = True
64.2062 	EXP 	task_rightImg2: autoDraw = True
64.2062 	EXP 	task_leftImg1: autoDraw = True
64.2062 	EXP 	task_leftImg2: autoDraw = True
64.2062 	EXP 	task_fixImg: autoDraw = True
64.4081 	EXP 	task_centerImg: autoDraw = False
64.4081 	EXP 	task_rightImg1: autoDraw = False
64.4081 	EXP 	task_rightImg2: autoDraw = False
64.4081 	EXP 	task_leftImg1: autoDraw = False
64.4081 	EXP 	task_leftImg2: autoDraw = False
65.9677 	EXP 	New trial (rep=0, index=1): {'middleStim': 'img/rightArrow.png', 'rightStim1': 'img/leftArrow.png', 'rightStim2': 'img/leftArrow.png', 'leftStim1': 'img/leftArrow.png', 'leftStim2': 'img/leftArrow.png', 'stimNum': 53, 'congruent': 0, 'target': 'right'}
66.0156 	EXP 	task_fixImg: autoDraw = False
66.0156 	EXP 	task_centerImg: autoDraw = False
66.0156 	EXP 	task_rightImg1: autoDraw = False
66.0156 	EXP 	task_rightImg2: autoDraw = False
66.0156 	EXP 	task_leftImg1: autoDraw = False
66.0156 	EXP 	task_leftImg2: autoDraw = False
66.0156 	EXP 	task_fixImg: autoDraw = False
66.0156 	EXP 	task_centerImg: image = 'img/rightArrow.png'
66.0156 	EXP 	task_rightImg1: image = 'img/leftArrow.png'
66.0156 	EXP 	task_rightImg2: image = 'img/leftArrow.png'
66.0156 	EXP 	task_leftImg1: image = 'img/leftArrow.png'
66.0156 	EXP 	task_leftImg2: image = 'img/leftArrow.png'
66.0156 	EXP 	task_fixImg: image = 'img/fixationCross.png'
66.0156 	EXP 	task_centerImg: autoDraw = True
66.0156 	EXP 	task_rightImg1: autoDraw = True
66.0156 	EXP 	task_rightImg2: autoDraw = True
66.0156 	EXP 	task_leftImg1: autoDraw = True
66.0156 	EXP 	task_leftImg2: autoDraw = True
66.0156 	EXP 	task_fixImg: autoDraw = True
66.2155 	EXP 	task_centerImg: autoDraw = False
66.2155 	EXP 	task_rightImg1: autoDraw = False
66.2155 	EXP 	task_rightImg2: autoDraw = False
66.2155 	EXP 	task_leftImg1: autoDraw = False
66.2155 	EXP 	task_leftImg2: autoDraw = False
67.9256 	EXP 	New trial (rep=0, index=2): {'middleStim': 'img/leftArrow.png', 'rightStim1': 'img/rightArrow.png', 'rightStim2': 'img/rightArrow.png', 'leftStim1': 'img/rightArrow.png', 'leftStim2': 'img/rightArrow.png', 'stimNum': 54, 'congruent': 0, 'target': 'left'}
67.9719 	EXP 	task_fixImg: autoDraw = False
67.9719 	EXP 	task_centerImg: autoDraw = False
67.9719 	EXP 	task_rightImg1: autoDraw = False
67.9719 	EXP 	task_rightImg2: autoDraw = False
67.9719 	EXP 	task_leftImg1: autoDraw = False
67.9719 	EXP 	task_leftImg2: autoDraw = False
67.9719 	EXP 	task_fixImg: autoDraw = False
67.9719 	EXP 	task_centerImg: image = 'img/leftArrow.png'
67.9719 	EXP 	task_rightImg1: image = 'img/rightArrow.png'
67.9719 	EXP 	task_rightImg2: image = 'img/rightArrow.png'
67.9719 	EXP 	task_leftImg1: image = 'img/rightArrow.png'
67.9719 	EXP 	task_leftImg2: image = 'img/rightArrow.png'
67.9719 	EXP 	task_fixImg: image = 'img/fixationCross.png'
67.9719 	EXP 	task_centerImg: autoDraw = True
67.9719 	EXP 	task_rightImg1: autoDraw = True
67.9719 	EXP 	task_rightImg2: autoDraw = True
67.9719 	EXP 	task_leftImg1: autoDraw = True
67.9719 	EXP 	task_leftImg2: autoDraw = True
67.9719 	EXP 	task_fixImg: autoDraw = True
68.1750 	EXP 	task_centerImg: autoDraw = False
68.1750 	EXP 	task_rightImg1: autoDraw = False
68.1750 	EXP 	task_rightImg2: autoDraw = False
68.1750 	EXP 	task_leftImg1: autoDraw = False
68.1750 	EXP 	task_leftImg2: autoDraw = False
69.7018 	EXP 	New trial (rep=0, index=3): {'middleStim': 'img/rightArrow.png', 'rightStim1': 'img/rightArrow.png', 'rightStim2': 'img/rightArrow.png', 'leftStim1': 'img/rightArrow.png', 'leftStim2': 'img/rightArrow.png', 'stimNum': 51, 'congruent': 1, 'target': 'right'}
69.7446 	EXP 	task_fixImg: autoDraw = False
69.7446 	EXP 	task_centerImg: autoDraw = False
69.7446 	EXP 	task_rightImg1: autoDraw = False
69.7446 	EXP 	task_rightImg2: autoDraw = False
69.7446 	EXP 	task_leftImg1: autoDraw = False
69.7446 	EXP 	task_leftImg2: autoDraw = False
69.7446 	EXP 	task_fixImg: autoDraw = False
69.7446 	EXP 	task_centerImg: image = 'img/rightArrow.png'
69.7446 	EXP 	task_rightImg1: image = 'img/rightArrow.png'
69.7446 	EXP 	task_rightImg2: image = 'img/rightArrow.png'
69.7446 	EXP 	task_leftImg1: image = 'img/rightArrow.png'
69.7446 	EXP 	task_leftImg2: image = 'img/rightArrow.png'
69.7446 	EXP 	task_fixImg: image = 'img/fixationCross.png'
69.7446 	EXP 	task_centerImg: autoDraw = True
69.7446 	EXP 	task_rightImg1: autoDraw = True
69.7446 	EXP 	task_rightImg2: autoDraw = True
69.7446 	EXP 	task_leftImg1: autoDraw = True
69.7446 	EXP 	task_leftImg2: autoDraw = True
69.7446 	EXP 	task_fixImg: autoDraw = True
69.9450 	EXP 	task_centerImg: autoDraw = False
69.9450 	EXP 	task_rightImg1: autoDraw = False
69.9450 	EXP 	task_rightImg2: autoDraw = False
69.9450 	EXP 	task_leftImg1: autoDraw = False
69.9450 	EXP 	task_leftImg2: autoDraw = False
71.3686 	EXP 	task_fixImg: autoDraw = False
71.3686 	EXP 	task_centerImg: autoDraw = False
71.3686 	EXP 	task_rightImg1: autoDraw = False
71.3686 	EXP 	task_rightImg2: autoDraw = False
71.3686 	EXP 	task_leftImg1: autoDraw = False
71.3686 	EXP 	task_leftImg2: autoDraw = False
71.3686 	EXP 	task_fixImg: autoDraw = False
71.3686 	EXP 	task_blockFeed_text: text = 'Respond more accurately'
71.3686 	EXP 	task_blockFeed_text2: text = 'Press the right button to continue'
71.3686 	EXP 	task_blockFeed_text: autoDraw = True
71.3686 	EXP 	task_blackFeed_text3: autoDraw = True
81.3643 	EXP 	task_blockFeed_text2: autoDraw = True
81.3733 	EXP 	task_blackFeed_text3: autoDraw = False
91.3158 	EXP 	New trial (rep=1, index=0): None
91.3254 	DATA 	Keypress: 8
91.3271 	EXP 	task_blockFeed_text: autoDraw = False
91.3271 	EXP 	task_blackFeed_text3: autoDraw = False
91.3271 	EXP 	task_blockFeed_text2: autoDraw = False
91.3271 	EXP 	task_blockText: text = 'Block 2 of 10'
91.3271 	EXP 	task_blockText: autoDraw = True
91.3271 	EXP 	task_blockReminders_text: autoDraw = True
91.7629 	DATA 	Keypress: 8
91.7812 	EXP 	task_blockText: autoDraw = False
91.7812 	EXP 	task_blockReminders_text: autoDraw = False
91.7812 	EXP 	initFixation_img: image = 'img/fixationCross.png'
91.7812 	EXP 	initFixation_img: autoDraw = True
94.7735 	DEBUG 	Read excel file with openpyxl: social_task_trials.xlsx
94.7742 	EXP 	Imported social_task_trials.xlsx as conditions, 4 conditions, 8 params
94.7745 	EXP 	Created sequence: random, trialTypes=4, nReps=1, seed=None
94.7748 	EXP 	New trial (rep=0, index=0): {'middleStim': 'img/rightArrow.png', 'rightStim1': 'img/rightArrow.png', 'rightStim2': 'img/rightArrow.png', 'leftStim1': 'img/rightArrow.png', 'leftStim2': 'img/rightArrow.png', 'stimNum': 51, 'congruent': 1, 'target': 'right'}
94.8257 	EXP 	initFixation_img: autoDraw = False
94.8257 	EXP 	task_centerImg: image = 'img/rightArrow.png'
94.8257 	EXP 	task_rightImg1: image = 'img/rightArrow.png'
94.8257 	EXP 	task_rightImg2: image = 'img/rightArrow.png'
94.8257 	EXP 	task_leftImg1: image = 'img/rightArrow.png'
94.8257 	EXP 	task_leftImg2: image = 'img/rightArrow.png'
94.8257 	EXP 	task_fixImg: image = 'img/fixationCross.png'
94.8257 	EXP 	task_centerImg: autoDraw = True
94.8257 	EXP 	task_rightImg1: autoDraw = True
94.8257 	EXP 	task_rightImg2: autoDraw = True
94.8257 	EXP 	task_leftImg1: autoDraw = True
94.8257 	EXP 	task_leftImg2: autoDraw = True
94.8257 	EXP 	task_fixImg: autoDraw = True
95.0305 	EXP 	task_centerImg: autoDraw = False
95.0305 	EXP 	task_rightImg1: autoDraw = False
95.0305 	EXP 	task_rightImg2: autoDraw = False
95.0305 	EXP 	task_leftImg1: autoDraw = False
95.0305 	EXP 	task_leftImg2: autoDraw = False
96.4040 	EXP 	New trial (rep=0, index=1): {'middleStim': 'img/rightArrow.png', 'rightStim1': 'img/leftArrow.png', 'rightStim2': 'img/leftArrow.png', 'leftStim1': 'img/leftArrow.png', 'leftStim2': 'img/leftArrow.png', 'stimNum': 53, 'congruent': 0, 'target': 'right'}
96.4487 	EXP 	task_fixImg: autoDraw = False
96.4487 	EXP 	task_centerImg: autoDraw = False
96.4487 	EXP 	task_rightImg1: autoDraw = False
96.4487 	EXP 	task_rightImg2: autoDraw = False
96.4487 	EXP 	task_leftImg1: autoDraw = False
96.4487 	EXP 	task_leftImg2: autoDraw = False
96.4487 	EXP 	task_fixImg: autoDraw = False
96.4487 	EXP 	task_centerImg: image = 'img/rightArrow.png'
96.4487 	EXP 	task_rightImg1: image = 'img/leftArrow.png'
96.4487 	EXP 	task_rightImg2: image = 'img/leftArrow.png'
96.4487 	EXP 	task_leftImg1: image = 'img/leftArrow.png'
96.4487 	EXP 	task_leftImg2: image = 'img/leftArrow.png'
96.4487 	EXP 	task_fixImg: image = 'img/fixationCross.png'
96.4487 	EXP 	task_centerImg: autoDraw = True
96.4487 	EXP 	task_rightImg1: autoDraw = True
96.4487 	EXP 	task_rightImg2: autoDraw = True
96.4487 	EXP 	task_leftImg1: autoDraw = True
96.4487 	EXP 	task_leftImg2: autoDraw = True
96.4487 	EXP 	task_fixImg: autoDraw = True
96.6484 	EXP 	task_centerImg: autoDraw = False
96.6484 	EXP 	task_rightImg1: autoDraw = False
96.6484 	EXP 	task_rightImg2: autoDraw = False
96.6484 	EXP 	task_leftImg1: autoDraw = False
96.6484 	EXP 	task_leftImg2: autoDraw = False
98.2346 	EXP 	New trial (rep=0, index=2): {'middleStim': 'img/leftArrow.png', 'rightStim1': 'img/rightArrow.png', 'rightStim2': 'img/rightArrow.png', 'leftStim1': 'img/rightArrow.png', 'leftStim2': 'img/rightArrow.png', 'stimNum': 54, 'congruent': 0, 'target': 'left'}
98.2837 	EXP 	task_fixImg: autoDraw = False
98.2837 	EXP 	task_centerImg: autoDraw = False
98.2837 	EXP 	task_rightImg1: autoDraw = False
98.2837 	EXP 	task_rightImg2: autoDraw = False
98.2837 	EXP 	task_leftImg1: autoDraw = False
98.2837 	EXP 	task_leftImg2: autoDraw = False
98.2837 	EXP 	task_fixImg: autoDraw = False
98.2837 	EXP 	task_centerImg: image = 'img/leftArrow.png'
98.2837 	EXP 	task_rightImg1: image = 'img/rightArrow.png'
98.2837 	EXP 	task_rightImg2: image = 'img/rightArrow.png'
98.2837 	EXP 	task_leftImg1: image = 'img/rightArrow.png'
98.2837 	EXP 	task_leftImg2: image = 'img/rightArrow.png'
98.2837 	EXP 	task_fixImg: image = 'img/fixationCross.png'
98.2837 	EXP 	task_centerImg: autoDraw = True
98.2837 	EXP 	task_rightImg1: autoDraw = True
98.2837 	EXP 	task_rightImg2: autoDraw = True
98.2837 	EXP 	task_leftImg1: autoDraw = True
98.2837 	EXP 	task_leftImg2: autoDraw = True
98.2837 	EXP 	task_fixImg: autoDraw = True
98.4864 	EXP 	task_centerImg: autoDraw = False
98.4864 	EXP 	task_rightImg1: autoDraw = False
98.4864 	EXP 	task_rightImg2: autoDraw = False
98.4864 	EXP 	task_leftImg1: autoDraw = False
98.4864 	EXP 	task_leftImg2: autoDraw = False
100.0973 	EXP 	New trial (rep=0, index=3): {'middleStim': 'img/leftArrow.png', 'rightStim1': 'img/leftArrow.png', 'rightStim2': 'img/leftArrow.png', 'leftStim1': 'img/leftArrow.png', 'leftStim2': 'img/leftArrow.png', 'stimNum': 52, 'congruent': 1, 'target': 'left'}
100.1440 	EXP 	task_fixImg: autoDraw = False
100.1440 	EXP 	task_centerImg: autoDraw = False
100.1440 	EXP 	task_rightImg1: autoDraw = False
100.1440 	EXP 	task_rightImg2: autoDraw = False
100.1440 	EXP 	task_leftImg1: autoDraw = False
100.1440 	EXP 	task_leftImg2: autoDraw = False
100.1440 	EXP 	task_fixImg: autoDraw = False
100.1440 	EXP 	task_centerImg: image = 'img/leftArrow.png'
100.1440 	EXP 	task_rightImg1: image = 'img/leftArrow.png'
100.1440 	EXP 	task_rightImg2: image = 'img/leftArrow.png'
100.1440 	EXP 	task_leftImg1: image = 'img/leftArrow.png'
100.1440 	EXP 	task_leftImg2: image = 'img/leftArrow.png'
100.1440 	EXP 	task_fixImg: image = 'img/fixationCross.png'
100.1440 	EXP 	task_centerImg: autoDraw = True
100.1440 	EXP 	task_rightImg1: autoDraw = True
100.1440 	EXP 	task_rightImg2: autoDraw = True
100.1440 	EXP 	task_leftImg1: autoDraw = True
100.1440 	EXP 	task_leftImg2: autoDraw = True
100.1440 	EXP 	task_fixImg: autoDraw = True
100.3444 	EXP 	task_centerImg: autoDraw = False
100.3444 	EXP 	task_rightImg1: autoDraw = False
100.3444 	EXP 	task_rightImg2: autoDraw = False
100.3444 	EXP 	task_leftImg1: autoDraw = False
100.3444 	EXP 	task_leftImg2: autoDraw = False
101.9673 	EXP 	task_fixImg: autoDraw = False
101.9673 	EXP 	task_centerImg: autoDraw = False
101.9673 	EXP 	task_rightImg1: autoDraw = False
101.9673 	EXP 	task_rightImg2: autoDraw = False
101.9673 	EXP 	task_leftImg1: autoDraw = False
101.9673 	EXP 	task_leftImg2: autoDraw = False
101.9673 	EXP 	task_fixImg: autoDraw = False
101.9673 	EXP 	task_blockFeed_text: text = 'Respond more accurately'
101.9673 	EXP 	task_blockFeed_text2: text = 'Press the right button to continue'
101.9673 	EXP 	task_blockFeed_text: autoDraw = True
101.9673 	EXP 	task_blackFeed_text3: autoDraw = True
108.7353 	DATA 	Keypress: 8
109.1275 	DATA 	Keypress: 1
109.9723 	DATA 	Keypress: 8
110.1194 	DATA 	Keypress: 1
111.9610 	EXP 	task_blockFeed_text2: autoDraw = True
111.9767 	EXP 	task_blackFeed_text3: autoDraw = False
131.4375 	DATA 	Keypress: 8
131.4476 	EXP 	task_blockFeed_text: autoDraw = False
131.4476 	EXP 	task_blackFeed_text3: autoDraw = False
131.4476 	EXP 	task_blockFeed_text2: autoDraw = False
131.4476 	EXP 	conditionComplete_text: autoDraw = True
133.4343 	DATA 	Keypress: c
133.4395 	EXP 	New trial (rep=0, index=1): {'middleStim': 'img/leftArrow.png', 'rightStim1': 'img/leftArrow.png', 'rightStim2': 'img/leftArrow.png', 'whichCondition': 'nonsocial_task_trials.xlsx', 'conditionText': 'Alone'}
133.4483 	EXP 	conditionComplete_text: autoDraw = False
133.4483 	EXP 	condition_whichCondition_text: text = 'Alone'
133.4483 	EXP 	condition_whichCondition_text: autoDraw = True
133.4483 	EXP 	condition_reminder_text: autoDraw = True
134.4531 	DATA 	Keypress: 8
134.8315 	DATA 	Keypress: c
134.8371 	EXP 	Created sequence: random, trialTypes=1, nReps=2, seed=None
134.8372 	EXP 	New trial (rep=0, index=0): None
134.8438 	EXP 	condition_whichCondition_text: autoDraw = False
134.8438 	EXP 	condition_reminder_text: autoDraw = False
134.8438 	EXP 	task_blockText: text = 'Block 1 of 10'
134.8438 	EXP 	task_blockText: autoDraw = True
134.8438 	EXP 	task_blockReminders_text: autoDraw = True
135.4076 	DATA 	Keypress: 8
135.4095 	EXP 	task_blockText: autoDraw = False
135.4095 	EXP 	task_blockReminders_text: autoDraw = False
135.4095 	EXP 	initFixation_img: image = 'img/fixationCross.png'
135.4095 	EXP 	initFixation_img: autoDraw = True
138.4053 	DEBUG 	Read excel file with openpyxl: nonsocial_task_trials.xlsx
138.4060 	EXP 	Imported nonsocial_task_trials.xlsx as conditions, 4 conditions, 8 params
138.4063 	EXP 	Created sequence: random, trialTypes=4, nReps=1, seed=None
138.4065 	EXP 	New trial (rep=0, index=0): {'middleStim': 'img/rightArrow.png', 'rightStim1': 'img/leftArrow.png', 'rightStim2': 'img/leftArrow.png', 'leftStim1': 'img/leftArrow.png', 'leftStim2': 'img/leftArrow.png', 'stimNum': 43, 'congruent': 0, 'target': 'right'}
138.4627 	EXP 	initFixation_img: autoDraw = False
138.4627 	EXP 	task_centerImg: image = 'img/rightArrow.png'
138.4627 	EXP 	task_rightImg1: image = 'img/leftArrow.png'
138.4627 	EXP 	task_rightImg2: image = 'img/leftArrow.png'
138.4627 	EXP 	task_leftImg1: image = 'img/leftArrow.png'
138.4627 	EXP 	task_leftImg2: image = 'img/leftArrow.png'
138.4627 	EXP 	task_fixImg: image = 'img/fixationCross.png'
138.4627 	EXP 	task_centerImg: autoDraw = True
138.4627 	EXP 	task_rightImg1: autoDraw = True
138.4627 	EXP 	task_rightImg2: autoDraw = True
138.4627 	EXP 	task_leftImg1: autoDraw = True
138.4627 	EXP 	task_leftImg2: autoDraw = True
138.4627 	EXP 	task_fixImg: autoDraw = True
138.6642 	EXP 	task_centerImg: autoDraw = False
138.6642 	EXP 	task_rightImg1: autoDraw = False
138.6642 	EXP 	task_rightImg2: autoDraw = False
138.6642 	EXP 	task_leftImg1: autoDraw = False
138.6642 	EXP 	task_leftImg2: autoDraw = False
140.0186 	EXP 	New trial (rep=0, index=1): {'middleStim': 'img/rightArrow.png', 'rightStim1': 'img/rightArrow.png', 'rightStim2': 'img/rightArrow.png', 'leftStim1': 'img/rightArrow.png', 'leftStim2': 'img/rightArrow.png', 'stimNum': 41, 'congruent': 1, 'target': 'right'}
140.0604 	EXP 	task_fixImg: autoDraw = False
140.0604 	EXP 	task_centerImg: autoDraw = False
140.0604 	EXP 	task_rightImg1: autoDraw = False
140.0604 	EXP 	task_rightImg2: autoDraw = False
140.0604 	EXP 	task_leftImg1: autoDraw = False
140.0604 	EXP 	task_leftImg2: autoDraw = False
140.0604 	EXP 	task_fixImg: autoDraw = False
140.0604 	EXP 	task_centerImg: image = 'img/rightArrow.png'
140.0604 	EXP 	task_rightImg1: image = 'img/rightArrow.png'
140.0604 	EXP 	task_rightImg2: image = 'img/rightArrow.png'
140.0604 	EXP 	task_leftImg1: image = 'img/rightArrow.png'
140.0604 	EXP 	task_leftImg2: image = 'img/rightArrow.png'
140.0604 	EXP 	task_fixImg: image = 'img/fixationCross.png'
140.0604 	EXP 	task_centerImg: autoDraw = True
140.0604 	EXP 	task_rightImg1: autoDraw = True
140.0604 	EXP 	task_rightImg2: autoDraw = True
140.0604 	EXP 	task_leftImg1: autoDraw = True
140.0604 	EXP 	task_leftImg2: autoDraw = True
140.0604 	EXP 	task_fixImg: autoDraw = True
140.2621 	EXP 	task_centerImg: autoDraw = False
140.2621 	EXP 	task_rightImg1: autoDraw = False
140.2621 	EXP 	task_rightImg2: autoDraw = False
140.2621 	EXP 	task_leftImg1: autoDraw = False
140.2621 	EXP 	task_leftImg2: autoDraw = False
141.6732 	EXP 	New trial (rep=0, index=2): {'middleStim': 'img/leftArrow.png', 'rightStim1': 'img/leftArrow.png', 'rightStim2': 'img/leftArrow.png', 'leftStim1': 'img/leftArrow.png', 'leftStim2': 'img/leftArrow.png', 'stimNum': 42, 'congruent': 1, 'target': 'left'}
141.7153 	EXP 	task_fixImg: autoDraw = False
141.7153 	EXP 	task_centerImg: autoDraw = False
141.7153 	EXP 	task_rightImg1: autoDraw = False
141.7153 	EXP 	task_rightImg2: autoDraw = False
141.7153 	EXP 	task_leftImg1: autoDraw = False
141.7153 	EXP 	task_leftImg2: autoDraw = False
141.7153 	EXP 	task_fixImg: autoDraw = False
141.7153 	EXP 	task_centerImg: image = 'img/leftArrow.png'
141.7153 	EXP 	task_rightImg1: image = 'img/leftArrow.png'
141.7153 	EXP 	task_rightImg2: image = 'img/leftArrow.png'
141.7153 	EXP 	task_leftImg1: image = 'img/leftArrow.png'
141.7153 	EXP 	task_leftImg2: image = 'img/leftArrow.png'
141.7153 	EXP 	task_fixImg: image = 'img/fixationCross.png'
141.7153 	EXP 	task_centerImg: autoDraw = True
141.7153 	EXP 	task_rightImg1: autoDraw = True
141.7153 	EXP 	task_rightImg2: autoDraw = True
141.7153 	EXP 	task_leftImg1: autoDraw = True
141.7153 	EXP 	task_leftImg2: autoDraw = True
141.7153 	EXP 	task_fixImg: autoDraw = True
141.7588 	DATA 	Keypress: escape
141.9184 	EXP 	task_centerImg: autoDraw = False
141.9184 	EXP 	task_rightImg1: autoDraw = False
141.9184 	EXP 	task_rightImg2: autoDraw = False
141.9184 	EXP 	task_leftImg1: autoDraw = False
141.9184 	EXP 	task_leftImg2: autoDraw = False
144.4301 	EXP 	window1: mouseVisible = True
144.4302 	DEBUG 	Saving data for flanker-basic_v5 ExperimentHandler
144.4329 	INFO 	saved data to C:\Users\NDClab\Desktop\Experiments\social-flanker-eeg\flanker-basic-v5\data/3_B_2_1_flanker-basic_v5_2022_Apr_13_1142.psydat
144.4354 	INFO 	saved data to 'C:\\Users\\NDClab\\Desktop\\Experiments\\social-flanker-eeg\\flanker-basic-v5\\data/3_B_2_1_flanker-basic_v5_2022_Apr_13_1142.csv'
