4.5193 	INFO 	Loaded monitor calibration from ['2021_09_14 11:10']
4.5232 	WARNING 	User requested fullscreen with size [1536  864], but screen is actually [1920, 1080]. Using actual size
8.0167 	EXP 	Created window1 = Window(allowGUI=False, allowStencil=False, autoLog=True, backendConf=UNKNOWN, bitsMode=UNKNOWN, blendMode='avg', bpc=(8, 8, 8), color=array([-1, -1, -1]), colorSpace='rgb', depthBits=8, fullscr=<method-wrapper '__getattribute__' of attributeSetter object at 0x000001FBC84FD390>, gamma=None, gammaErrorPolicy='raise', lms=UNKNOWN, monitor=<psychopy.monitors.calibTools.Monitor object at 0x000001FBC854B278>, multiSample=False, name='window1', numSamples=2, pos=[0.0, 0.0], screen=0, size=array([1920, 1080]), stencilBits=0, stereo=False, units='height', useFBO=True, useRetina=False, viewOri=0.0, viewPos=None, viewScale=None, waitBlanking=True, winType='pyglet')
8.0169 	EXP 	window1: mouseVisible = True
8.0169 	EXP 	window1: recordFrameIntervals = False
8.0575 	EXP 	window1: recordFrameIntervals = True
8.1035 	DEBUG 	Screen (0) actual frame rate measured at 240.29
8.1035 	EXP 	window1: recordFrameIntervals = False
8.3382 	INFO 	keyboard.Keyboard is using ptb backend.
8.3383 	EXP 	window1: mouseVisible = False
8.7717 	EXP 	Created welcome_text = TextStim(__class__=<class 'psychopy.visual.text.TextStim'>, alignHoriz=method-wrapper(...), alignText='center', alignVert=method-wrapper(...), anchorHoriz='center', anchorVert='center', antialias=True, autoLog=True, bold=False, color=array([1., 1., 1.]), colorSpace='rgb', contrast=1.0, depth=0.0, flipHoriz=False, flipVert=False, font='Arial', fontFiles=[], height=0.04, italic=False, languageStyle='LTR', name='welcome_text', opacity=1, ori=0, pos=array([0., 0.]), rgb=UNKNOWN, text=str(...), units='height', win=Window(...), wrapWidth=1.3)
8.7717 	INFO 	keyboard.Keyboard is using ptb backend.
8.7790 	EXP 	Created instructRight_text = TextStim(__class__=<class 'psychopy.visual.text.TextStim'>, alignHoriz=method-wrapper(...), alignText='center', alignVert=method-wrapper(...), anchorHoriz='center', anchorVert='center', antialias=True, autoLog=True, bold=False, color=array([1., 1., 1.]), colorSpace='rgb', contrast=1.0, depth=0.0, flipHoriz=False, flipVert=False, font='Arial', fontFiles=[], height=0.04, italic=False, languageStyle='LTR', name='instructRight_text', opacity=1, ori=0, pos=array([0., 0.]), rgb=UNKNOWN, text=str(...), units='height', win=Window(...), wrapWidth=1.3)
8.8241 	EXP 	Created instructRight_centerImg = ImageStim(__class__=<class 'psychopy.visual.image.ImageStim'>, autoLog=True, color=array([1., 1., 1.]), colorSpace='rgb', contrast=1.0, depth=-1.0, flipHoriz=False, flipVert=False, image='img/rightArrow.png', interpolate=True, mask=None, maskParams=None, name='instructRight_centerImg', opacity=1, ori=0.0, pos=array([ 0. , -0.3]), size=array([0.04, 0.04]), texRes=512, units='height', win=Window(...))
8.8504 	EXP 	Created instructRight_rightImg1 = ImageStim(__class__=<class 'psychopy.visual.image.ImageStim'>, autoLog=True, color=array([1., 1., 1.]), colorSpace='rgb', contrast=1.0, depth=-2.0, flipHoriz=False, flipVert=False, image='img/rightArrow.png', interpolate=True, mask=None, maskParams=None, name='instructRight_rightImg1', opacity=1, ori=0.0, pos=array([ 0.05, -0.3 ]), size=array([0.04, 0.04]), texRes=512, units='height', win=Window(...))
8.8888 	EXP 	Created instructRight_rightImg2 = ImageStim(__class__=<class 'psychopy.visual.image.ImageStim'>, autoLog=True, color=array([1., 1., 1.]), colorSpace='rgb', contrast=1.0, depth=-3.0, flipHoriz=False, flipVert=False, image='img/rightArrow.png', interpolate=True, mask=None, maskParams=None, name='instructRight_rightImg2', opacity=1, ori=0.0, pos=array([ 0.1, -0.3]), size=array([0.04, 0.04]), texRes=512, units='height', win=Window(...))
8.9274 	EXP 	Created instructRight_leftImg1 = ImageStim(__class__=<class 'psychopy.visual.image.ImageStim'>, autoLog=True, color=array([1., 1., 1.]), colorSpace='rgb', contrast=1.0, depth=-4.0, flipHoriz=False, flipVert=False, image='img/rightArrow.png', interpolate=True, mask=None, maskParams=None, name='instructRight_leftImg1', opacity=1, ori=0.0, pos=array([-0.05, -0.3 ]), size=array([0.04, 0.04]), texRes=512, units='height', win=Window(...))
8.9669 	EXP 	Created instructRight_leftImg2 = ImageStim(__class__=<class 'psychopy.visual.image.ImageStim'>, autoLog=True, color=array([1., 1., 1.]), colorSpace='rgb', contrast=1.0, depth=-5.0, flipHoriz=False, flipVert=False, image='img/rightArrow.png', interpolate=True, mask=None, maskParams=None, name='instructRight_leftImg2', opacity=1, ori=0.0, pos=array([-0.1, -0.3]), size=array([0.04, 0.04]), texRes=512, units='height', win=Window(...))
8.9669 	INFO 	keyboard.Keyboard is using ptb backend.
8.9733 	EXP 	Created instructLeft_text = TextStim(__class__=<class 'psychopy.visual.text.TextStim'>, alignHoriz=method-wrapper(...), alignText='center', alignVert=method-wrapper(...), anchorHoriz='center', anchorVert='center', antialias=True, autoLog=True, bold=False, color=array([1., 1., 1.]), colorSpace='rgb', contrast=1.0, depth=0.0, flipHoriz=False, flipVert=False, font='Arial', fontFiles=[], height=0.04, italic=False, languageStyle='LTR', name='instructLeft_text', opacity=1, ori=0, pos=array([0., 0.]), rgb=UNKNOWN, text=str(...), units='height', win=Window(...), wrapWidth=1.3)
9.0118 	EXP 	Created instructLeft_centerImg = ImageStim(__class__=<class 'psychopy.visual.image.ImageStim'>, autoLog=True, color=array([1., 1., 1.]), colorSpace='rgb', contrast=1.0, depth=-1.0, flipHoriz=False, flipVert=False, image='img/leftArrow.png', interpolate=True, mask=None, maskParams=None, name='instructLeft_centerImg', opacity=1, ori=0.0, pos=array([ 0. , -0.3]), size=array([0.04, 0.04]), texRes=512, units='height', win=Window(...))
9.0503 	EXP 	Created instructLeft_rightImg1 = ImageStim(__class__=<class 'psychopy.visual.image.ImageStim'>, autoLog=True, color=array([1., 1., 1.]), colorSpace='rgb', contrast=1.0, depth=-2.0, flipHoriz=False, flipVert=False, image='img/leftArrow.png', interpolate=True, mask=None, maskParams=None, name='instructLeft_rightImg1', opacity=1, ori=0.0, pos=array([ 0.05, -0.3 ]), size=array([0.04, 0.04]), texRes=512, units='height', win=Window(...))
9.0896 	EXP 	Created instructLeft_rightImg2 = ImageStim(__class__=<class 'psychopy.visual.image.ImageStim'>, autoLog=True, color=array([1., 1., 1.]), colorSpace='rgb', contrast=1.0, depth=-3.0, flipHoriz=False, flipVert=False, image='img/leftArrow.png', interpolate=True, mask=None, maskParams=None, name='instructLeft_rightImg2', opacity=1, ori=0.0, pos=array([ 0.1, -0.3]), size=array([0.04, 0.04]), texRes=512, units='height', win=Window(...))
9.1274 	EXP 	Created instructLeft_leftImg1 = ImageStim(__class__=<class 'psychopy.visual.image.ImageStim'>, autoLog=True, color=array([1., 1., 1.]), colorSpace='rgb', contrast=1.0, depth=-4.0, flipHoriz=False, flipVert=False, image='img/leftArrow.png', interpolate=True, mask=None, maskParams=None, name='instructLeft_leftImg1', opacity=1, ori=0.0, pos=array([-0.05, -0.3 ]), size=array([0.04, 0.04]), texRes=512, units='height', win=Window(...))
9.1660 	EXP 	Created instructLeft_leftImg2 = ImageStim(__class__=<class 'psychopy.visual.image.ImageStim'>, autoLog=True, color=array([1., 1., 1.]), colorSpace='rgb', contrast=1.0, depth=-5.0, flipHoriz=False, flipVert=False, image='img/leftArrow.png', interpolate=True, mask=None, maskParams=None, name='instructLeft_leftImg2', opacity=1, ori=0.0, pos=array([-0.1, -0.3]), size=array([0.04, 0.04]), texRes=512, units='height', win=Window(...))
9.1660 	INFO 	keyboard.Keyboard is using ptb backend.
9.1832 	EXP 	Created instructInconRight_text = TextStim(__class__=<class 'psychopy.visual.text.TextStim'>, alignHoriz=method-wrapper(...), alignText='center', alignVert=method-wrapper(...), anchorHoriz='center', anchorVert='center', antialias=True, autoLog=True, bold=False, color=array([1., 1., 1.]), colorSpace='rgb', contrast=1.0, depth=0.0, flipHoriz=False, flipVert=False, font='Arial', fontFiles=[], height=0.04, italic=False, languageStyle='LTR', name='instructInconRight_text', opacity=1, ori=0, pos=array([0., 0.]), rgb=UNKNOWN, text=str(...), units='height', win=Window(...), wrapWidth=1.3)
9.2084 	EXP 	Created instructIncon_centerImg = ImageStim(__class__=<class 'psychopy.visual.image.ImageStim'>, autoLog=True, color=array([1., 1., 1.]), colorSpace='rgb', contrast=1.0, depth=-1.0, flipHoriz=False, flipVert=False, image='img/rightArrow.png', interpolate=True, mask=None, maskParams=None, name='instructIncon_centerImg', opacity=1, ori=0.0, pos=array([ 0. , -0.3]), size=array([0.04, 0.04]), texRes=512, units='height', win=Window(...))
9.2343 	EXP 	Created instructIncon_rightImg1 = ImageStim(__class__=<class 'psychopy.visual.image.ImageStim'>, autoLog=True, color=array([1., 1., 1.]), colorSpace='rgb', contrast=1.0, depth=-2.0, flipHoriz=False, flipVert=False, image='img/leftArrow.png', interpolate=True, mask=None, maskParams=None, name='instructIncon_rightImg1', opacity=1, ori=0.0, pos=array([ 0.05, -0.3 ]), size=array([0.04, 0.04]), texRes=512, units='height', win=Window(...))
9.2603 	EXP 	Created instructIncon_rightImg2 = ImageStim(__class__=<class 'psychopy.visual.image.ImageStim'>, autoLog=True, color=array([1., 1., 1.]), colorSpace='rgb', contrast=1.0, depth=-3.0, flipHoriz=False, flipVert=False, image='img/leftArrow.png', interpolate=True, mask=None, maskParams=None, name='instructIncon_rightImg2', opacity=1, ori=0.0, pos=array([ 0.1, -0.3]), size=array([0.04, 0.04]), texRes=512, units='height', win=Window(...))
9.2867 	EXP 	Created instructIncon_leftImg1 = ImageStim(__class__=<class 'psychopy.visual.image.ImageStim'>, autoLog=True, color=array([1., 1., 1.]), colorSpace='rgb', contrast=1.0, depth=-4.0, flipHoriz=False, flipVert=False, image='img/leftArrow.png', interpolate=True, mask=None, maskParams=None, name='instructIncon_leftImg1', opacity=1, ori=0.0, pos=array([-0.05, -0.3 ]), size=array([0.04, 0.04]), texRes=512, units='height', win=Window(...))
9.3116 	EXP 	Created instructInconRight_leftImg2 = ImageStim(__class__=<class 'psychopy.visual.image.ImageStim'>, autoLog=True, color=array([1., 1., 1.]), colorSpace='rgb', contrast=1.0, depth=-5.0, flipHoriz=False, flipVert=False, image='img/leftArrow.png', interpolate=True, mask=None, maskParams=None, name='instructInconRight_leftImg2', opacity=1, ori=0.0, pos=array([-0.1, -0.3]), size=array([0.04, 0.04]), texRes=512, units='height', win=Window(...))
9.3117 	INFO 	keyboard.Keyboard is using ptb backend.
9.3189 	EXP 	Created instructInconLeft_text = TextStim(__class__=<class 'psychopy.visual.text.TextStim'>, alignHoriz=method-wrapper(...), alignText='center', alignVert=method-wrapper(...), anchorHoriz='center', anchorVert='center', antialias=True, autoLog=True, bold=False, color=array([1., 1., 1.]), colorSpace='rgb', contrast=1.0, depth=0.0, flipHoriz=False, flipVert=False, font='Arial', fontFiles=[], height=0.04, italic=False, languageStyle='LTR', name='instructInconLeft_text', opacity=1, ori=0, pos=array([0., 0.]), rgb=UNKNOWN, text=str(...), units='height', win=Window(...), wrapWidth=1.3)
9.3443 	EXP 	Created instructInconLeft_centerImg = ImageStim(__class__=<class 'psychopy.visual.image.ImageStim'>, autoLog=True, color=array([1., 1., 1.]), colorSpace='rgb', contrast=1.0, depth=-1.0, flipHoriz=False, flipVert=False, image='img/leftArrow.png', interpolate=True, mask=None, maskParams=None, name='instructInconLeft_centerImg', opacity=1, ori=0.0, pos=array([ 0. , -0.3]), size=array([0.04, 0.04]), texRes=512, units='height', win=Window(...))
9.3704 	EXP 	Created instructInconLeft_rightImg1 = ImageStim(__class__=<class 'psychopy.visual.image.ImageStim'>, autoLog=True, color=array([1., 1., 1.]), colorSpace='rgb', contrast=1.0, depth=-2.0, flipHoriz=False, flipVert=False, image='img/rightArrow.png', interpolate=True, mask=None, maskParams=None, name='instructInconLeft_rightImg1', opacity=1, ori=0.0, pos=array([ 0.05, -0.3 ]), size=array([0.04, 0.04]), texRes=512, units='height', win=Window(...))
9.3978 	EXP 	Created instructInconLeft_rightImg2 = ImageStim(__class__=<class 'psychopy.visual.image.ImageStim'>, autoLog=True, color=array([1., 1., 1.]), colorSpace='rgb', contrast=1.0, depth=-3.0, flipHoriz=False, flipVert=False, image='img/rightArrow.png', interpolate=True, mask=None, maskParams=None, name='instructInconLeft_rightImg2', opacity=1, ori=0.0, pos=array([ 0.1, -0.3]), size=array([0.04, 0.04]), texRes=512, units='height', win=Window(...))
9.4239 	EXP 	Created instructInconLeft_leftImg1 = ImageStim(__class__=<class 'psychopy.visual.image.ImageStim'>, autoLog=True, color=array([1., 1., 1.]), colorSpace='rgb', contrast=1.0, depth=-4.0, flipHoriz=False, flipVert=False, image='img/rightArrow.png', interpolate=True, mask=None, maskParams=None, name='instructInconLeft_leftImg1', opacity=1, ori=0.0, pos=array([-0.05, -0.3 ]), size=array([0.04, 0.04]), texRes=512, units='height', win=Window(...))
9.4613 	EXP 	Created instructInconLeft_leftImg2 = ImageStim(__class__=<class 'psychopy.visual.image.ImageStim'>, autoLog=True, color=array([1., 1., 1.]), colorSpace='rgb', contrast=1.0, depth=-5.0, flipHoriz=False, flipVert=False, image='img/rightArrow.png', interpolate=True, mask=None, maskParams=None, name='instructInconLeft_leftImg2', opacity=1, ori=0.0, pos=array([-0.1, -0.3]), size=array([0.04, 0.04]), texRes=512, units='height', win=Window(...))
9.4613 	INFO 	keyboard.Keyboard is using ptb backend.
9.4715 	EXP 	Created prac_blockText = TextStim(__class__=<class 'psychopy.visual.text.TextStim'>, alignHoriz=method-wrapper(...), alignText='center', alignVert=method-wrapper(...), anchorHoriz='center', anchorVert='center', antialias=True, autoLog=True, bold=False, color=array([1., 1., 1.]), colorSpace='rgb', contrast=1.0, depth=-1.0, flipHoriz=False, flipVert=False, font='Arial', fontFiles=[], height=0.06, italic=False, languageStyle='LTR', name='prac_blockText', opacity=1, ori=0.0, pos=array([0. , 0.3]), rgb=UNKNOWN, text='Practice', units='height', win=Window(...), wrapWidth=1.3)
9.4860 	EXP 	Created prac_reminder_text = TextStim(__class__=<class 'psychopy.visual.text.TextStim'>, alignHoriz=method-wrapper(...), alignText='center', alignVert=method-wrapper(...), anchorHoriz='center', anchorVert='center', antialias=True, autoLog=True, bold=False, color=array([1., 1., 1.]), colorSpace='rgb', contrast=1.0, depth=-2.0, flipHoriz=False, flipVert=False, font='Arial', fontFiles=[], height=0.04, italic=False, languageStyle='LTR', name='prac_reminder_text', opacity=1, ori=0, pos=array([0., 0.]), rgb=UNKNOWN, text=str(...), units='height', win=Window(...), wrapWidth=1.3)
9.4860 	INFO 	keyboard.Keyboard is using ptb backend.
9.4890 	EXP 	Created initFixation_img = ImageStim(__class__=<class 'psychopy.visual.image.ImageStim'>, autoLog=True, color=array([1., 1., 1.]), colorSpace='rgb', contrast=1.0, depth=0.0, flipHoriz=False, flipVert=False, image='sin', interpolate=True, mask=None, maskParams=None, name='initFixation_img', opacity=1, ori=0.0, pos=array([ 0.  , -0.05]), size=array([0.015, 0.015]), texRes=512, units='height', win=Window(...))
9.4918 	EXP 	Created prac_centerImg = ImageStim(__class__=<class 'psychopy.visual.image.ImageStim'>, autoLog=True, color=array([1., 1., 1.]), colorSpace='rgb', contrast=1.0, depth=-1.0, flipHoriz=False, flipVert=False, image='sin', interpolate=True, mask=None, maskParams=None, name='prac_centerImg', opacity=1, ori=0.0, pos=array([0., 0.]), size=array([0.04, 0.04]), texRes=512, units='height', win=Window(...))
9.4947 	EXP 	Created prac_rightImg1 = ImageStim(__class__=<class 'psychopy.visual.image.ImageStim'>, autoLog=True, color=array([1., 1., 1.]), colorSpace='rgb', contrast=1.0, depth=-2.0, flipHoriz=False, flipVert=False, image='sin', interpolate=True, mask=None, maskParams=None, name='prac_rightImg1', opacity=1, ori=0.0, pos=array([0.05, 0.  ]), size=array([0.04, 0.04]), texRes=512, units='height', win=Window(...))
9.4975 	EXP 	Created prac_rightImg2 = ImageStim(__class__=<class 'psychopy.visual.image.ImageStim'>, autoLog=True, color=array([1., 1., 1.]), colorSpace='rgb', contrast=1.0, depth=-3.0, flipHoriz=False, flipVert=False, image='sin', interpolate=True, mask=None, maskParams=None, name='prac_rightImg2', opacity=1, ori=0.0, pos=array([0.1, 0. ]), size=array([0.04, 0.04]), texRes=512, units='height', win=Window(...))
9.5004 	EXP 	Created prac_leftImg1 = ImageStim(__class__=<class 'psychopy.visual.image.ImageStim'>, autoLog=True, color=array([1., 1., 1.]), colorSpace='rgb', contrast=1.0, depth=-4.0, flipHoriz=False, flipVert=False, image='sin', interpolate=True, mask=None, maskParams=None, name='prac_leftImg1', opacity=1, ori=0.0, pos=array([-0.05,  0.  ]), size=array([0.04, 0.04]), texRes=512, units='height', win=Window(...))
9.5032 	EXP 	Created prac_leftImg2 = ImageStim(__class__=<class 'psychopy.visual.image.ImageStim'>, autoLog=True, color=array([1., 1., 1.]), colorSpace='rgb', contrast=1.0, depth=-5.0, flipHoriz=False, flipVert=False, image='sin', interpolate=True, mask=None, maskParams=None, name='prac_leftImg2', opacity=1, ori=0.0, pos=array([-0.1,  0. ]), size=array([0.04, 0.04]), texRes=512, units='height', win=Window(...))
9.5061 	EXP 	Created prac_fixImg = ImageStim(__class__=<class 'psychopy.visual.image.ImageStim'>, autoLog=True, color=array([1., 1., 1.]), colorSpace='rgb', contrast=1.0, depth=-6.0, flipHoriz=False, flipVert=False, image='sin', interpolate=True, mask=None, maskParams=None, name='prac_fixImg', opacity=1, ori=0.0, pos=array([ 0.  , -0.05]), size=array([0.015, 0.015]), texRes=512, units='height', win=Window(...))
9.5061 	INFO 	keyboard.Keyboard is using ptb backend.
9.5071 	EXP 	Created prac_blockFeed_text = TextStim(__class__=<class 'psychopy.visual.text.TextStim'>, alignHoriz=method-wrapper(...), alignText='center', alignVert=method-wrapper(...), anchorHoriz='center', anchorVert='center', antialias=True, autoLog=True, bold=False, color=array([1., 1., 1.]), colorSpace='rgb', contrast=1.0, depth=-1.0, flipHoriz=False, flipVert=False, font='Arial', fontFiles=[], height=0.04, italic=False, languageStyle='LTR', name='prac_blockFeed_text', opacity=1, ori=0, pos=array([0., 0.]), rgb=UNKNOWN, text='', units='height', win=Window(...), wrapWidth=1.3)
9.5111 	EXP 	Created prac_pressContinue = TextStim(__class__=<class 'psychopy.visual.text.TextStim'>, alignHoriz=method-wrapper(...), alignText='center', alignVert=method-wrapper(...), anchorHoriz='center', anchorVert='center', antialias=True, autoLog=True, bold=False, color=array([1., 1., 1.]), colorSpace='rgb', contrast=1.0, depth=-2.0, flipHoriz=False, flipVert=False, font='Arial', fontFiles=[], height=0.04, italic=False, languageStyle='LTR', name='prac_pressContinue', opacity=1, ori=0.0, pos=array([ 0. , -0.3]), rgb=UNKNOWN, text='Press the right key to continue', units='height', win=Window(...), wrapWidth=1.3)
9.5111 	INFO 	keyboard.Keyboard is using ptb backend.
9.5160 	EXP 	Created instructMainTask_text = TextStim(__class__=<class 'psychopy.visual.text.TextStim'>, alignHoriz=method-wrapper(...), alignText='center', alignVert=method-wrapper(...), anchorHoriz='center', anchorVert='center', antialias=True, autoLog=True, bold=False, color=array([1., 1., 1.]), colorSpace='rgb', contrast=1.0, depth=0.0, flipHoriz=False, flipVert=False, font='Arial', fontFiles=[], height=0.04, italic=False, languageStyle='LTR', name='instructMainTask_text', opacity=1, ori=0, pos=array([0., 0.]), rgb=UNKNOWN, text=str(...), units='height', win=Window(...), wrapWidth=1.3)
9.5161 	INFO 	keyboard.Keyboard is using ptb backend.
9.5171 	EXP 	Created condition_whichCondition_text = TextStim(__class__=<class 'psychopy.visual.text.TextStim'>, alignHoriz=method-wrapper(...), alignText='center', alignVert=method-wrapper(...), anchorHoriz='center', anchorVert='center', antialias=True, autoLog=True, bold=False, color=array([1., 1., 1.]), colorSpace='rgb', contrast=1.0, depth=-1.0, flipHoriz=False, flipVert=False, font='Arial', fontFiles=[], height=0.06, italic=False, languageStyle='LTR', name='condition_whichCondition_text', opacity=1, ori=0.0, pos=array([0. , 0.3]), rgb=UNKNOWN, text='', units='height', win=Window(...), wrapWidth=1.3)
9.5279 	EXP 	Created condition_reminder_text = TextStim(__class__=<class 'psychopy.visual.text.TextStim'>, alignHoriz=method-wrapper(...), alignText='center', alignVert=method-wrapper(...), anchorHoriz='center', anchorVert='center', antialias=True, autoLog=True, bold=False, color=array([1., 1., 1.]), colorSpace='rgb', contrast=1.0, depth=-2.0, flipHoriz=False, flipVert=False, font='Arial', fontFiles=[], height=0.04, italic=False, languageStyle='LTR', name='condition_reminder_text', opacity=1, ori=0.0, pos=array([0., 0.]), rgb=UNKNOWN, text=str(...), units='height', win=Window(...), wrapWidth=1)
9.5279 	INFO 	keyboard.Keyboard is using ptb backend.
9.5293 	EXP 	Created task_blockText = TextStim(__class__=<class 'psychopy.visual.text.TextStim'>, alignHoriz=method-wrapper(...), alignText='center', alignVert=method-wrapper(...), anchorHoriz='center', anchorVert='center', antialias=True, autoLog=True, bold=False, color=array([1., 1., 1.]), colorSpace='rgb', contrast=1.0, depth=-1.0, flipHoriz=False, flipVert=False, font='Arial', fontFiles=[], height=0.12, italic=False, languageStyle='LTR', name='task_blockText', opacity=1, ori=0.0, pos=array([0. , 0.1]), rgb=UNKNOWN, text='', units='height', win=Window(...), wrapWidth=1.8)
9.5420 	EXP 	Created task_blockReminders_text = TextStim(__class__=<class 'psychopy.visual.text.TextStim'>, alignHoriz=method-wrapper(...), alignText='center', alignVert=method-wrapper(...), anchorHoriz='center', anchorVert='center', antialias=True, autoLog=True, bold=False, color=array([1., 1., 1.]), colorSpace='rgb', contrast=1.0, depth=-2.0, flipHoriz=False, flipVert=False, font='Arial', fontFiles=[], height=0.04, italic=False, languageStyle='LTR', name='task_blockReminders_text', opacity=1, ori=0, pos=array([ 0. , -0.1]), rgb=UNKNOWN, text=str(...), units='height', win=Window(...), wrapWidth=1.3)
9.5421 	INFO 	keyboard.Keyboard is using ptb backend.
9.5444 	EXP 	Created initFixation_img = ImageStim(__class__=<class 'psychopy.visual.image.ImageStim'>, autoLog=True, color=array([1., 1., 1.]), colorSpace='rgb', contrast=1.0, depth=0.0, flipHoriz=False, flipVert=False, image='sin', interpolate=True, mask=None, maskParams=None, name='initFixation_img', opacity=1, ori=0.0, pos=array([ 0.  , -0.05]), size=array([0.015, 0.015]), texRes=512, units='height', win=Window(...))
9.5467 	EXP 	Created task_centerImg = ImageStim(__class__=<class 'psychopy.visual.image.ImageStim'>, autoLog=True, color=array([1., 1., 1.]), colorSpace='rgb', contrast=1.0, depth=-1.0, flipHoriz=False, flipVert=False, image='sin', interpolate=True, mask=None, maskParams=None, name='task_centerImg', opacity=1, ori=0.0, pos=array([0., 0.]), size=array([0.04, 0.04]), texRes=512, units='height', win=Window(...))
9.5489 	EXP 	Created task_rightImg1 = ImageStim(__class__=<class 'psychopy.visual.image.ImageStim'>, autoLog=True, color=array([1., 1., 1.]), colorSpace='rgb', contrast=1.0, depth=-2.0, flipHoriz=False, flipVert=False, image='sin', interpolate=True, mask=None, maskParams=None, name='task_rightImg1', opacity=1, ori=0.0, pos=array([0.05, 0.  ]), size=array([0.04, 0.04]), texRes=512, units='height', win=Window(...))
9.5512 	EXP 	Created task_rightImg2 = ImageStim(__class__=<class 'psychopy.visual.image.ImageStim'>, autoLog=True, color=array([1., 1., 1.]), colorSpace='rgb', contrast=1.0, depth=-3.0, flipHoriz=False, flipVert=False, image='sin', interpolate=True, mask=None, maskParams=None, name='task_rightImg2', opacity=1, ori=0.0, pos=array([0.1, 0. ]), size=array([0.04, 0.04]), texRes=512, units='height', win=Window(...))
9.5535 	EXP 	Created task_leftImg1 = ImageStim(__class__=<class 'psychopy.visual.image.ImageStim'>, autoLog=True, color=array([1., 1., 1.]), colorSpace='rgb', contrast=1.0, depth=-4.0, flipHoriz=False, flipVert=False, image='sin', interpolate=True, mask=None, maskParams=None, name='task_leftImg1', opacity=1, ori=0.0, pos=array([-0.05,  0.  ]), size=array([0.04, 0.04]), texRes=512, units='height', win=Window(...))
9.5562 	EXP 	Created task_leftImg2 = ImageStim(__class__=<class 'psychopy.visual.image.ImageStim'>, autoLog=True, color=array([1., 1., 1.]), colorSpace='rgb', contrast=1.0, depth=-5.0, flipHoriz=False, flipVert=False, image='sin', interpolate=True, mask=None, maskParams=None, name='task_leftImg2', opacity=1, ori=0.0, pos=array([-0.1,  0. ]), size=array([0.04, 0.04]), texRes=512, units='height', win=Window(...))
9.5589 	EXP 	Created task_fixImg = ImageStim(__class__=<class 'psychopy.visual.image.ImageStim'>, autoLog=True, color=array([1., 1., 1.]), colorSpace='rgb', contrast=1.0, depth=-6.0, flipHoriz=False, flipVert=False, image='sin', interpolate=True, mask=None, maskParams=None, name='task_fixImg', opacity=1, ori=0.0, pos=array([ 0.  , -0.05]), size=array([0.015, 0.015]), texRes=512, units='height', win=Window(...))
9.5589 	INFO 	keyboard.Keyboard is using ptb backend.
9.5599 	EXP 	Created task_blockFeed_text = TextStim(__class__=<class 'psychopy.visual.text.TextStim'>, alignHoriz=method-wrapper(...), alignText='center', alignVert=method-wrapper(...), anchorHoriz='center', anchorVert='center', antialias=True, autoLog=True, bold=False, color=array([1., 1., 1.]), colorSpace='rgb', contrast=1.0, depth=-1.0, flipHoriz=False, flipVert=False, font='Arial', fontFiles=[], height=0.12, italic=False, languageStyle='LTR', name='task_blockFeed_text', opacity=1, ori=0, pos=array([0. , 0.1]), rgb=UNKNOWN, text='', units='height', win=Window(...), wrapWidth=1.8)
9.5633 	EXP 	Created task_blackFeed_text3 = TextStim(__class__=<class 'psychopy.visual.text.TextStim'>, alignHoriz=method-wrapper(...), alignText='center', alignVert=method-wrapper(...), anchorHoriz='center', anchorVert='center', antialias=True, autoLog=True, bold=False, color=array([1., 1., 1.]), colorSpace='rgb', contrast=1.0, depth=-2.0, flipHoriz=False, flipVert=False, font='Arial', fontFiles=[], height=0.04, italic=False, languageStyle='LTR', name='task_blackFeed_text3', opacity=1, ori=0.0, pos=array([ 0. , -0.3]), rgb=UNKNOWN, text='Please wait', units='height', win=Window(...), wrapWidth=1)
9.5643 	EXP 	Created task_blockFeed_text2 = TextStim(__class__=<class 'psychopy.visual.text.TextStim'>, alignHoriz=method-wrapper(...), alignText='center', alignVert=method-wrapper(...), anchorHoriz='center', anchorVert='center', antialias=True, autoLog=True, bold=False, color=array([1., 1., 1.]), colorSpace='rgb', contrast=1.0, depth=-3.0, flipHoriz=False, flipVert=False, font='Arial', fontFiles=[], height=0.04, italic=False, languageStyle='LTR', name='task_blockFeed_text2', opacity=1, ori=0, pos=array([ 0. , -0.3]), rgb=UNKNOWN, text='', units='height', win=Window(...), wrapWidth=1.3)
9.5643 	INFO 	keyboard.Keyboard is using ptb backend.
9.5685 	EXP 	Created conditionComplete_text = TextStim(__class__=<class 'psychopy.visual.text.TextStim'>, alignHoriz=method-wrapper(...), alignText='center', alignVert=method-wrapper(...), anchorHoriz='center', anchorVert='center', antialias=True, autoLog=True, bold=False, color=array([1., 1., 1.]), colorSpace='rgb', contrast=1.0, depth=0.0, flipHoriz=False, flipVert=False, font='Arial', fontFiles=[], height=0.04, italic=False, languageStyle='LTR', name='conditionComplete_text', opacity=1, ori=0.0, pos=array([0., 0.]), rgb=UNKNOWN, text=str(...), units='height', win=Window(...), wrapWidth=1.3)
9.5685 	INFO 	keyboard.Keyboard is using ptb backend.
9.5729 	EXP 	Created finishMessage_text = TextStim(__class__=<class 'psychopy.visual.text.TextStim'>, alignHoriz=method-wrapper(...), alignText='center', alignVert=method-wrapper(...), anchorHoriz='center', anchorVert='center', antialias=True, autoLog=True, bold=False, color=array([1., 1., 1.]), colorSpace='rgb', contrast=1.0, depth=0.0, flipHoriz=False, flipVert=False, font='Arial', fontFiles=[], height=0.04, italic=False, languageStyle='LTR', name='finishMessage_text', opacity=1, ori=0, pos=array([0., 0.]), rgb=UNKNOWN, text='Thank you for your participation!', units='height', win=Window(...), wrapWidth=1.3)
9.6067 	EXP 	welcome_text: autoDraw = True
11.1736 	DATA 	Keypress: space
13.0824 	DATA 	Keypress: 8
13.0855 	EXP 	welcome_text: autoDraw = False
13.0855 	EXP 	instructRight_text: autoDraw = True
13.0855 	EXP 	instructRight_centerImg: autoDraw = True
13.0855 	EXP 	instructRight_rightImg1: autoDraw = True
13.0855 	EXP 	instructRight_rightImg2: autoDraw = True
13.0855 	EXP 	instructRight_leftImg1: autoDraw = True
13.0855 	EXP 	instructRight_leftImg2: autoDraw = True
13.7488 	DATA 	Keypress: 8
13.7516 	EXP 	instructRight_text: autoDraw = False
13.7516 	EXP 	instructRight_centerImg: autoDraw = False
13.7516 	EXP 	instructRight_rightImg1: autoDraw = False
13.7516 	EXP 	instructRight_rightImg2: autoDraw = False
13.7516 	EXP 	instructRight_leftImg1: autoDraw = False
13.7516 	EXP 	instructRight_leftImg2: autoDraw = False
13.7516 	EXP 	instructLeft_text: autoDraw = True
13.7516 	EXP 	instructLeft_centerImg: autoDraw = True
13.7516 	EXP 	instructLeft_rightImg1: autoDraw = True
13.7516 	EXP 	instructLeft_rightImg2: autoDraw = True
13.7516 	EXP 	instructLeft_leftImg1: autoDraw = True
13.7516 	EXP 	instructLeft_leftImg2: autoDraw = True
13.9778 	DATA 	Keypress: 1
13.9911 	EXP 	instructLeft_text: autoDraw = False
13.9911 	EXP 	instructLeft_centerImg: autoDraw = False
13.9911 	EXP 	instructLeft_rightImg1: autoDraw = False
13.9911 	EXP 	instructLeft_rightImg2: autoDraw = False
13.9911 	EXP 	instructLeft_leftImg1: autoDraw = False
13.9911 	EXP 	instructLeft_leftImg2: autoDraw = False
13.9911 	EXP 	instructInconRight_text: autoDraw = True
13.9911 	EXP 	instructIncon_centerImg: autoDraw = True
13.9911 	EXP 	instructIncon_rightImg1: autoDraw = True
13.9911 	EXP 	instructIncon_rightImg2: autoDraw = True
13.9911 	EXP 	instructIncon_leftImg1: autoDraw = True
13.9911 	EXP 	instructInconRight_leftImg2: autoDraw = True
14.2622 	DATA 	Keypress: 8
14.2650 	EXP 	instructInconRight_text: autoDraw = False
14.2650 	EXP 	instructIncon_centerImg: autoDraw = False
14.2650 	EXP 	instructIncon_rightImg1: autoDraw = False
14.2650 	EXP 	instructIncon_rightImg2: autoDraw = False
14.2650 	EXP 	instructIncon_leftImg1: autoDraw = False
14.2650 	EXP 	instructInconRight_leftImg2: autoDraw = False
14.2650 	EXP 	instructInconLeft_text: autoDraw = True
14.2650 	EXP 	instructInconLeft_centerImg: autoDraw = True
14.2650 	EXP 	instructInconLeft_rightImg1: autoDraw = True
14.2650 	EXP 	instructInconLeft_rightImg2: autoDraw = True
14.2650 	EXP 	instructInconLeft_leftImg1: autoDraw = True
14.2650 	EXP 	instructInconLeft_leftImg2: autoDraw = True
14.2756 	EXP 	Created sequence: random, trialTypes=1, nReps=99, seed=None
14.2761 	EXP 	New trial (rep=0, index=0): None
14.2798 	DATA 	Keypress: 1
14.2821 	EXP 	instructInconLeft_text: autoDraw = False
14.2821 	EXP 	instructInconLeft_centerImg: autoDraw = False
14.2821 	EXP 	instructInconLeft_rightImg1: autoDraw = False
14.2821 	EXP 	instructInconLeft_rightImg2: autoDraw = False
14.2821 	EXP 	instructInconLeft_leftImg1: autoDraw = False
14.2821 	EXP 	instructInconLeft_leftImg2: autoDraw = False
14.2821 	EXP 	prac_blockText: autoDraw = True
14.2821 	EXP 	prac_reminder_text: autoDraw = True
14.4606 	DATA 	Keypress: 1
14.4758 	DATA 	Keypress: 8
14.6903 	DATA 	Keypress: 1
14.7211 	DATA 	Keypress: 8
14.7401 	EXP 	prac_blockText: autoDraw = False
14.7401 	EXP 	prac_reminder_text: autoDraw = False
14.7401 	EXP 	initFixation_img: image = 'img/fixationCross.png'
14.7401 	EXP 	initFixation_img: autoDraw = True
14.8595 	DATA 	Keypress: 8
17.7389 	DEBUG 	Read excel file with openpyxl: prac_trials.xlsx
17.7396 	EXP 	Imported prac_trials.xlsx as conditions, 4 conditions, 8 params
17.7398 	EXP 	Created sequence: random, trialTypes=4, nReps=1, seed=None
17.7401 	EXP 	New trial (rep=0, index=0): {'middleStim': 'img/leftArrow.png', 'rightStim1': 'img/rightArrow.png', 'rightStim2': 'img/rightArrow.png', 'leftStim1': 'img/rightArrow.png', 'leftStim2': 'img/rightArrow.png', 'stimNum': 4, 'congruent': 0, 'target': 'left'}
17.7863 	EXP 	initFixation_img: autoDraw = False
17.7863 	EXP 	prac_centerImg: image = 'img/leftArrow.png'
17.7863 	EXP 	prac_rightImg1: image = 'img/rightArrow.png'
17.7863 	EXP 	prac_rightImg2: image = 'img/rightArrow.png'
17.7863 	EXP 	prac_leftImg1: image = 'img/rightArrow.png'
17.7863 	EXP 	prac_leftImg2: image = 'img/rightArrow.png'
17.7863 	EXP 	prac_fixImg: image = 'img/fixationCross.png'
17.7863 	EXP 	prac_centerImg: autoDraw = True
17.7863 	EXP 	prac_rightImg1: autoDraw = True
17.7863 	EXP 	prac_rightImg2: autoDraw = True
17.7863 	EXP 	prac_leftImg1: autoDraw = True
17.7863 	EXP 	prac_leftImg2: autoDraw = True
17.7863 	EXP 	prac_fixImg: autoDraw = True
17.9900 	EXP 	prac_centerImg: autoDraw = False
17.9900 	EXP 	prac_rightImg1: autoDraw = False
17.9900 	EXP 	prac_rightImg2: autoDraw = False
17.9900 	EXP 	prac_leftImg1: autoDraw = False
17.9900 	EXP 	prac_leftImg2: autoDraw = False
18.1893 	DATA 	Keypress: 8
18.5218 	DATA 	Keypress: 1
19.3467 	EXP 	New trial (rep=0, index=1): {'middleStim': 'img/rightArrow.png', 'rightStim1': 'img/leftArrow.png', 'rightStim2': 'img/leftArrow.png', 'leftStim1': 'img/leftArrow.png', 'leftStim2': 'img/leftArrow.png', 'stimNum': 3, 'congruent': 0, 'target': 'right'}
19.3937 	EXP 	prac_fixImg: autoDraw = False
19.3937 	EXP 	prac_centerImg: autoDraw = False
19.3937 	EXP 	prac_rightImg1: autoDraw = False
19.3937 	EXP 	prac_rightImg2: autoDraw = False
19.3937 	EXP 	prac_leftImg1: autoDraw = False
19.3937 	EXP 	prac_leftImg2: autoDraw = False
19.3937 	EXP 	prac_fixImg: autoDraw = False
19.3937 	EXP 	prac_centerImg: image = 'img/rightArrow.png'
19.3937 	EXP 	prac_rightImg1: image = 'img/leftArrow.png'
19.3937 	EXP 	prac_rightImg2: image = 'img/leftArrow.png'
19.3937 	EXP 	prac_leftImg1: image = 'img/leftArrow.png'
19.3937 	EXP 	prac_leftImg2: image = 'img/leftArrow.png'
19.3937 	EXP 	prac_fixImg: image = 'img/fixationCross.png'
19.3937 	EXP 	prac_centerImg: autoDraw = True
19.3937 	EXP 	prac_rightImg1: autoDraw = True
19.3937 	EXP 	prac_rightImg2: autoDraw = True
19.3937 	EXP 	prac_leftImg1: autoDraw = True
19.3937 	EXP 	prac_leftImg2: autoDraw = True
19.3937 	EXP 	prac_fixImg: autoDraw = True
19.5986 	EXP 	prac_centerImg: autoDraw = False
19.5986 	EXP 	prac_rightImg1: autoDraw = False
19.5986 	EXP 	prac_rightImg2: autoDraw = False
19.5986 	EXP 	prac_leftImg1: autoDraw = False
19.5986 	EXP 	prac_leftImg2: autoDraw = False
19.9522 	DATA 	Keypress: 8
21.3140 	EXP 	New trial (rep=0, index=2): {'middleStim': 'img/leftArrow.png', 'rightStim1': 'img/leftArrow.png', 'rightStim2': 'img/leftArrow.png', 'leftStim1': 'img/leftArrow.png', 'leftStim2': 'img/leftArrow.png', 'stimNum': 2, 'congruent': 1, 'target': 'left'}
21.3616 	EXP 	prac_fixImg: autoDraw = False
21.3616 	EXP 	prac_centerImg: autoDraw = False
21.3616 	EXP 	prac_rightImg1: autoDraw = False
21.3616 	EXP 	prac_rightImg2: autoDraw = False
21.3616 	EXP 	prac_leftImg1: autoDraw = False
21.3616 	EXP 	prac_leftImg2: autoDraw = False
21.3616 	EXP 	prac_fixImg: autoDraw = False
21.3616 	EXP 	prac_centerImg: image = 'img/leftArrow.png'
21.3616 	EXP 	prac_rightImg1: image = 'img/leftArrow.png'
21.3616 	EXP 	prac_rightImg2: image = 'img/leftArrow.png'
21.3616 	EXP 	prac_leftImg1: image = 'img/leftArrow.png'
21.3616 	EXP 	prac_leftImg2: image = 'img/leftArrow.png'
21.3616 	EXP 	prac_fixImg: image = 'img/fixationCross.png'
21.3616 	EXP 	prac_centerImg: autoDraw = True
21.3616 	EXP 	prac_rightImg1: autoDraw = True
21.3616 	EXP 	prac_rightImg2: autoDraw = True
21.3616 	EXP 	prac_leftImg1: autoDraw = True
21.3616 	EXP 	prac_leftImg2: autoDraw = True
21.3616 	EXP 	prac_fixImg: autoDraw = True
21.5621 	EXP 	prac_centerImg: autoDraw = False
21.5621 	EXP 	prac_rightImg1: autoDraw = False
21.5621 	EXP 	prac_rightImg2: autoDraw = False
21.5621 	EXP 	prac_leftImg1: autoDraw = False
21.5621 	EXP 	prac_leftImg2: autoDraw = False
21.8172 	DATA 	Keypress: 1
22.8609 	EXP 	New trial (rep=0, index=3): {'middleStim': 'img/rightArrow.png', 'rightStim1': 'img/rightArrow.png', 'rightStim2': 'img/rightArrow.png', 'leftStim1': 'img/rightArrow.png', 'leftStim2': 'img/rightArrow.png', 'stimNum': 1, 'congruent': 1, 'target': 'right'}
22.9005 	EXP 	prac_fixImg: autoDraw = False
22.9005 	EXP 	prac_centerImg: autoDraw = False
22.9005 	EXP 	prac_rightImg1: autoDraw = False
22.9005 	EXP 	prac_rightImg2: autoDraw = False
22.9005 	EXP 	prac_leftImg1: autoDraw = False
22.9005 	EXP 	prac_leftImg2: autoDraw = False
22.9005 	EXP 	prac_fixImg: autoDraw = False
22.9005 	EXP 	prac_centerImg: image = 'img/rightArrow.png'
22.9005 	EXP 	prac_rightImg1: image = 'img/rightArrow.png'
22.9005 	EXP 	prac_rightImg2: image = 'img/rightArrow.png'
22.9005 	EXP 	prac_leftImg1: image = 'img/rightArrow.png'
22.9005 	EXP 	prac_leftImg2: image = 'img/rightArrow.png'
22.9005 	EXP 	prac_fixImg: image = 'img/fixationCross.png'
22.9005 	EXP 	prac_centerImg: autoDraw = True
22.9005 	EXP 	prac_rightImg1: autoDraw = True
22.9005 	EXP 	prac_rightImg2: autoDraw = True
22.9005 	EXP 	prac_leftImg1: autoDraw = True
22.9005 	EXP 	prac_leftImg2: autoDraw = True
22.9005 	EXP 	prac_fixImg: autoDraw = True
23.1039 	EXP 	prac_centerImg: autoDraw = False
23.1039 	EXP 	prac_rightImg1: autoDraw = False
23.1039 	EXP 	prac_rightImg2: autoDraw = False
23.1039 	EXP 	prac_leftImg1: autoDraw = False
23.1039 	EXP 	prac_leftImg2: autoDraw = False
23.2511 	DATA 	Keypress: 8
24.6650 	EXP 	prac_fixImg: autoDraw = False
24.6650 	EXP 	prac_centerImg: autoDraw = False
24.6650 	EXP 	prac_rightImg1: autoDraw = False
24.6650 	EXP 	prac_rightImg2: autoDraw = False
24.6650 	EXP 	prac_leftImg1: autoDraw = False
24.6650 	EXP 	prac_leftImg2: autoDraw = False
24.6650 	EXP 	prac_fixImg: autoDraw = False
24.6650 	EXP 	prac_blockFeed_text: text = 'You have completed the practice'
24.6650 	EXP 	prac_blockFeed_text: autoDraw = True
24.6650 	EXP 	prac_pressContinue: autoDraw = True
25.3770 	DATA 	Keypress: space
25.8557 	DATA 	Keypress: 8
25.8697 	EXP 	prac_blockFeed_text: autoDraw = False
25.8697 	EXP 	prac_pressContinue: autoDraw = False
25.8697 	EXP 	instructMainTask_text: autoDraw = True
26.4868 	DATA 	Keypress: 8
28.0068 	DATA 	Keypress: 8
28.9949 	DATA 	Keypress: c
29.0050 	DEBUG 	Read excel file with openpyxl: condition_A.xlsx
29.0054 	EXP 	Imported condition_A.xlsx as conditions, 2 conditions, 5 params
29.0056 	EXP 	Created sequence: sequential, trialTypes=2, nReps=1, seed=None
29.0058 	EXP 	New trial (rep=0, index=0): {'middleStim': 'img/leftArrow.png', 'rightStim1': 'img/leftArrow.png', 'rightStim2': 'img/leftArrow.png', 'whichCondition': 'nonsocial_task_trials.xlsx', 'conditionText': 'Alone'}
29.0149 	EXP 	instructMainTask_text: autoDraw = False
29.0149 	EXP 	condition_whichCondition_text: text = 'Alone'
29.0149 	EXP 	condition_whichCondition_text: autoDraw = True
29.0149 	EXP 	condition_reminder_text: autoDraw = True
32.8306 	DATA 	Keypress: 8
34.3922 	DATA 	Keypress: 1
34.7324 	DATA 	Keypress: 8
35.8165 	EXP 	Created sequence: random, trialTypes=1, nReps=2, seed=None
35.8166 	EXP 	New trial (rep=0, index=0): None
35.8307 	DATA 	Keypress: c
35.8326 	EXP 	condition_whichCondition_text: autoDraw = False
35.8326 	EXP 	condition_reminder_text: autoDraw = False
35.8326 	EXP 	task_blockText: text = 'Block 1 of 10'
35.8326 	EXP 	task_blockText: autoDraw = True
35.8326 	EXP 	task_blockReminders_text: autoDraw = True
44.0140 	DATA 	Keypress: 8
44.0324 	EXP 	task_blockText: autoDraw = False
44.0324 	EXP 	task_blockReminders_text: autoDraw = False
44.0324 	EXP 	initFixation_img: image = 'img/fixationCross.png'
44.0324 	EXP 	initFixation_img: autoDraw = True
47.0327 	DEBUG 	Read excel file with openpyxl: nonsocial_task_trials.xlsx
47.0339 	EXP 	Imported nonsocial_task_trials.xlsx as conditions, 4 conditions, 8 params
47.0344 	EXP 	Created sequence: random, trialTypes=4, nReps=1, seed=None
47.0348 	EXP 	New trial (rep=0, index=0): {'middleStim': 'img/leftArrow.png', 'rightStim1': 'img/rightArrow.png', 'rightStim2': 'img/rightArrow.png', 'leftStim1': 'img/rightArrow.png', 'leftStim2': 'img/rightArrow.png', 'stimNum': 44, 'congruent': 0, 'target': 'left'}
47.0975 	EXP 	initFixation_img: autoDraw = False
47.0975 	EXP 	task_centerImg: image = 'img/leftArrow.png'
47.0975 	EXP 	task_rightImg1: image = 'img/rightArrow.png'
47.0975 	EXP 	task_rightImg2: image = 'img/rightArrow.png'
47.0975 	EXP 	task_leftImg1: image = 'img/rightArrow.png'
47.0975 	EXP 	task_leftImg2: image = 'img/rightArrow.png'
47.0975 	EXP 	task_fixImg: image = 'img/fixationCross.png'
47.0975 	EXP 	task_centerImg: autoDraw = True
47.0975 	EXP 	task_rightImg1: autoDraw = True
47.0975 	EXP 	task_rightImg2: autoDraw = True
47.0975 	EXP 	task_leftImg1: autoDraw = True
47.0975 	EXP 	task_leftImg2: autoDraw = True
47.0975 	EXP 	task_fixImg: autoDraw = True
47.3033 	EXP 	task_centerImg: autoDraw = False
47.3033 	EXP 	task_rightImg1: autoDraw = False
47.3033 	EXP 	task_rightImg2: autoDraw = False
47.3033 	EXP 	task_leftImg1: autoDraw = False
47.3033 	EXP 	task_leftImg2: autoDraw = False
47.6581 	DATA 	Keypress: 1
48.8398 	EXP 	New trial (rep=0, index=1): {'middleStim': 'img/leftArrow.png', 'rightStim1': 'img/leftArrow.png', 'rightStim2': 'img/leftArrow.png', 'leftStim1': 'img/leftArrow.png', 'leftStim2': 'img/leftArrow.png', 'stimNum': 42, 'congruent': 1, 'target': 'left'}
48.8790 	EXP 	task_fixImg: autoDraw = False
48.8790 	EXP 	task_centerImg: autoDraw = False
48.8790 	EXP 	task_rightImg1: autoDraw = False
48.8790 	EXP 	task_rightImg2: autoDraw = False
48.8790 	EXP 	task_leftImg1: autoDraw = False
48.8790 	EXP 	task_leftImg2: autoDraw = False
48.8790 	EXP 	task_fixImg: autoDraw = False
48.8790 	EXP 	task_centerImg: image = 'img/leftArrow.png'
48.8790 	EXP 	task_rightImg1: image = 'img/leftArrow.png'
48.8790 	EXP 	task_rightImg2: image = 'img/leftArrow.png'
48.8790 	EXP 	task_leftImg1: image = 'img/leftArrow.png'
48.8790 	EXP 	task_leftImg2: image = 'img/leftArrow.png'
48.8790 	EXP 	task_fixImg: image = 'img/fixationCross.png'
48.8790 	EXP 	task_centerImg: autoDraw = True
48.8790 	EXP 	task_rightImg1: autoDraw = True
48.8790 	EXP 	task_rightImg2: autoDraw = True
48.8790 	EXP 	task_leftImg1: autoDraw = True
48.8790 	EXP 	task_leftImg2: autoDraw = True
48.8790 	EXP 	task_fixImg: autoDraw = True
49.0827 	EXP 	task_centerImg: autoDraw = False
49.0827 	EXP 	task_rightImg1: autoDraw = False
49.0827 	EXP 	task_rightImg2: autoDraw = False
49.0827 	EXP 	task_leftImg1: autoDraw = False
49.0827 	EXP 	task_leftImg2: autoDraw = False
49.3747 	DATA 	Keypress: 1
50.6507 	EXP 	New trial (rep=0, index=2): {'middleStim': 'img/rightArrow.png', 'rightStim1': 'img/leftArrow.png', 'rightStim2': 'img/leftArrow.png', 'leftStim1': 'img/leftArrow.png', 'leftStim2': 'img/leftArrow.png', 'stimNum': 43, 'congruent': 0, 'target': 'right'}
50.6989 	EXP 	task_fixImg: autoDraw = False
50.6989 	EXP 	task_centerImg: autoDraw = False
50.6989 	EXP 	task_rightImg1: autoDraw = False
50.6989 	EXP 	task_rightImg2: autoDraw = False
50.6989 	EXP 	task_leftImg1: autoDraw = False
50.6989 	EXP 	task_leftImg2: autoDraw = False
50.6989 	EXP 	task_fixImg: autoDraw = False
50.6989 	EXP 	task_centerImg: image = 'img/rightArrow.png'
50.6989 	EXP 	task_rightImg1: image = 'img/leftArrow.png'
50.6989 	EXP 	task_rightImg2: image = 'img/leftArrow.png'
50.6989 	EXP 	task_leftImg1: image = 'img/leftArrow.png'
50.6989 	EXP 	task_leftImg2: image = 'img/leftArrow.png'
50.6989 	EXP 	task_fixImg: image = 'img/fixationCross.png'
50.6989 	EXP 	task_centerImg: autoDraw = True
50.6989 	EXP 	task_rightImg1: autoDraw = True
50.6989 	EXP 	task_rightImg2: autoDraw = True
50.6989 	EXP 	task_leftImg1: autoDraw = True
50.6989 	EXP 	task_leftImg2: autoDraw = True
50.6989 	EXP 	task_fixImg: autoDraw = True
50.9001 	EXP 	task_centerImg: autoDraw = False
50.9001 	EXP 	task_rightImg1: autoDraw = False
50.9001 	EXP 	task_rightImg2: autoDraw = False
50.9001 	EXP 	task_leftImg1: autoDraw = False
50.9001 	EXP 	task_leftImg2: autoDraw = False
51.1614 	DATA 	Keypress: 8
52.3962 	EXP 	New trial (rep=0, index=3): {'middleStim': 'img/rightArrow.png', 'rightStim1': 'img/rightArrow.png', 'rightStim2': 'img/rightArrow.png', 'leftStim1': 'img/rightArrow.png', 'leftStim2': 'img/rightArrow.png', 'stimNum': 41, 'congruent': 1, 'target': 'right'}
52.4467 	EXP 	task_fixImg: autoDraw = False
52.4467 	EXP 	task_centerImg: autoDraw = False
52.4467 	EXP 	task_rightImg1: autoDraw = False
52.4467 	EXP 	task_rightImg2: autoDraw = False
52.4467 	EXP 	task_leftImg1: autoDraw = False
52.4467 	EXP 	task_leftImg2: autoDraw = False
52.4467 	EXP 	task_fixImg: autoDraw = False
52.4467 	EXP 	task_centerImg: image = 'img/rightArrow.png'
52.4467 	EXP 	task_rightImg1: image = 'img/rightArrow.png'
52.4467 	EXP 	task_rightImg2: image = 'img/rightArrow.png'
52.4467 	EXP 	task_leftImg1: image = 'img/rightArrow.png'
52.4467 	EXP 	task_leftImg2: image = 'img/rightArrow.png'
52.4467 	EXP 	task_fixImg: image = 'img/fixationCross.png'
52.4467 	EXP 	task_centerImg: autoDraw = True
52.4467 	EXP 	task_rightImg1: autoDraw = True
52.4467 	EXP 	task_rightImg2: autoDraw = True
52.4467 	EXP 	task_leftImg1: autoDraw = True
52.4467 	EXP 	task_leftImg2: autoDraw = True
52.4467 	EXP 	task_fixImg: autoDraw = True
52.6496 	EXP 	task_centerImg: autoDraw = False
52.6496 	EXP 	task_rightImg1: autoDraw = False
52.6496 	EXP 	task_rightImg2: autoDraw = False
52.6496 	EXP 	task_leftImg1: autoDraw = False
52.6496 	EXP 	task_leftImg2: autoDraw = False
52.8536 	DATA 	Keypress: 8
54.0633 	EXP 	task_fixImg: autoDraw = False
54.0633 	EXP 	task_centerImg: autoDraw = False
54.0633 	EXP 	task_rightImg1: autoDraw = False
54.0633 	EXP 	task_rightImg2: autoDraw = False
54.0633 	EXP 	task_leftImg1: autoDraw = False
54.0633 	EXP 	task_leftImg2: autoDraw = False
54.0633 	EXP 	task_fixImg: autoDraw = False
54.0633 	EXP 	task_blockFeed_text: text = 'Respond faster'
54.0633 	EXP 	task_blockFeed_text2: text = 'Press the right button to continue'
54.0633 	EXP 	task_blockFeed_text: autoDraw = True
54.0633 	EXP 	task_blackFeed_text3: autoDraw = True
56.5258 	DATA 	Keypress: 8
56.7478 	DATA 	Keypress: 1
56.9180 	DATA 	Keypress: 8
57.0482 	DATA 	Keypress: 1
57.1351 	DATA 	Keypress: 8
57.2837 	DATA 	Keypress: 1
57.3319 	DATA 	Keypress: 8
57.5224 	DATA 	Keypress: 1
57.5499 	DATA 	Keypress: 8
57.7449 	DATA 	Keypress: 8
57.7938 	DATA 	Keypress: 1
64.0563 	EXP 	task_blockFeed_text2: autoDraw = True
64.0705 	EXP 	task_blackFeed_text3: autoDraw = False
64.9509 	DATA 	Keypress: 8
64.9564 	EXP 	New trial (rep=1, index=0): None
64.9665 	EXP 	task_blockFeed_text: autoDraw = False
64.9665 	EXP 	task_blackFeed_text3: autoDraw = False
64.9665 	EXP 	task_blockFeed_text2: autoDraw = False
64.9665 	EXP 	task_blockText: text = 'Block 2 of 10'
64.9665 	EXP 	task_blockText: autoDraw = True
64.9665 	EXP 	task_blockReminders_text: autoDraw = True
65.9133 	DATA 	Keypress: 8
65.9306 	EXP 	task_blockText: autoDraw = False
65.9306 	EXP 	task_blockReminders_text: autoDraw = False
65.9306 	EXP 	initFixation_img: image = 'img/fixationCross.png'
65.9306 	EXP 	initFixation_img: autoDraw = True
66.9792 	DATA 	Keypress: escape
69.7292 	EXP 	window1: mouseVisible = True
69.7293 	DEBUG 	Saving data for flanker-basic_v5 ExperimentHandler
69.7311 	INFO 	saved data to C:\Users\NDClab\Desktop\Experiments\social-flanker-eeg\flanker-basic-v5\data/1_A_1_1_flanker-basic_v5_2022_Apr_28_1512.psydat
69.7327 	INFO 	saved data to 'C:\\Users\\NDClab\\Desktop\\Experiments\\social-flanker-eeg\\flanker-basic-v5\\data/1_A_1_1_flanker-basic_v5_2022_Apr_28_1512.csv'
