4.3049 	INFO 	Loaded monitor calibration from ['2021_09_14 11:10']
4.3072 	WARNING 	User requested fullscreen with size [1536  864], but screen is actually [1920, 1080]. Using actual size
7.6785 	EXP 	Created window1 = Window(allowGUI=False, allowStencil=False, autoLog=True, backendConf=UNKNOWN, bitsMode=UNKNOWN, blendMode='avg', bpc=(8, 8, 8), color=array([-1, -1, -1]), colorSpace='rgb', depthBits=8, fullscr=<method-wrapper '__getattribute__' of attributeSetter object at 0x0000018E37F14C50>, gamma=None, gammaErrorPolicy='raise', lms=UNKNOWN, monitor=<psychopy.monitors.calibTools.Monitor object at 0x0000018E37EF8B70>, multiSample=False, name='window1', numSamples=2, pos=[0.0, 0.0], screen=0, size=array([1920, 1080]), stencilBits=0, stereo=False, units='height', useFBO=True, useRetina=False, viewOri=0.0, viewPos=None, viewScale=None, waitBlanking=True, winType='pyglet')
7.6791 	EXP 	window1: mouseVisible = True
7.6792 	EXP 	window1: recordFrameIntervals = False
7.7190 	EXP 	window1: recordFrameIntervals = True
7.7650 	DEBUG 	Screen (0) actual frame rate measured at 240.47
7.7651 	EXP 	window1: recordFrameIntervals = False
8.0080 	INFO 	keyboard.Keyboard is using ptb backend.
8.0897 	EXP 	Created welcome_text = TextStim(__class__=<class 'psychopy.visual.text.TextStim'>, alignHoriz=method-wrapper(...), alignText='center', alignVert=method-wrapper(...), anchorHoriz='center', anchorVert='center', antialias=True, autoLog=True, bold=False, color=array([1., 1., 1.]), colorSpace='rgb', contrast=1.0, depth=0.0, flipHoriz=False, flipVert=False, font='Arial', fontFiles=[], height=0.04, italic=False, languageStyle='LTR', name='welcome_text', opacity=1, ori=0, pos=array([0., 0.]), rgb=UNKNOWN, text=str(...), units='height', win=Window(...), wrapWidth=1.3)
8.0897 	INFO 	keyboard.Keyboard is using ptb backend.
8.0979 	EXP 	Created instructRight_text = TextStim(__class__=<class 'psychopy.visual.text.TextStim'>, alignHoriz=method-wrapper(...), alignText='center', alignVert=method-wrapper(...), anchorHoriz='center', anchorVert='center', antialias=True, autoLog=True, bold=False, color=array([1., 1., 1.]), colorSpace='rgb', contrast=1.0, depth=0.0, flipHoriz=False, flipVert=False, font='Arial', fontFiles=[], height=0.04, italic=False, languageStyle='LTR', name='instructRight_text', opacity=1, ori=0, pos=array([0., 0.]), rgb=UNKNOWN, text=str(...), units='height', win=Window(...), wrapWidth=1.3)
8.1372 	EXP 	Created instructRight_centerImg = ImageStim(__class__=<class 'psychopy.visual.image.ImageStim'>, autoLog=True, color=array([1., 1., 1.]), colorSpace='rgb', contrast=1.0, depth=-1.0, flipHoriz=False, flipVert=False, image='img/rightArrow.png', interpolate=True, mask=None, maskParams=None, name='instructRight_centerImg', opacity=1, ori=0.0, pos=array([ 0. , -0.3]), size=array([0.04, 0.04]), texRes=512, units='height', win=Window(...))
8.1716 	EXP 	Created instructRight_rightImg1 = ImageStim(__class__=<class 'psychopy.visual.image.ImageStim'>, autoLog=True, color=array([1., 1., 1.]), colorSpace='rgb', contrast=1.0, depth=-2.0, flipHoriz=False, flipVert=False, image='img/rightArrow.png', interpolate=True, mask=None, maskParams=None, name='instructRight_rightImg1', opacity=1, ori=0.0, pos=array([ 0.05, -0.3 ]), size=array([0.04, 0.04]), texRes=512, units='height', win=Window(...))
8.2091 	EXP 	Created instructRight_rightImg2 = ImageStim(__class__=<class 'psychopy.visual.image.ImageStim'>, autoLog=True, color=array([1., 1., 1.]), colorSpace='rgb', contrast=1.0, depth=-3.0, flipHoriz=False, flipVert=False, image='img/rightArrow.png', interpolate=True, mask=None, maskParams=None, name='instructRight_rightImg2', opacity=1, ori=0.0, pos=array([ 0.1, -0.3]), size=array([0.04, 0.04]), texRes=512, units='height', win=Window(...))
8.2463 	EXP 	Created instructRight_leftImg1 = ImageStim(__class__=<class 'psychopy.visual.image.ImageStim'>, autoLog=True, color=array([1., 1., 1.]), colorSpace='rgb', contrast=1.0, depth=-4.0, flipHoriz=False, flipVert=False, image='img/rightArrow.png', interpolate=True, mask=None, maskParams=None, name='instructRight_leftImg1', opacity=1, ori=0.0, pos=array([-0.05, -0.3 ]), size=array([0.04, 0.04]), texRes=512, units='height', win=Window(...))
8.2833 	EXP 	Created instructRight_leftImg2 = ImageStim(__class__=<class 'psychopy.visual.image.ImageStim'>, autoLog=True, color=array([1., 1., 1.]), colorSpace='rgb', contrast=1.0, depth=-5.0, flipHoriz=False, flipVert=False, image='img/rightArrow.png', interpolate=True, mask=None, maskParams=None, name='instructRight_leftImg2', opacity=1, ori=0.0, pos=array([-0.1, -0.3]), size=array([0.04, 0.04]), texRes=512, units='height', win=Window(...))
8.2833 	INFO 	keyboard.Keyboard is using ptb backend.
8.2898 	EXP 	Created instructLeft_text = TextStim(__class__=<class 'psychopy.visual.text.TextStim'>, alignHoriz=method-wrapper(...), alignText='center', alignVert=method-wrapper(...), anchorHoriz='center', anchorVert='center', antialias=True, autoLog=True, bold=False, color=array([1., 1., 1.]), colorSpace='rgb', contrast=1.0, depth=0.0, flipHoriz=False, flipVert=False, font='Arial', fontFiles=[], height=0.04, italic=False, languageStyle='LTR', name='instructLeft_text', opacity=1, ori=0, pos=array([0., 0.]), rgb=UNKNOWN, text=str(...), units='height', win=Window(...), wrapWidth=1.3)
8.3289 	EXP 	Created instructLeft_centerImg = ImageStim(__class__=<class 'psychopy.visual.image.ImageStim'>, autoLog=True, color=array([1., 1., 1.]), colorSpace='rgb', contrast=1.0, depth=-1.0, flipHoriz=False, flipVert=False, image='img/leftArrow.png', interpolate=True, mask=None, maskParams=None, name='instructLeft_centerImg', opacity=1, ori=0.0, pos=array([ 0. , -0.3]), size=array([0.04, 0.04]), texRes=512, units='height', win=Window(...))
8.3675 	EXP 	Created instructLeft_rightImg1 = ImageStim(__class__=<class 'psychopy.visual.image.ImageStim'>, autoLog=True, color=array([1., 1., 1.]), colorSpace='rgb', contrast=1.0, depth=-2.0, flipHoriz=False, flipVert=False, image='img/leftArrow.png', interpolate=True, mask=None, maskParams=None, name='instructLeft_rightImg1', opacity=1, ori=0.0, pos=array([ 0.05, -0.3 ]), size=array([0.04, 0.04]), texRes=512, units='height', win=Window(...))
8.4065 	EXP 	Created instructLeft_rightImg2 = ImageStim(__class__=<class 'psychopy.visual.image.ImageStim'>, autoLog=True, color=array([1., 1., 1.]), colorSpace='rgb', contrast=1.0, depth=-3.0, flipHoriz=False, flipVert=False, image='img/leftArrow.png', interpolate=True, mask=None, maskParams=None, name='instructLeft_rightImg2', opacity=1, ori=0.0, pos=array([ 0.1, -0.3]), size=array([0.04, 0.04]), texRes=512, units='height', win=Window(...))
8.4455 	EXP 	Created instructLeft_leftImg1 = ImageStim(__class__=<class 'psychopy.visual.image.ImageStim'>, autoLog=True, color=array([1., 1., 1.]), colorSpace='rgb', contrast=1.0, depth=-4.0, flipHoriz=False, flipVert=False, image='img/leftArrow.png', interpolate=True, mask=None, maskParams=None, name='instructLeft_leftImg1', opacity=1, ori=0.0, pos=array([-0.05, -0.3 ]), size=array([0.04, 0.04]), texRes=512, units='height', win=Window(...))
8.4847 	EXP 	Created instructLeft_leftImg2 = ImageStim(__class__=<class 'psychopy.visual.image.ImageStim'>, autoLog=True, color=array([1., 1., 1.]), colorSpace='rgb', contrast=1.0, depth=-5.0, flipHoriz=False, flipVert=False, image='img/leftArrow.png', interpolate=True, mask=None, maskParams=None, name='instructLeft_leftImg2', opacity=1, ori=0.0, pos=array([-0.1, -0.3]), size=array([0.04, 0.04]), texRes=512, units='height', win=Window(...))
8.4847 	INFO 	keyboard.Keyboard is using ptb backend.
8.5017 	EXP 	Created instructInconRight_text = TextStim(__class__=<class 'psychopy.visual.text.TextStim'>, alignHoriz=method-wrapper(...), alignText='center', alignVert=method-wrapper(...), anchorHoriz='center', anchorVert='center', antialias=True, autoLog=True, bold=False, color=array([1., 1., 1.]), colorSpace='rgb', contrast=1.0, depth=0.0, flipHoriz=False, flipVert=False, font='Arial', fontFiles=[], height=0.04, italic=False, languageStyle='LTR', name='instructInconRight_text', opacity=1, ori=0, pos=array([0., 0.]), rgb=UNKNOWN, text=str(...), units='height', win=Window(...), wrapWidth=1.3)
8.5263 	EXP 	Created instructIncon_centerImg = ImageStim(__class__=<class 'psychopy.visual.image.ImageStim'>, autoLog=True, color=array([1., 1., 1.]), colorSpace='rgb', contrast=1.0, depth=-1.0, flipHoriz=False, flipVert=False, image='img/rightArrow.png', interpolate=True, mask=None, maskParams=None, name='instructIncon_centerImg', opacity=1, ori=0.0, pos=array([ 0. , -0.3]), size=array([0.04, 0.04]), texRes=512, units='height', win=Window(...))
8.5496 	EXP 	Created instructIncon_rightImg1 = ImageStim(__class__=<class 'psychopy.visual.image.ImageStim'>, autoLog=True, color=array([1., 1., 1.]), colorSpace='rgb', contrast=1.0, depth=-2.0, flipHoriz=False, flipVert=False, image='img/leftArrow.png', interpolate=True, mask=None, maskParams=None, name='instructIncon_rightImg1', opacity=1, ori=0.0, pos=array([ 0.05, -0.3 ]), size=array([0.04, 0.04]), texRes=512, units='height', win=Window(...))
8.5726 	EXP 	Created instructIncon_rightImg2 = ImageStim(__class__=<class 'psychopy.visual.image.ImageStim'>, autoLog=True, color=array([1., 1., 1.]), colorSpace='rgb', contrast=1.0, depth=-3.0, flipHoriz=False, flipVert=False, image='img/leftArrow.png', interpolate=True, mask=None, maskParams=None, name='instructIncon_rightImg2', opacity=1, ori=0.0, pos=array([ 0.1, -0.3]), size=array([0.04, 0.04]), texRes=512, units='height', win=Window(...))
8.5958 	EXP 	Created instructIncon_leftImg1 = ImageStim(__class__=<class 'psychopy.visual.image.ImageStim'>, autoLog=True, color=array([1., 1., 1.]), colorSpace='rgb', contrast=1.0, depth=-4.0, flipHoriz=False, flipVert=False, image='img/leftArrow.png', interpolate=True, mask=None, maskParams=None, name='instructIncon_leftImg1', opacity=1, ori=0.0, pos=array([-0.05, -0.3 ]), size=array([0.04, 0.04]), texRes=512, units='height', win=Window(...))
8.6190 	EXP 	Created instructInconRight_leftImg2 = ImageStim(__class__=<class 'psychopy.visual.image.ImageStim'>, autoLog=True, color=array([1., 1., 1.]), colorSpace='rgb', contrast=1.0, depth=-5.0, flipHoriz=False, flipVert=False, image='img/leftArrow.png', interpolate=True, mask=None, maskParams=None, name='instructInconRight_leftImg2', opacity=1, ori=0.0, pos=array([-0.1, -0.3]), size=array([0.04, 0.04]), texRes=512, units='height', win=Window(...))
8.6191 	INFO 	keyboard.Keyboard is using ptb backend.
8.6264 	EXP 	Created instructInconLeft_text = TextStim(__class__=<class 'psychopy.visual.text.TextStim'>, alignHoriz=method-wrapper(...), alignText='center', alignVert=method-wrapper(...), anchorHoriz='center', anchorVert='center', antialias=True, autoLog=True, bold=False, color=array([1., 1., 1.]), colorSpace='rgb', contrast=1.0, depth=0.0, flipHoriz=False, flipVert=False, font='Arial', fontFiles=[], height=0.04, italic=False, languageStyle='LTR', name='instructInconLeft_text', opacity=1, ori=0, pos=array([0., 0.]), rgb=UNKNOWN, text=str(...), units='height', win=Window(...), wrapWidth=1.3)
8.6497 	EXP 	Created instructInconLeft_centerImg = ImageStim(__class__=<class 'psychopy.visual.image.ImageStim'>, autoLog=True, color=array([1., 1., 1.]), colorSpace='rgb', contrast=1.0, depth=-1.0, flipHoriz=False, flipVert=False, image='img/leftArrow.png', interpolate=True, mask=None, maskParams=None, name='instructInconLeft_centerImg', opacity=1, ori=0.0, pos=array([ 0. , -0.3]), size=array([0.04, 0.04]), texRes=512, units='height', win=Window(...))
8.6728 	EXP 	Created instructInconLeft_rightImg1 = ImageStim(__class__=<class 'psychopy.visual.image.ImageStim'>, autoLog=True, color=array([1., 1., 1.]), colorSpace='rgb', contrast=1.0, depth=-2.0, flipHoriz=False, flipVert=False, image='img/rightArrow.png', interpolate=True, mask=None, maskParams=None, name='instructInconLeft_rightImg1', opacity=1, ori=0.0, pos=array([ 0.05, -0.3 ]), size=array([0.04, 0.04]), texRes=512, units='height', win=Window(...))
8.7006 	EXP 	Created instructInconLeft_rightImg2 = ImageStim(__class__=<class 'psychopy.visual.image.ImageStim'>, autoLog=True, color=array([1., 1., 1.]), colorSpace='rgb', contrast=1.0, depth=-3.0, flipHoriz=False, flipVert=False, image='img/rightArrow.png', interpolate=True, mask=None, maskParams=None, name='instructInconLeft_rightImg2', opacity=1, ori=0.0, pos=array([ 0.1, -0.3]), size=array([0.04, 0.04]), texRes=512, units='height', win=Window(...))
8.7304 	EXP 	Created instructInconLeft_leftImg1 = ImageStim(__class__=<class 'psychopy.visual.image.ImageStim'>, autoLog=True, color=array([1., 1., 1.]), colorSpace='rgb', contrast=1.0, depth=-4.0, flipHoriz=False, flipVert=False, image='img/rightArrow.png', interpolate=True, mask=None, maskParams=None, name='instructInconLeft_leftImg1', opacity=1, ori=0.0, pos=array([-0.05, -0.3 ]), size=array([0.04, 0.04]), texRes=512, units='height', win=Window(...))
8.7596 	EXP 	Created instructInconLeft_leftImg2 = ImageStim(__class__=<class 'psychopy.visual.image.ImageStim'>, autoLog=True, color=array([1., 1., 1.]), colorSpace='rgb', contrast=1.0, depth=-5.0, flipHoriz=False, flipVert=False, image='img/rightArrow.png', interpolate=True, mask=None, maskParams=None, name='instructInconLeft_leftImg2', opacity=1, ori=0.0, pos=array([-0.1, -0.3]), size=array([0.04, 0.04]), texRes=512, units='height', win=Window(...))
8.7596 	INFO 	keyboard.Keyboard is using ptb backend.
8.7688 	EXP 	Created prac_blockText = TextStim(__class__=<class 'psychopy.visual.text.TextStim'>, alignHoriz=method-wrapper(...), alignText='center', alignVert=method-wrapper(...), anchorHoriz='center', anchorVert='center', antialias=True, autoLog=True, bold=False, color=array([1., 1., 1.]), colorSpace='rgb', contrast=1.0, depth=-1.0, flipHoriz=False, flipVert=False, font='Arial', fontFiles=[], height=0.06, italic=False, languageStyle='LTR', name='prac_blockText', opacity=1, ori=0.0, pos=array([0. , 0.3]), rgb=UNKNOWN, text='Practice', units='height', win=Window(...), wrapWidth=1.3)
8.7840 	EXP 	Created prac_reminder_text = TextStim(__class__=<class 'psychopy.visual.text.TextStim'>, alignHoriz=method-wrapper(...), alignText='center', alignVert=method-wrapper(...), anchorHoriz='center', anchorVert='center', antialias=True, autoLog=True, bold=False, color=array([1., 1., 1.]), colorSpace='rgb', contrast=1.0, depth=-2.0, flipHoriz=False, flipVert=False, font='Arial', fontFiles=[], height=0.04, italic=False, languageStyle='LTR', name='prac_reminder_text', opacity=1, ori=0, pos=array([0., 0.]), rgb=UNKNOWN, text=str(...), units='height', win=Window(...), wrapWidth=1.3)
8.7841 	INFO 	keyboard.Keyboard is using ptb backend.
8.7871 	EXP 	Created initFixation_img = ImageStim(__class__=<class 'psychopy.visual.image.ImageStim'>, autoLog=True, color=array([1., 1., 1.]), colorSpace='rgb', contrast=1.0, depth=0.0, flipHoriz=False, flipVert=False, image='sin', interpolate=True, mask=None, maskParams=None, name='initFixation_img', opacity=1, ori=0.0, pos=array([ 0.  , -0.05]), size=array([0.015, 0.015]), texRes=512, units='height', win=Window(...))
8.7899 	EXP 	Created prac_centerImg = ImageStim(__class__=<class 'psychopy.visual.image.ImageStim'>, autoLog=True, color=array([1., 1., 1.]), colorSpace='rgb', contrast=1.0, depth=-1.0, flipHoriz=False, flipVert=False, image='sin', interpolate=True, mask=None, maskParams=None, name='prac_centerImg', opacity=1, ori=0.0, pos=array([0., 0.]), size=array([0.04, 0.04]), texRes=512, units='height', win=Window(...))
8.7927 	EXP 	Created prac_rightImg1 = ImageStim(__class__=<class 'psychopy.visual.image.ImageStim'>, autoLog=True, color=array([1., 1., 1.]), colorSpace='rgb', contrast=1.0, depth=-2.0, flipHoriz=False, flipVert=False, image='sin', interpolate=True, mask=None, maskParams=None, name='prac_rightImg1', opacity=1, ori=0.0, pos=array([0.05, 0.  ]), size=array([0.04, 0.04]), texRes=512, units='height', win=Window(...))
8.7957 	EXP 	Created prac_rightImg2 = ImageStim(__class__=<class 'psychopy.visual.image.ImageStim'>, autoLog=True, color=array([1., 1., 1.]), colorSpace='rgb', contrast=1.0, depth=-3.0, flipHoriz=False, flipVert=False, image='sin', interpolate=True, mask=None, maskParams=None, name='prac_rightImg2', opacity=1, ori=0.0, pos=array([0.1, 0. ]), size=array([0.04, 0.04]), texRes=512, units='height', win=Window(...))
8.7989 	EXP 	Created prac_leftImg1 = ImageStim(__class__=<class 'psychopy.visual.image.ImageStim'>, autoLog=True, color=array([1., 1., 1.]), colorSpace='rgb', contrast=1.0, depth=-4.0, flipHoriz=False, flipVert=False, image='sin', interpolate=True, mask=None, maskParams=None, name='prac_leftImg1', opacity=1, ori=0.0, pos=array([-0.05,  0.  ]), size=array([0.04, 0.04]), texRes=512, units='height', win=Window(...))
8.8018 	EXP 	Created prac_leftImg2 = ImageStim(__class__=<class 'psychopy.visual.image.ImageStim'>, autoLog=True, color=array([1., 1., 1.]), colorSpace='rgb', contrast=1.0, depth=-5.0, flipHoriz=False, flipVert=False, image='sin', interpolate=True, mask=None, maskParams=None, name='prac_leftImg2', opacity=1, ori=0.0, pos=array([-0.1,  0. ]), size=array([0.04, 0.04]), texRes=512, units='height', win=Window(...))
8.8047 	EXP 	Created prac_fixImg = ImageStim(__class__=<class 'psychopy.visual.image.ImageStim'>, autoLog=True, color=array([1., 1., 1.]), colorSpace='rgb', contrast=1.0, depth=-6.0, flipHoriz=False, flipVert=False, image='sin', interpolate=True, mask=None, maskParams=None, name='prac_fixImg', opacity=1, ori=0.0, pos=array([ 0.  , -0.05]), size=array([0.015, 0.015]), texRes=512, units='height', win=Window(...))
8.8047 	INFO 	keyboard.Keyboard is using ptb backend.
8.8058 	EXP 	Created prac_blockFeed_text = TextStim(__class__=<class 'psychopy.visual.text.TextStim'>, alignHoriz=method-wrapper(...), alignText='center', alignVert=method-wrapper(...), anchorHoriz='center', anchorVert='center', antialias=True, autoLog=True, bold=False, color=array([1., 1., 1.]), colorSpace='rgb', contrast=1.0, depth=-1.0, flipHoriz=False, flipVert=False, font='Arial', fontFiles=[], height=0.04, italic=False, languageStyle='LTR', name='prac_blockFeed_text', opacity=1, ori=0, pos=array([0., 0.]), rgb=UNKNOWN, text='', units='height', win=Window(...), wrapWidth=1.3)
8.8098 	EXP 	Created prac_pressContinue = TextStim(__class__=<class 'psychopy.visual.text.TextStim'>, alignHoriz=method-wrapper(...), alignText='center', alignVert=method-wrapper(...), anchorHoriz='center', anchorVert='center', antialias=True, autoLog=True, bold=False, color=array([1., 1., 1.]), colorSpace='rgb', contrast=1.0, depth=-2.0, flipHoriz=False, flipVert=False, font='Arial', fontFiles=[], height=0.04, italic=False, languageStyle='LTR', name='prac_pressContinue', opacity=1, ori=0.0, pos=array([ 0. , -0.3]), rgb=UNKNOWN, text='Press the right key', units='height', win=Window(...), wrapWidth=1.3)
8.8098 	INFO 	keyboard.Keyboard is using ptb backend.
8.8140 	EXP 	Created instructMainTask_text = TextStim(__class__=<class 'psychopy.visual.text.TextStim'>, alignHoriz=method-wrapper(...), alignText='center', alignVert=method-wrapper(...), anchorHoriz='center', anchorVert='center', antialias=True, autoLog=True, bold=False, color=array([1., 1., 1.]), colorSpace='rgb', contrast=1.0, depth=0.0, flipHoriz=False, flipVert=False, font='Arial', fontFiles=[], height=0.04, italic=False, languageStyle='LTR', name='instructMainTask_text', opacity=1, ori=0, pos=array([0., 0.]), rgb=UNKNOWN, text=str(...), units='height', win=Window(...), wrapWidth=1.3)
8.8141 	INFO 	keyboard.Keyboard is using ptb backend.
8.8151 	EXP 	Created condition_whichCondition_text = TextStim(__class__=<class 'psychopy.visual.text.TextStim'>, alignHoriz=method-wrapper(...), alignText='center', alignVert=method-wrapper(...), anchorHoriz='center', anchorVert='center', antialias=True, autoLog=True, bold=False, color=array([1., 1., 1.]), colorSpace='rgb', contrast=1.0, depth=0.0, flipHoriz=False, flipVert=False, font='Arial', fontFiles=[], height=0.06, italic=False, languageStyle='LTR', name='condition_whichCondition_text', opacity=1, ori=0.0, pos=array([0. , 0.3]), rgb=UNKNOWN, text='', units='height', win=Window(...), wrapWidth=1.3)
8.8181 	EXP 	Created condition_continue_text = TextStim(__class__=<class 'psychopy.visual.text.TextStim'>, alignHoriz=method-wrapper(...), alignText='center', alignVert=method-wrapper(...), anchorHoriz='center', anchorVert='center', antialias=True, autoLog=True, bold=False, color=array([1., 1., 1.]), colorSpace='rgb', contrast=1.0, depth=-1.0, flipHoriz=False, flipVert=False, font='Arial', fontFiles=[], height=0.04, italic=False, languageStyle='LTR', name='condition_continue_text', opacity=1, ori=0.0, pos=array([0., 0.]), rgb=UNKNOWN, text='Press the right button to continue', units='height', win=Window(...), wrapWidth=1)
8.8181 	INFO 	keyboard.Keyboard is using ptb backend.
8.8191 	EXP 	Created task_blockText = TextStim(__class__=<class 'psychopy.visual.text.TextStim'>, alignHoriz=method-wrapper(...), alignText='center', alignVert=method-wrapper(...), anchorHoriz='center', anchorVert='center', antialias=True, autoLog=True, bold=False, color=array([1., 1., 1.]), colorSpace='rgb', contrast=1.0, depth=-1.0, flipHoriz=False, flipVert=False, font='Arial', fontFiles=[], height=0.06, italic=False, languageStyle='LTR', name='task_blockText', opacity=1, ori=0.0, pos=array([0. , 0.3]), rgb=UNKNOWN, text='', units='height', win=Window(...), wrapWidth=1.3)
8.8286 	EXP 	Created task_blockReminders_text = TextStim(__class__=<class 'psychopy.visual.text.TextStim'>, alignHoriz=method-wrapper(...), alignText='center', alignVert=method-wrapper(...), anchorHoriz='center', anchorVert='center', antialias=True, autoLog=True, bold=False, color=array([1., 1., 1.]), colorSpace='rgb', contrast=1.0, depth=-2.0, flipHoriz=False, flipVert=False, font='Arial', fontFiles=[], height=0.04, italic=False, languageStyle='LTR', name='task_blockReminders_text', opacity=1, ori=0, pos=array([0., 0.]), rgb=UNKNOWN, text=str(...), units='height', win=Window(...), wrapWidth=1.3)
8.8286 	INFO 	keyboard.Keyboard is using ptb backend.
8.8316 	EXP 	Created initFixation_img = ImageStim(__class__=<class 'psychopy.visual.image.ImageStim'>, autoLog=True, color=array([1., 1., 1.]), colorSpace='rgb', contrast=1.0, depth=0.0, flipHoriz=False, flipVert=False, image='sin', interpolate=True, mask=None, maskParams=None, name='initFixation_img', opacity=1, ori=0.0, pos=array([ 0.  , -0.05]), size=array([0.015, 0.015]), texRes=512, units='height', win=Window(...))
8.8346 	EXP 	Created task_centerImg = ImageStim(__class__=<class 'psychopy.visual.image.ImageStim'>, autoLog=True, color=array([1., 1., 1.]), colorSpace='rgb', contrast=1.0, depth=-1.0, flipHoriz=False, flipVert=False, image='sin', interpolate=True, mask=None, maskParams=None, name='task_centerImg', opacity=1, ori=0.0, pos=array([0., 0.]), size=array([0.04, 0.04]), texRes=512, units='height', win=Window(...))
8.8375 	EXP 	Created task_rightImg1 = ImageStim(__class__=<class 'psychopy.visual.image.ImageStim'>, autoLog=True, color=array([1., 1., 1.]), colorSpace='rgb', contrast=1.0, depth=-2.0, flipHoriz=False, flipVert=False, image='sin', interpolate=True, mask=None, maskParams=None, name='task_rightImg1', opacity=1, ori=0.0, pos=array([0.05, 0.  ]), size=array([0.04, 0.04]), texRes=512, units='height', win=Window(...))
8.8404 	EXP 	Created task_rightImg2 = ImageStim(__class__=<class 'psychopy.visual.image.ImageStim'>, autoLog=True, color=array([1., 1., 1.]), colorSpace='rgb', contrast=1.0, depth=-3.0, flipHoriz=False, flipVert=False, image='sin', interpolate=True, mask=None, maskParams=None, name='task_rightImg2', opacity=1, ori=0.0, pos=array([0.1, 0. ]), size=array([0.04, 0.04]), texRes=512, units='height', win=Window(...))
8.8434 	EXP 	Created task_leftImg1 = ImageStim(__class__=<class 'psychopy.visual.image.ImageStim'>, autoLog=True, color=array([1., 1., 1.]), colorSpace='rgb', contrast=1.0, depth=-4.0, flipHoriz=False, flipVert=False, image='sin', interpolate=True, mask=None, maskParams=None, name='task_leftImg1', opacity=1, ori=0.0, pos=array([-0.05,  0.  ]), size=array([0.04, 0.04]), texRes=512, units='height', win=Window(...))
8.8464 	EXP 	Created task_leftImg2 = ImageStim(__class__=<class 'psychopy.visual.image.ImageStim'>, autoLog=True, color=array([1., 1., 1.]), colorSpace='rgb', contrast=1.0, depth=-5.0, flipHoriz=False, flipVert=False, image='sin', interpolate=True, mask=None, maskParams=None, name='task_leftImg2', opacity=1, ori=0.0, pos=array([-0.1,  0. ]), size=array([0.04, 0.04]), texRes=512, units='height', win=Window(...))
8.8493 	EXP 	Created task_fixImg = ImageStim(__class__=<class 'psychopy.visual.image.ImageStim'>, autoLog=True, color=array([1., 1., 1.]), colorSpace='rgb', contrast=1.0, depth=-6.0, flipHoriz=False, flipVert=False, image='sin', interpolate=True, mask=None, maskParams=None, name='task_fixImg', opacity=1, ori=0.0, pos=array([ 0.  , -0.05]), size=array([0.015, 0.015]), texRes=512, units='height', win=Window(...))
8.8494 	INFO 	keyboard.Keyboard is using ptb backend.
8.8508 	EXP 	Created task_blockFeed_text = TextStim(__class__=<class 'psychopy.visual.text.TextStim'>, alignHoriz=method-wrapper(...), alignText='center', alignVert=method-wrapper(...), anchorHoriz='center', anchorVert='center', antialias=True, autoLog=True, bold=False, color=array([1., 1., 1.]), colorSpace='rgb', contrast=1.0, depth=-1.0, flipHoriz=False, flipVert=False, font='Arial', fontFiles=[], height=0.12, italic=False, languageStyle='LTR', name='task_blockFeed_text', opacity=1, ori=0, pos=array([0. , 0.1]), rgb=UNKNOWN, text='', units='height', win=Window(...), wrapWidth=1.8)
8.8519 	EXP 	Created task_blockFeed_text2 = TextStim(__class__=<class 'psychopy.visual.text.TextStim'>, alignHoriz=method-wrapper(...), alignText='center', alignVert=method-wrapper(...), anchorHoriz='center', anchorVert='center', antialias=True, autoLog=True, bold=False, color=array([1., 1., 1.]), colorSpace='rgb', contrast=1.0, depth=-2.0, flipHoriz=False, flipVert=False, font='Arial', fontFiles=[], height=0.04, italic=False, languageStyle='LTR', name='task_blockFeed_text2', opacity=1, ori=0, pos=array([ 0. , -0.3]), rgb=UNKNOWN, text='', units='height', win=Window(...), wrapWidth=1.3)
8.8519 	INFO 	keyboard.Keyboard is using ptb backend.
8.8609 	EXP 	Created finishMessage_text = TextStim(__class__=<class 'psychopy.visual.text.TextStim'>, alignHoriz=method-wrapper(...), alignText='center', alignVert=method-wrapper(...), anchorHoriz='center', anchorVert='center', antialias=True, autoLog=True, bold=False, color=array([1., 1., 1.]), colorSpace='rgb', contrast=1.0, depth=0.0, flipHoriz=False, flipVert=False, font='Arial', fontFiles=[], height=0.04, italic=False, languageStyle='LTR', name='finishMessage_text', opacity=1, ori=0, pos=array([0., 0.]), rgb=UNKNOWN, text='Thank you for your participation!', units='height', win=Window(...), wrapWidth=1.3)
8.9065 	EXP 	welcome_text: autoDraw = True
11.1192 	DATA 	Keypress: 8
11.1777 	EXP 	welcome_text: autoDraw = False
11.1777 	EXP 	instructRight_text: autoDraw = True
11.1777 	EXP 	instructRight_centerImg: autoDraw = True
11.1777 	EXP 	instructRight_rightImg1: autoDraw = True
11.1777 	EXP 	instructRight_rightImg2: autoDraw = True
11.1777 	EXP 	instructRight_leftImg1: autoDraw = True
11.1777 	EXP 	instructRight_leftImg2: autoDraw = True
11.6297 	DATA 	Keypress: 8
11.6444 	EXP 	instructRight_text: autoDraw = False
11.6444 	EXP 	instructRight_centerImg: autoDraw = False
11.6444 	EXP 	instructRight_rightImg1: autoDraw = False
11.6444 	EXP 	instructRight_rightImg2: autoDraw = False
11.6444 	EXP 	instructRight_leftImg1: autoDraw = False
11.6444 	EXP 	instructRight_leftImg2: autoDraw = False
11.6444 	EXP 	instructLeft_text: autoDraw = True
11.6444 	EXP 	instructLeft_centerImg: autoDraw = True
11.6444 	EXP 	instructLeft_rightImg1: autoDraw = True
11.6444 	EXP 	instructLeft_rightImg2: autoDraw = True
11.6444 	EXP 	instructLeft_leftImg1: autoDraw = True
11.6444 	EXP 	instructLeft_leftImg2: autoDraw = True
11.9624 	DATA 	Keypress: 1
11.9797 	EXP 	instructLeft_text: autoDraw = False
11.9797 	EXP 	instructLeft_centerImg: autoDraw = False
11.9797 	EXP 	instructLeft_rightImg1: autoDraw = False
11.9797 	EXP 	instructLeft_rightImg2: autoDraw = False
11.9797 	EXP 	instructLeft_leftImg1: autoDraw = False
11.9797 	EXP 	instructLeft_leftImg2: autoDraw = False
11.9797 	EXP 	instructInconRight_text: autoDraw = True
11.9797 	EXP 	instructIncon_centerImg: autoDraw = True
11.9797 	EXP 	instructIncon_rightImg1: autoDraw = True
11.9797 	EXP 	instructIncon_rightImg2: autoDraw = True
11.9797 	EXP 	instructIncon_leftImg1: autoDraw = True
11.9797 	EXP 	instructInconRight_leftImg2: autoDraw = True
12.3893 	DATA 	Keypress: 8
12.3927 	EXP 	instructInconRight_text: autoDraw = False
12.3927 	EXP 	instructIncon_centerImg: autoDraw = False
12.3927 	EXP 	instructIncon_rightImg1: autoDraw = False
12.3927 	EXP 	instructIncon_rightImg2: autoDraw = False
12.3927 	EXP 	instructIncon_leftImg1: autoDraw = False
12.3927 	EXP 	instructInconRight_leftImg2: autoDraw = False
12.3927 	EXP 	instructInconLeft_text: autoDraw = True
12.3927 	EXP 	instructInconLeft_centerImg: autoDraw = True
12.3927 	EXP 	instructInconLeft_rightImg1: autoDraw = True
12.3927 	EXP 	instructInconLeft_rightImg2: autoDraw = True
12.3927 	EXP 	instructInconLeft_leftImg1: autoDraw = True
12.3927 	EXP 	instructInconLeft_leftImg2: autoDraw = True
12.7160 	EXP 	Created sequence: random, trialTypes=1, nReps=99, seed=None
12.7166 	EXP 	New trial (rep=0, index=0): None
12.7214 	DATA 	Keypress: 1
12.7233 	EXP 	instructInconLeft_text: autoDraw = False
12.7233 	EXP 	instructInconLeft_centerImg: autoDraw = False
12.7233 	EXP 	instructInconLeft_rightImg1: autoDraw = False
12.7233 	EXP 	instructInconLeft_rightImg2: autoDraw = False
12.7233 	EXP 	instructInconLeft_leftImg1: autoDraw = False
12.7233 	EXP 	instructInconLeft_leftImg2: autoDraw = False
12.7233 	EXP 	prac_blockText: autoDraw = True
12.7233 	EXP 	prac_reminder_text: autoDraw = True
13.0497 	DATA 	Keypress: 8
13.0737 	EXP 	prac_blockText: autoDraw = False
13.0737 	EXP 	prac_reminder_text: autoDraw = False
13.0737 	EXP 	initFixation_img: image = 'img/fixationCross.png'
13.0737 	EXP 	initFixation_img: autoDraw = True
15.0832 	DEBUG 	Read excel file with openpyxl: prac_trials.xlsx
15.0850 	EXP 	Imported prac_trials.xlsx as conditions, 4 conditions, 8 params
15.0855 	EXP 	Created sequence: random, trialTypes=4, nReps=1, seed=None
15.0860 	EXP 	New trial (rep=0, index=0): {'middleStim': 'img/rightArrow.png', 'rightStim1': 'img/rightArrow.png', 'rightStim2': 'img/rightArrow.png', 'leftStim1': 'img/rightArrow.png', 'leftStim2': 'img/rightArrow.png', 'stimNum': 1, 'congruent': 1, 'target': 'right'}
15.1351 	EXP 	initFixation_img: autoDraw = False
15.1351 	EXP 	prac_centerImg: image = 'img/rightArrow.png'
15.1351 	EXP 	prac_rightImg1: image = 'img/rightArrow.png'
15.1351 	EXP 	prac_rightImg2: image = 'img/rightArrow.png'
15.1351 	EXP 	prac_leftImg1: image = 'img/rightArrow.png'
15.1351 	EXP 	prac_leftImg2: image = 'img/rightArrow.png'
15.1351 	EXP 	prac_fixImg: image = 'img/fixationCross.png'
15.1351 	EXP 	prac_centerImg: autoDraw = True
15.1351 	EXP 	prac_rightImg1: autoDraw = True
15.1351 	EXP 	prac_rightImg2: autoDraw = True
15.1351 	EXP 	prac_leftImg1: autoDraw = True
15.1351 	EXP 	prac_leftImg2: autoDraw = True
15.1351 	EXP 	prac_fixImg: autoDraw = True
15.3379 	EXP 	prac_centerImg: autoDraw = False
15.3379 	EXP 	prac_rightImg1: autoDraw = False
15.3379 	EXP 	prac_rightImg2: autoDraw = False
15.3379 	EXP 	prac_leftImg1: autoDraw = False
15.3379 	EXP 	prac_leftImg2: autoDraw = False
15.5520 	DATA 	Mouse: Left button down, pos=(896,586)
15.6732 	DATA 	Keypress: 8
15.7733 	DATA 	Mouse:  Left button up, pos=(896,586)
16.8210 	EXP 	New trial (rep=0, index=1): {'middleStim': 'img/rightArrow.png', 'rightStim1': 'img/leftArrow.png', 'rightStim2': 'img/leftArrow.png', 'leftStim1': 'img/leftArrow.png', 'leftStim2': 'img/leftArrow.png', 'stimNum': 3, 'congruent': 0, 'target': 'right'}
16.8777 	EXP 	prac_fixImg: autoDraw = False
16.8777 	EXP 	prac_centerImg: autoDraw = False
16.8777 	EXP 	prac_rightImg1: autoDraw = False
16.8777 	EXP 	prac_rightImg2: autoDraw = False
16.8777 	EXP 	prac_leftImg1: autoDraw = False
16.8777 	EXP 	prac_leftImg2: autoDraw = False
16.8777 	EXP 	prac_fixImg: autoDraw = False
16.8777 	EXP 	prac_centerImg: image = 'img/rightArrow.png'
16.8777 	EXP 	prac_rightImg1: image = 'img/leftArrow.png'
16.8777 	EXP 	prac_rightImg2: image = 'img/leftArrow.png'
16.8777 	EXP 	prac_leftImg1: image = 'img/leftArrow.png'
16.8777 	EXP 	prac_leftImg2: image = 'img/leftArrow.png'
16.8777 	EXP 	prac_fixImg: image = 'img/fixationCross.png'
16.8777 	EXP 	prac_centerImg: autoDraw = True
16.8777 	EXP 	prac_rightImg1: autoDraw = True
16.8777 	EXP 	prac_rightImg2: autoDraw = True
16.8777 	EXP 	prac_leftImg1: autoDraw = True
16.8777 	EXP 	prac_leftImg2: autoDraw = True
16.8777 	EXP 	prac_fixImg: autoDraw = True
17.0794 	EXP 	prac_centerImg: autoDraw = False
17.0794 	EXP 	prac_rightImg1: autoDraw = False
17.0794 	EXP 	prac_rightImg2: autoDraw = False
17.0794 	EXP 	prac_leftImg1: autoDraw = False
17.0794 	EXP 	prac_leftImg2: autoDraw = False
17.2733 	DATA 	Keypress: 1
18.8006 	EXP 	New trial (rep=0, index=2): {'middleStim': 'img/leftArrow.png', 'rightStim1': 'img/leftArrow.png', 'rightStim2': 'img/leftArrow.png', 'leftStim1': 'img/leftArrow.png', 'leftStim2': 'img/leftArrow.png', 'stimNum': 2, 'congruent': 1, 'target': 'left'}
18.8508 	EXP 	prac_fixImg: autoDraw = False
18.8508 	EXP 	prac_centerImg: autoDraw = False
18.8508 	EXP 	prac_rightImg1: autoDraw = False
18.8508 	EXP 	prac_rightImg2: autoDraw = False
18.8508 	EXP 	prac_leftImg1: autoDraw = False
18.8508 	EXP 	prac_leftImg2: autoDraw = False
18.8508 	EXP 	prac_fixImg: autoDraw = False
18.8508 	EXP 	prac_centerImg: image = 'img/leftArrow.png'
18.8508 	EXP 	prac_rightImg1: image = 'img/leftArrow.png'
18.8508 	EXP 	prac_rightImg2: image = 'img/leftArrow.png'
18.8508 	EXP 	prac_leftImg1: image = 'img/leftArrow.png'
18.8508 	EXP 	prac_leftImg2: image = 'img/leftArrow.png'
18.8508 	EXP 	prac_fixImg: image = 'img/fixationCross.png'
18.8508 	EXP 	prac_centerImg: autoDraw = True
18.8508 	EXP 	prac_rightImg1: autoDraw = True
18.8508 	EXP 	prac_rightImg2: autoDraw = True
18.8508 	EXP 	prac_leftImg1: autoDraw = True
18.8508 	EXP 	prac_leftImg2: autoDraw = True
18.8508 	EXP 	prac_fixImg: autoDraw = True
19.0578 	EXP 	prac_centerImg: autoDraw = False
19.0578 	EXP 	prac_rightImg1: autoDraw = False
19.0578 	EXP 	prac_rightImg2: autoDraw = False
19.0578 	EXP 	prac_leftImg1: autoDraw = False
19.0578 	EXP 	prac_leftImg2: autoDraw = False
19.3143 	DATA 	Keypress: 1
20.7036 	EXP 	New trial (rep=0, index=3): {'middleStim': 'img/leftArrow.png', 'rightStim1': 'img/rightArrow.png', 'rightStim2': 'img/rightArrow.png', 'leftStim1': 'img/rightArrow.png', 'leftStim2': 'img/rightArrow.png', 'stimNum': 4, 'congruent': 0, 'target': 'left'}
20.7597 	EXP 	prac_fixImg: autoDraw = False
20.7597 	EXP 	prac_centerImg: autoDraw = False
20.7597 	EXP 	prac_rightImg1: autoDraw = False
20.7597 	EXP 	prac_rightImg2: autoDraw = False
20.7597 	EXP 	prac_leftImg1: autoDraw = False
20.7597 	EXP 	prac_leftImg2: autoDraw = False
20.7597 	EXP 	prac_fixImg: autoDraw = False
20.7597 	EXP 	prac_centerImg: image = 'img/leftArrow.png'
20.7597 	EXP 	prac_rightImg1: image = 'img/rightArrow.png'
20.7597 	EXP 	prac_rightImg2: image = 'img/rightArrow.png'
20.7597 	EXP 	prac_leftImg1: image = 'img/rightArrow.png'
20.7597 	EXP 	prac_leftImg2: image = 'img/rightArrow.png'
20.7597 	EXP 	prac_fixImg: image = 'img/fixationCross.png'
20.7597 	EXP 	prac_centerImg: autoDraw = True
20.7597 	EXP 	prac_rightImg1: autoDraw = True
20.7597 	EXP 	prac_rightImg2: autoDraw = True
20.7597 	EXP 	prac_leftImg1: autoDraw = True
20.7597 	EXP 	prac_leftImg2: autoDraw = True
20.7597 	EXP 	prac_fixImg: autoDraw = True
20.9646 	EXP 	prac_centerImg: autoDraw = False
20.9646 	EXP 	prac_rightImg1: autoDraw = False
20.9646 	EXP 	prac_rightImg2: autoDraw = False
20.9646 	EXP 	prac_leftImg1: autoDraw = False
20.9646 	EXP 	prac_leftImg2: autoDraw = False
21.2868 	DATA 	Keypress: 1
22.6853 	EXP 	prac_fixImg: autoDraw = False
22.6853 	EXP 	prac_centerImg: autoDraw = False
22.6853 	EXP 	prac_rightImg1: autoDraw = False
22.6853 	EXP 	prac_rightImg2: autoDraw = False
22.6853 	EXP 	prac_leftImg1: autoDraw = False
22.6853 	EXP 	prac_leftImg2: autoDraw = False
22.6853 	EXP 	prac_fixImg: autoDraw = False
22.6853 	EXP 	prac_blockFeed_text: text = 'You have completed the practice'
22.6853 	EXP 	prac_blockFeed_text: autoDraw = True
22.6853 	EXP 	prac_pressContinue: autoDraw = True
23.3510 	DATA 	Keypress: 8
23.3528 	EXP 	prac_blockFeed_text: autoDraw = False
23.3528 	EXP 	prac_pressContinue: autoDraw = False
23.3528 	EXP 	instructMainTask_text: autoDraw = True
23.9134 	DATA 	Keypress: 8
23.9255 	DEBUG 	Read excel file with openpyxl: condition_A.xlsx
23.9261 	EXP 	Imported condition_A.xlsx as conditions, 2 conditions, 5 params
23.9266 	EXP 	Created sequence: sequential, trialTypes=2, nReps=1, seed=None
23.9270 	EXP 	New trial (rep=0, index=0): {'middleStim': 'img/leftArrow.png', 'rightStim1': 'img/leftArrow.png', 'rightStim2': 'img/leftArrow.png', 'whichCondition': 'nonsocial_task_trials.xlsx', 'conditionText': 'Alone'}
23.9397 	EXP 	instructMainTask_text: autoDraw = False
23.9397 	EXP 	condition_whichCondition_text: text = 'Alone'
23.9397 	EXP 	condition_whichCondition_text: autoDraw = True
23.9397 	EXP 	condition_continue_text: autoDraw = True
25.4085 	EXP 	Created sequence: random, trialTypes=1, nReps=2, seed=None
25.4087 	EXP 	New trial (rep=0, index=0): None
25.4231 	DATA 	Keypress: 8
25.4250 	EXP 	condition_whichCondition_text: autoDraw = False
25.4250 	EXP 	condition_continue_text: autoDraw = False
25.4250 	EXP 	task_blockText: text = 'Block 1 of 10'
25.4250 	EXP 	task_blockText: autoDraw = True
25.4250 	EXP 	task_blockReminders_text: autoDraw = True
26.0533 	DATA 	Keypress: 8
26.0721 	EXP 	task_blockText: autoDraw = False
26.0721 	EXP 	task_blockReminders_text: autoDraw = False
26.0721 	EXP 	initFixation_img: image = 'img/fixationCross.png'
26.0721 	EXP 	initFixation_img: autoDraw = True
28.0716 	DEBUG 	Read excel file with openpyxl: nonsocial_task_trials.xlsx
28.0730 	EXP 	Imported nonsocial_task_trials.xlsx as conditions, 4 conditions, 8 params
28.0735 	EXP 	Created sequence: random, trialTypes=4, nReps=1, seed=None
28.0739 	EXP 	New trial (rep=0, index=0): {'middleStim': 'img/rightArrow.png', 'rightStim1': 'img/rightArrow.png', 'rightStim2': 'img/rightArrow.png', 'leftStim1': 'img/rightArrow.png', 'leftStim2': 'img/rightArrow.png', 'stimNum': 41, 'congruent': 1, 'target': 'right'}
28.1267 	EXP 	initFixation_img: autoDraw = False
28.1267 	EXP 	task_centerImg: image = 'img/rightArrow.png'
28.1267 	EXP 	task_rightImg1: image = 'img/rightArrow.png'
28.1267 	EXP 	task_rightImg2: image = 'img/rightArrow.png'
28.1267 	EXP 	task_leftImg1: image = 'img/rightArrow.png'
28.1267 	EXP 	task_leftImg2: image = 'img/rightArrow.png'
28.1267 	EXP 	task_fixImg: image = 'img/fixationCross.png'
28.1267 	EXP 	task_centerImg: autoDraw = True
28.1267 	EXP 	task_rightImg1: autoDraw = True
28.1267 	EXP 	task_rightImg2: autoDraw = True
28.1267 	EXP 	task_leftImg1: autoDraw = True
28.1267 	EXP 	task_leftImg2: autoDraw = True
28.1267 	EXP 	task_fixImg: autoDraw = True
28.3334 	EXP 	task_centerImg: autoDraw = False
28.3334 	EXP 	task_rightImg1: autoDraw = False
28.3334 	EXP 	task_rightImg2: autoDraw = False
28.3334 	EXP 	task_leftImg1: autoDraw = False
28.3334 	EXP 	task_leftImg2: autoDraw = False
28.5995 	DATA 	Keypress: 8
29.9340 	EXP 	New trial (rep=0, index=1): {'middleStim': 'img/leftArrow.png', 'rightStim1': 'img/rightArrow.png', 'rightStim2': 'img/rightArrow.png', 'leftStim1': 'img/rightArrow.png', 'leftStim2': 'img/rightArrow.png', 'stimNum': 44, 'congruent': 0, 'target': 'left'}
29.9913 	EXP 	task_fixImg: autoDraw = False
29.9913 	EXP 	task_centerImg: autoDraw = False
29.9913 	EXP 	task_rightImg1: autoDraw = False
29.9913 	EXP 	task_rightImg2: autoDraw = False
29.9913 	EXP 	task_leftImg1: autoDraw = False
29.9913 	EXP 	task_leftImg2: autoDraw = False
29.9913 	EXP 	task_fixImg: autoDraw = False
29.9913 	EXP 	task_centerImg: image = 'img/leftArrow.png'
29.9913 	EXP 	task_rightImg1: image = 'img/rightArrow.png'
29.9913 	EXP 	task_rightImg2: image = 'img/rightArrow.png'
29.9913 	EXP 	task_leftImg1: image = 'img/rightArrow.png'
29.9913 	EXP 	task_leftImg2: image = 'img/rightArrow.png'
29.9913 	EXP 	task_fixImg: image = 'img/fixationCross.png'
29.9913 	EXP 	task_centerImg: autoDraw = True
29.9913 	EXP 	task_rightImg1: autoDraw = True
29.9913 	EXP 	task_rightImg2: autoDraw = True
29.9913 	EXP 	task_leftImg1: autoDraw = True
29.9913 	EXP 	task_leftImg2: autoDraw = True
29.9913 	EXP 	task_fixImg: autoDraw = True
30.1982 	EXP 	task_centerImg: autoDraw = False
30.1982 	EXP 	task_rightImg1: autoDraw = False
30.1982 	EXP 	task_rightImg2: autoDraw = False
30.1982 	EXP 	task_leftImg1: autoDraw = False
30.1982 	EXP 	task_leftImg2: autoDraw = False
30.4776 	DATA 	Keypress: 1
31.6665 	EXP 	New trial (rep=0, index=2): {'middleStim': 'img/leftArrow.png', 'rightStim1': 'img/leftArrow.png', 'rightStim2': 'img/leftArrow.png', 'leftStim1': 'img/leftArrow.png', 'leftStim2': 'img/leftArrow.png', 'stimNum': 42, 'congruent': 1, 'target': 'left'}
31.7334 	EXP 	task_fixImg: autoDraw = False
31.7334 	EXP 	task_centerImg: autoDraw = False
31.7334 	EXP 	task_rightImg1: autoDraw = False
31.7334 	EXP 	task_rightImg2: autoDraw = False
31.7334 	EXP 	task_leftImg1: autoDraw = False
31.7334 	EXP 	task_leftImg2: autoDraw = False
31.7334 	EXP 	task_fixImg: autoDraw = False
31.7334 	EXP 	task_centerImg: image = 'img/leftArrow.png'
31.7334 	EXP 	task_rightImg1: image = 'img/leftArrow.png'
31.7334 	EXP 	task_rightImg2: image = 'img/leftArrow.png'
31.7334 	EXP 	task_leftImg1: image = 'img/leftArrow.png'
31.7334 	EXP 	task_leftImg2: image = 'img/leftArrow.png'
31.7334 	EXP 	task_fixImg: image = 'img/fixationCross.png'
31.7334 	EXP 	task_centerImg: autoDraw = True
31.7334 	EXP 	task_rightImg1: autoDraw = True
31.7334 	EXP 	task_rightImg2: autoDraw = True
31.7334 	EXP 	task_leftImg1: autoDraw = True
31.7334 	EXP 	task_leftImg2: autoDraw = True
31.7334 	EXP 	task_fixImg: autoDraw = True
31.9401 	EXP 	task_centerImg: autoDraw = False
31.9401 	EXP 	task_rightImg1: autoDraw = False
31.9401 	EXP 	task_rightImg2: autoDraw = False
31.9401 	EXP 	task_leftImg1: autoDraw = False
31.9401 	EXP 	task_leftImg2: autoDraw = False
32.2200 	DATA 	Keypress: 1
33.5498 	EXP 	New trial (rep=0, index=3): {'middleStim': 'img/rightArrow.png', 'rightStim1': 'img/leftArrow.png', 'rightStim2': 'img/leftArrow.png', 'leftStim1': 'img/leftArrow.png', 'leftStim2': 'img/leftArrow.png', 'stimNum': 43, 'congruent': 0, 'target': 'right'}
33.6113 	EXP 	task_fixImg: autoDraw = False
33.6113 	EXP 	task_centerImg: autoDraw = False
33.6113 	EXP 	task_rightImg1: autoDraw = False
33.6113 	EXP 	task_rightImg2: autoDraw = False
33.6113 	EXP 	task_leftImg1: autoDraw = False
33.6113 	EXP 	task_leftImg2: autoDraw = False
33.6113 	EXP 	task_fixImg: autoDraw = False
33.6113 	EXP 	task_centerImg: image = 'img/rightArrow.png'
33.6113 	EXP 	task_rightImg1: image = 'img/leftArrow.png'
33.6113 	EXP 	task_rightImg2: image = 'img/leftArrow.png'
33.6113 	EXP 	task_leftImg1: image = 'img/leftArrow.png'
33.6113 	EXP 	task_leftImg2: image = 'img/leftArrow.png'
33.6113 	EXP 	task_fixImg: image = 'img/fixationCross.png'
33.6113 	EXP 	task_centerImg: autoDraw = True
33.6113 	EXP 	task_rightImg1: autoDraw = True
33.6113 	EXP 	task_rightImg2: autoDraw = True
33.6113 	EXP 	task_leftImg1: autoDraw = True
33.6113 	EXP 	task_leftImg2: autoDraw = True
33.6113 	EXP 	task_fixImg: autoDraw = True
33.8160 	EXP 	task_centerImg: autoDraw = False
33.8160 	EXP 	task_rightImg1: autoDraw = False
33.8160 	EXP 	task_rightImg2: autoDraw = False
33.8160 	EXP 	task_leftImg1: autoDraw = False
33.8160 	EXP 	task_leftImg2: autoDraw = False
34.0490 	DATA 	Keypress: 8
35.4401 	EXP 	task_fixImg: autoDraw = False
35.4401 	EXP 	task_centerImg: autoDraw = False
35.4401 	EXP 	task_rightImg1: autoDraw = False
35.4401 	EXP 	task_rightImg2: autoDraw = False
35.4401 	EXP 	task_leftImg1: autoDraw = False
35.4401 	EXP 	task_leftImg2: autoDraw = False
35.4401 	EXP 	task_fixImg: autoDraw = False
35.4401 	EXP 	task_blockFeed_text: text = 'Respond faster'
35.4401 	EXP 	task_blockFeed_text2: text = 'Press the right button'
35.4401 	EXP 	task_blockFeed_text: autoDraw = True
45.4335 	EXP 	task_blockFeed_text2: autoDraw = True
45.9688 	EXP 	New trial (rep=1, index=0): None
45.9820 	DATA 	Keypress: 8
45.9839 	EXP 	task_blockFeed_text: autoDraw = False
45.9839 	EXP 	task_blockFeed_text2: autoDraw = False
45.9839 	EXP 	task_blockText: text = 'Block 2 of 10'
45.9839 	EXP 	task_blockText: autoDraw = True
45.9839 	EXP 	task_blockReminders_text: autoDraw = True
46.5018 	DATA 	Keypress: 8
46.5231 	EXP 	task_blockText: autoDraw = False
46.5231 	EXP 	task_blockReminders_text: autoDraw = False
46.5231 	EXP 	initFixation_img: image = 'img/fixationCross.png'
46.5231 	EXP 	initFixation_img: autoDraw = True
48.5243 	DEBUG 	Read excel file with openpyxl: nonsocial_task_trials.xlsx
48.5265 	EXP 	Imported nonsocial_task_trials.xlsx as conditions, 4 conditions, 8 params
48.5271 	EXP 	Created sequence: random, trialTypes=4, nReps=1, seed=None
48.5277 	EXP 	New trial (rep=0, index=0): {'middleStim': 'img/leftArrow.png', 'rightStim1': 'img/leftArrow.png', 'rightStim2': 'img/leftArrow.png', 'leftStim1': 'img/leftArrow.png', 'leftStim2': 'img/leftArrow.png', 'stimNum': 42, 'congruent': 1, 'target': 'left'}
48.5857 	EXP 	initFixation_img: autoDraw = False
48.5857 	EXP 	task_centerImg: image = 'img/leftArrow.png'
48.5857 	EXP 	task_rightImg1: image = 'img/leftArrow.png'
48.5857 	EXP 	task_rightImg2: image = 'img/leftArrow.png'
48.5857 	EXP 	task_leftImg1: image = 'img/leftArrow.png'
48.5857 	EXP 	task_leftImg2: image = 'img/leftArrow.png'
48.5857 	EXP 	task_fixImg: image = 'img/fixationCross.png'
48.5857 	EXP 	task_centerImg: autoDraw = True
48.5857 	EXP 	task_rightImg1: autoDraw = True
48.5857 	EXP 	task_rightImg2: autoDraw = True
48.5857 	EXP 	task_leftImg1: autoDraw = True
48.5857 	EXP 	task_leftImg2: autoDraw = True
48.5857 	EXP 	task_fixImg: autoDraw = True
48.7892 	EXP 	task_centerImg: autoDraw = False
48.7892 	EXP 	task_rightImg1: autoDraw = False
48.7892 	EXP 	task_rightImg2: autoDraw = False
48.7892 	EXP 	task_leftImg1: autoDraw = False
48.7892 	EXP 	task_leftImg2: autoDraw = False
49.2100 	DATA 	Keypress: 1
50.1776 	EXP 	New trial (rep=0, index=1): {'middleStim': 'img/rightArrow.png', 'rightStim1': 'img/leftArrow.png', 'rightStim2': 'img/leftArrow.png', 'leftStim1': 'img/leftArrow.png', 'leftStim2': 'img/leftArrow.png', 'stimNum': 43, 'congruent': 0, 'target': 'right'}
50.2476 	EXP 	task_fixImg: autoDraw = False
50.2476 	EXP 	task_centerImg: autoDraw = False
50.2476 	EXP 	task_rightImg1: autoDraw = False
50.2476 	EXP 	task_rightImg2: autoDraw = False
50.2476 	EXP 	task_leftImg1: autoDraw = False
50.2476 	EXP 	task_leftImg2: autoDraw = False
50.2476 	EXP 	task_fixImg: autoDraw = False
50.2476 	EXP 	task_centerImg: image = 'img/rightArrow.png'
50.2476 	EXP 	task_rightImg1: image = 'img/leftArrow.png'
50.2476 	EXP 	task_rightImg2: image = 'img/leftArrow.png'
50.2476 	EXP 	task_leftImg1: image = 'img/leftArrow.png'
50.2476 	EXP 	task_leftImg2: image = 'img/leftArrow.png'
50.2476 	EXP 	task_fixImg: image = 'img/fixationCross.png'
50.2476 	EXP 	task_centerImg: autoDraw = True
50.2476 	EXP 	task_rightImg1: autoDraw = True
50.2476 	EXP 	task_rightImg2: autoDraw = True
50.2476 	EXP 	task_leftImg1: autoDraw = True
50.2476 	EXP 	task_leftImg2: autoDraw = True
50.2476 	EXP 	task_fixImg: autoDraw = True
50.4501 	EXP 	task_centerImg: autoDraw = False
50.4501 	EXP 	task_rightImg1: autoDraw = False
50.4501 	EXP 	task_rightImg2: autoDraw = False
50.4501 	EXP 	task_leftImg1: autoDraw = False
50.4501 	EXP 	task_leftImg2: autoDraw = False
50.6981 	DATA 	Keypress: 8
52.0154 	EXP 	New trial (rep=0, index=2): {'middleStim': 'img/rightArrow.png', 'rightStim1': 'img/rightArrow.png', 'rightStim2': 'img/rightArrow.png', 'leftStim1': 'img/rightArrow.png', 'leftStim2': 'img/rightArrow.png', 'stimNum': 41, 'congruent': 1, 'target': 'right'}
52.0765 	EXP 	task_fixImg: autoDraw = False
52.0765 	EXP 	task_centerImg: autoDraw = False
52.0765 	EXP 	task_rightImg1: autoDraw = False
52.0765 	EXP 	task_rightImg2: autoDraw = False
52.0765 	EXP 	task_leftImg1: autoDraw = False
52.0765 	EXP 	task_leftImg2: autoDraw = False
52.0765 	EXP 	task_fixImg: autoDraw = False
52.0765 	EXP 	task_centerImg: image = 'img/rightArrow.png'
52.0765 	EXP 	task_rightImg1: image = 'img/rightArrow.png'
52.0765 	EXP 	task_rightImg2: image = 'img/rightArrow.png'
52.0765 	EXP 	task_leftImg1: image = 'img/rightArrow.png'
52.0765 	EXP 	task_leftImg2: image = 'img/rightArrow.png'
52.0765 	EXP 	task_fixImg: image = 'img/fixationCross.png'
52.0765 	EXP 	task_centerImg: autoDraw = True
52.0765 	EXP 	task_rightImg1: autoDraw = True
52.0765 	EXP 	task_rightImg2: autoDraw = True
52.0765 	EXP 	task_leftImg1: autoDraw = True
52.0765 	EXP 	task_leftImg2: autoDraw = True
52.0765 	EXP 	task_fixImg: autoDraw = True
52.2802 	EXP 	task_centerImg: autoDraw = False
52.2802 	EXP 	task_rightImg1: autoDraw = False
52.2802 	EXP 	task_rightImg2: autoDraw = False
52.2802 	EXP 	task_leftImg1: autoDraw = False
52.2802 	EXP 	task_leftImg2: autoDraw = False
52.5351 	DATA 	Keypress: 8
53.8197 	EXP 	New trial (rep=0, index=3): {'middleStim': 'img/leftArrow.png', 'rightStim1': 'img/rightArrow.png', 'rightStim2': 'img/rightArrow.png', 'leftStim1': 'img/rightArrow.png', 'leftStim2': 'img/rightArrow.png', 'stimNum': 44, 'congruent': 0, 'target': 'left'}
53.8809 	EXP 	task_fixImg: autoDraw = False
53.8809 	EXP 	task_centerImg: autoDraw = False
53.8809 	EXP 	task_rightImg1: autoDraw = False
53.8809 	EXP 	task_rightImg2: autoDraw = False
53.8809 	EXP 	task_leftImg1: autoDraw = False
53.8809 	EXP 	task_leftImg2: autoDraw = False
53.8809 	EXP 	task_fixImg: autoDraw = False
53.8809 	EXP 	task_centerImg: image = 'img/leftArrow.png'
53.8809 	EXP 	task_rightImg1: image = 'img/rightArrow.png'
53.8809 	EXP 	task_rightImg2: image = 'img/rightArrow.png'
53.8809 	EXP 	task_leftImg1: image = 'img/rightArrow.png'
53.8809 	EXP 	task_leftImg2: image = 'img/rightArrow.png'
53.8809 	EXP 	task_fixImg: image = 'img/fixationCross.png'
53.8809 	EXP 	task_centerImg: autoDraw = True
53.8809 	EXP 	task_rightImg1: autoDraw = True
53.8809 	EXP 	task_rightImg2: autoDraw = True
53.8809 	EXP 	task_leftImg1: autoDraw = True
53.8809 	EXP 	task_leftImg2: autoDraw = True
53.8809 	EXP 	task_fixImg: autoDraw = True
54.0823 	EXP 	task_centerImg: autoDraw = False
54.0823 	EXP 	task_rightImg1: autoDraw = False
54.0823 	EXP 	task_rightImg2: autoDraw = False
54.0823 	EXP 	task_leftImg1: autoDraw = False
54.0823 	EXP 	task_leftImg2: autoDraw = False
54.3296 	DATA 	Keypress: 1
55.4638 	EXP 	task_fixImg: autoDraw = False
55.4638 	EXP 	task_centerImg: autoDraw = False
55.4638 	EXP 	task_rightImg1: autoDraw = False
55.4638 	EXP 	task_rightImg2: autoDraw = False
55.4638 	EXP 	task_leftImg1: autoDraw = False
55.4638 	EXP 	task_leftImg2: autoDraw = False
55.4638 	EXP 	task_fixImg: autoDraw = False
55.4638 	EXP 	task_blockFeed_text: text = 'Respond faster'
55.4638 	EXP 	task_blockFeed_text2: text = 'Press the right button'
55.4638 	EXP 	task_blockFeed_text: autoDraw = True
65.4613 	EXP 	task_blockFeed_text2: autoDraw = True
66.0076 	DATA 	Keypress: 8
66.0140 	EXP 	New trial (rep=0, index=1): {'middleStim': None, 'rightStim1': None, 'rightStim2': None, 'whichCondition': 'social_task_trials.xlsx', 'conditionText': 'Observed'}
66.0289 	EXP 	task_blockFeed_text: autoDraw = False
66.0289 	EXP 	task_blockFeed_text2: autoDraw = False
66.0289 	EXP 	condition_whichCondition_text: text = 'Observed'
66.0289 	EXP 	condition_whichCondition_text: autoDraw = True
66.0289 	EXP 	condition_continue_text: autoDraw = True
68.7343 	DATA 	Keypress: 8
68.7417 	EXP 	Created sequence: random, trialTypes=1, nReps=2, seed=None
68.7420 	EXP 	New trial (rep=0, index=0): None
68.7537 	EXP 	condition_whichCondition_text: autoDraw = False
68.7537 	EXP 	condition_continue_text: autoDraw = False
68.7537 	EXP 	task_blockText: text = 'Block 3 of 10'
68.7537 	EXP 	task_blockText: autoDraw = True
68.7537 	EXP 	task_blockReminders_text: autoDraw = True
69.5072 	DATA 	Keypress: 8
69.5309 	EXP 	task_blockText: autoDraw = False
69.5309 	EXP 	task_blockReminders_text: autoDraw = False
69.5309 	EXP 	initFixation_img: image = 'img/fixationCross.png'
69.5309 	EXP 	initFixation_img: autoDraw = True
71.5303 	DEBUG 	Read excel file with openpyxl: social_task_trials.xlsx
71.5324 	EXP 	Imported social_task_trials.xlsx as conditions, 4 conditions, 8 params
71.5329 	EXP 	Created sequence: random, trialTypes=4, nReps=1, seed=None
71.5335 	EXP 	New trial (rep=0, index=0): {'middleStim': 'img/leftArrow.png', 'rightStim1': 'img/rightArrow.png', 'rightStim2': 'img/rightArrow.png', 'leftStim1': 'img/rightArrow.png', 'leftStim2': 'img/rightArrow.png', 'stimNum': 54, 'congruent': 0, 'target': 'left'}
71.5887 	EXP 	initFixation_img: autoDraw = False
71.5887 	EXP 	task_centerImg: image = 'img/leftArrow.png'
71.5887 	EXP 	task_rightImg1: image = 'img/rightArrow.png'
71.5887 	EXP 	task_rightImg2: image = 'img/rightArrow.png'
71.5887 	EXP 	task_leftImg1: image = 'img/rightArrow.png'
71.5887 	EXP 	task_leftImg2: image = 'img/rightArrow.png'
71.5887 	EXP 	task_fixImg: image = 'img/fixationCross.png'
71.5887 	EXP 	task_centerImg: autoDraw = True
71.5887 	EXP 	task_rightImg1: autoDraw = True
71.5887 	EXP 	task_rightImg2: autoDraw = True
71.5887 	EXP 	task_leftImg1: autoDraw = True
71.5887 	EXP 	task_leftImg2: autoDraw = True
71.5887 	EXP 	task_fixImg: autoDraw = True
71.7930 	EXP 	task_centerImg: autoDraw = False
71.7930 	EXP 	task_rightImg1: autoDraw = False
71.7930 	EXP 	task_rightImg2: autoDraw = False
71.7930 	EXP 	task_leftImg1: autoDraw = False
71.7930 	EXP 	task_leftImg2: autoDraw = False
72.3442 	DATA 	Keypress: 8
73.4382 	EXP 	New trial (rep=0, index=1): {'middleStim': 'img/leftArrow.png', 'rightStim1': 'img/leftArrow.png', 'rightStim2': 'img/leftArrow.png', 'leftStim1': 'img/leftArrow.png', 'leftStim2': 'img/leftArrow.png', 'stimNum': 52, 'congruent': 1, 'target': 'left'}
73.4968 	EXP 	task_fixImg: autoDraw = False
73.4968 	EXP 	task_centerImg: autoDraw = False
73.4968 	EXP 	task_rightImg1: autoDraw = False
73.4968 	EXP 	task_rightImg2: autoDraw = False
73.4968 	EXP 	task_leftImg1: autoDraw = False
73.4968 	EXP 	task_leftImg2: autoDraw = False
73.4968 	EXP 	task_fixImg: autoDraw = False
73.4968 	EXP 	task_centerImg: image = 'img/leftArrow.png'
73.4968 	EXP 	task_rightImg1: image = 'img/leftArrow.png'
73.4968 	EXP 	task_rightImg2: image = 'img/leftArrow.png'
73.4968 	EXP 	task_leftImg1: image = 'img/leftArrow.png'
73.4968 	EXP 	task_leftImg2: image = 'img/leftArrow.png'
73.4968 	EXP 	task_fixImg: image = 'img/fixationCross.png'
73.4968 	EXP 	task_centerImg: autoDraw = True
73.4968 	EXP 	task_rightImg1: autoDraw = True
73.4968 	EXP 	task_rightImg2: autoDraw = True
73.4968 	EXP 	task_leftImg1: autoDraw = True
73.4968 	EXP 	task_leftImg2: autoDraw = True
73.4968 	EXP 	task_fixImg: autoDraw = True
73.7026 	EXP 	task_centerImg: autoDraw = False
73.7026 	EXP 	task_rightImg1: autoDraw = False
73.7026 	EXP 	task_rightImg2: autoDraw = False
73.7026 	EXP 	task_leftImg1: autoDraw = False
73.7026 	EXP 	task_leftImg2: autoDraw = False
73.9103 	DATA 	Keypress: 1
75.1206 	EXP 	New trial (rep=0, index=2): {'middleStim': 'img/rightArrow.png', 'rightStim1': 'img/leftArrow.png', 'rightStim2': 'img/leftArrow.png', 'leftStim1': 'img/leftArrow.png', 'leftStim2': 'img/leftArrow.png', 'stimNum': 53, 'congruent': 0, 'target': 'right'}
75.1701 	EXP 	task_fixImg: autoDraw = False
75.1701 	EXP 	task_centerImg: autoDraw = False
75.1701 	EXP 	task_rightImg1: autoDraw = False
75.1701 	EXP 	task_rightImg2: autoDraw = False
75.1701 	EXP 	task_leftImg1: autoDraw = False
75.1701 	EXP 	task_leftImg2: autoDraw = False
75.1701 	EXP 	task_fixImg: autoDraw = False
75.1701 	EXP 	task_centerImg: image = 'img/rightArrow.png'
75.1701 	EXP 	task_rightImg1: image = 'img/leftArrow.png'
75.1701 	EXP 	task_rightImg2: image = 'img/leftArrow.png'
75.1701 	EXP 	task_leftImg1: image = 'img/leftArrow.png'
75.1701 	EXP 	task_leftImg2: image = 'img/leftArrow.png'
75.1701 	EXP 	task_fixImg: image = 'img/fixationCross.png'
75.1701 	EXP 	task_centerImg: autoDraw = True
75.1701 	EXP 	task_rightImg1: autoDraw = True
75.1701 	EXP 	task_rightImg2: autoDraw = True
75.1701 	EXP 	task_leftImg1: autoDraw = True
75.1701 	EXP 	task_leftImg2: autoDraw = True
75.1701 	EXP 	task_fixImg: autoDraw = True
75.3747 	EXP 	task_centerImg: autoDraw = False
75.3747 	EXP 	task_rightImg1: autoDraw = False
75.3747 	EXP 	task_rightImg2: autoDraw = False
75.3747 	EXP 	task_leftImg1: autoDraw = False
75.3747 	EXP 	task_leftImg2: autoDraw = False
75.6328 	DATA 	Keypress: 8
76.8232 	EXP 	New trial (rep=0, index=3): {'middleStim': 'img/rightArrow.png', 'rightStim1': 'img/rightArrow.png', 'rightStim2': 'img/rightArrow.png', 'leftStim1': 'img/rightArrow.png', 'leftStim2': 'img/rightArrow.png', 'stimNum': 51, 'congruent': 1, 'target': 'right'}
76.8842 	EXP 	task_fixImg: autoDraw = False
76.8842 	EXP 	task_centerImg: autoDraw = False
76.8842 	EXP 	task_rightImg1: autoDraw = False
76.8842 	EXP 	task_rightImg2: autoDraw = False
76.8842 	EXP 	task_leftImg1: autoDraw = False
76.8842 	EXP 	task_leftImg2: autoDraw = False
76.8842 	EXP 	task_fixImg: autoDraw = False
76.8842 	EXP 	task_centerImg: image = 'img/rightArrow.png'
76.8842 	EXP 	task_rightImg1: image = 'img/rightArrow.png'
76.8842 	EXP 	task_rightImg2: image = 'img/rightArrow.png'
76.8842 	EXP 	task_leftImg1: image = 'img/rightArrow.png'
76.8842 	EXP 	task_leftImg2: image = 'img/rightArrow.png'
76.8842 	EXP 	task_fixImg: image = 'img/fixationCross.png'
76.8842 	EXP 	task_centerImg: autoDraw = True
76.8842 	EXP 	task_rightImg1: autoDraw = True
76.8842 	EXP 	task_rightImg2: autoDraw = True
76.8842 	EXP 	task_leftImg1: autoDraw = True
76.8842 	EXP 	task_leftImg2: autoDraw = True
76.8842 	EXP 	task_fixImg: autoDraw = True
77.0891 	EXP 	task_centerImg: autoDraw = False
77.0891 	EXP 	task_rightImg1: autoDraw = False
77.0891 	EXP 	task_rightImg2: autoDraw = False
77.0891 	EXP 	task_leftImg1: autoDraw = False
77.0891 	EXP 	task_leftImg2: autoDraw = False
77.5160 	DATA 	Keypress: 8
78.8481 	EXP 	task_fixImg: autoDraw = False
78.8481 	EXP 	task_centerImg: autoDraw = False
78.8481 	EXP 	task_rightImg1: autoDraw = False
78.8481 	EXP 	task_rightImg2: autoDraw = False
78.8481 	EXP 	task_leftImg1: autoDraw = False
78.8481 	EXP 	task_leftImg2: autoDraw = False
78.8481 	EXP 	task_fixImg: autoDraw = False
78.8481 	EXP 	task_blockFeed_text: text = 'Good job'
78.8481 	EXP 	task_blockFeed_text2: text = 'Press the right button'
78.8481 	EXP 	task_blockFeed_text: autoDraw = True
88.8405 	EXP 	task_blockFeed_text2: autoDraw = True
89.3702 	DATA 	Keypress: 8
89.3770 	EXP 	New trial (rep=1, index=0): None
89.3892 	EXP 	task_blockFeed_text: autoDraw = False
89.3892 	EXP 	task_blockFeed_text2: autoDraw = False
89.3892 	EXP 	task_blockText: text = 'Block 4 of 10'
89.3892 	EXP 	task_blockText: autoDraw = True
89.3892 	EXP 	task_blockReminders_text: autoDraw = True
90.2281 	DATA 	Keypress: 8
90.2516 	EXP 	task_blockText: autoDraw = False
90.2516 	EXP 	task_blockReminders_text: autoDraw = False
90.2516 	EXP 	initFixation_img: image = 'img/fixationCross.png'
90.2516 	EXP 	initFixation_img: autoDraw = True
92.2473 	DEBUG 	Read excel file with openpyxl: social_task_trials.xlsx
92.2491 	EXP 	Imported social_task_trials.xlsx as conditions, 4 conditions, 8 params
92.2497 	EXP 	Created sequence: random, trialTypes=4, nReps=1, seed=None
92.2503 	EXP 	New trial (rep=0, index=0): {'middleStim': 'img/rightArrow.png', 'rightStim1': 'img/leftArrow.png', 'rightStim2': 'img/leftArrow.png', 'leftStim1': 'img/leftArrow.png', 'leftStim2': 'img/leftArrow.png', 'stimNum': 53, 'congruent': 0, 'target': 'right'}
92.3093 	EXP 	initFixation_img: autoDraw = False
92.3093 	EXP 	task_centerImg: image = 'img/rightArrow.png'
92.3093 	EXP 	task_rightImg1: image = 'img/leftArrow.png'
92.3093 	EXP 	task_rightImg2: image = 'img/leftArrow.png'
92.3093 	EXP 	task_leftImg1: image = 'img/leftArrow.png'
92.3093 	EXP 	task_leftImg2: image = 'img/leftArrow.png'
92.3093 	EXP 	task_fixImg: image = 'img/fixationCross.png'
92.3093 	EXP 	task_centerImg: autoDraw = True
92.3093 	EXP 	task_rightImg1: autoDraw = True
92.3093 	EXP 	task_rightImg2: autoDraw = True
92.3093 	EXP 	task_leftImg1: autoDraw = True
92.3093 	EXP 	task_leftImg2: autoDraw = True
92.3093 	EXP 	task_fixImg: autoDraw = True
92.5117 	EXP 	task_centerImg: autoDraw = False
92.5117 	EXP 	task_rightImg1: autoDraw = False
92.5117 	EXP 	task_rightImg2: autoDraw = False
92.5117 	EXP 	task_leftImg1: autoDraw = False
92.5117 	EXP 	task_leftImg2: autoDraw = False
92.8971 	DATA 	Keypress: 8
93.8738 	EXP 	New trial (rep=0, index=1): {'middleStim': 'img/leftArrow.png', 'rightStim1': 'img/leftArrow.png', 'rightStim2': 'img/leftArrow.png', 'leftStim1': 'img/leftArrow.png', 'leftStim2': 'img/leftArrow.png', 'stimNum': 52, 'congruent': 1, 'target': 'left'}
93.9354 	EXP 	task_fixImg: autoDraw = False
93.9354 	EXP 	task_centerImg: autoDraw = False
93.9354 	EXP 	task_rightImg1: autoDraw = False
93.9354 	EXP 	task_rightImg2: autoDraw = False
93.9354 	EXP 	task_leftImg1: autoDraw = False
93.9354 	EXP 	task_leftImg2: autoDraw = False
93.9354 	EXP 	task_fixImg: autoDraw = False
93.9354 	EXP 	task_centerImg: image = 'img/leftArrow.png'
93.9354 	EXP 	task_rightImg1: image = 'img/leftArrow.png'
93.9354 	EXP 	task_rightImg2: image = 'img/leftArrow.png'
93.9354 	EXP 	task_leftImg1: image = 'img/leftArrow.png'
93.9354 	EXP 	task_leftImg2: image = 'img/leftArrow.png'
93.9354 	EXP 	task_fixImg: image = 'img/fixationCross.png'
93.9354 	EXP 	task_centerImg: autoDraw = True
93.9354 	EXP 	task_rightImg1: autoDraw = True
93.9354 	EXP 	task_rightImg2: autoDraw = True
93.9354 	EXP 	task_leftImg1: autoDraw = True
93.9354 	EXP 	task_leftImg2: autoDraw = True
93.9354 	EXP 	task_fixImg: autoDraw = True
94.1388 	EXP 	task_centerImg: autoDraw = False
94.1388 	EXP 	task_rightImg1: autoDraw = False
94.1388 	EXP 	task_rightImg2: autoDraw = False
94.1388 	EXP 	task_leftImg1: autoDraw = False
94.1388 	EXP 	task_leftImg2: autoDraw = False
94.4601 	DATA 	Keypress: 1
95.6275 	EXP 	New trial (rep=0, index=2): {'middleStim': 'img/rightArrow.png', 'rightStim1': 'img/rightArrow.png', 'rightStim2': 'img/rightArrow.png', 'leftStim1': 'img/rightArrow.png', 'leftStim2': 'img/rightArrow.png', 'stimNum': 51, 'congruent': 1, 'target': 'right'}
95.6885 	EXP 	task_fixImg: autoDraw = False
95.6885 	EXP 	task_centerImg: autoDraw = False
95.6885 	EXP 	task_rightImg1: autoDraw = False
95.6885 	EXP 	task_rightImg2: autoDraw = False
95.6885 	EXP 	task_leftImg1: autoDraw = False
95.6885 	EXP 	task_leftImg2: autoDraw = False
95.6885 	EXP 	task_fixImg: autoDraw = False
95.6885 	EXP 	task_centerImg: image = 'img/rightArrow.png'
95.6885 	EXP 	task_rightImg1: image = 'img/rightArrow.png'
95.6885 	EXP 	task_rightImg2: image = 'img/rightArrow.png'
95.6885 	EXP 	task_leftImg1: image = 'img/rightArrow.png'
95.6885 	EXP 	task_leftImg2: image = 'img/rightArrow.png'
95.6885 	EXP 	task_fixImg: image = 'img/fixationCross.png'
95.6885 	EXP 	task_centerImg: autoDraw = True
95.6885 	EXP 	task_rightImg1: autoDraw = True
95.6885 	EXP 	task_rightImg2: autoDraw = True
95.6885 	EXP 	task_leftImg1: autoDraw = True
95.6885 	EXP 	task_leftImg2: autoDraw = True
95.6885 	EXP 	task_fixImg: autoDraw = True
95.8948 	EXP 	task_centerImg: autoDraw = False
95.8948 	EXP 	task_rightImg1: autoDraw = False
95.8948 	EXP 	task_rightImg2: autoDraw = False
95.8948 	EXP 	task_leftImg1: autoDraw = False
95.8948 	EXP 	task_leftImg2: autoDraw = False
96.1028 	DATA 	Keypress: 8
97.4244 	EXP 	New trial (rep=0, index=3): {'middleStim': 'img/leftArrow.png', 'rightStim1': 'img/rightArrow.png', 'rightStim2': 'img/rightArrow.png', 'leftStim1': 'img/rightArrow.png', 'leftStim2': 'img/rightArrow.png', 'stimNum': 54, 'congruent': 0, 'target': 'left'}
97.4865 	EXP 	task_fixImg: autoDraw = False
97.4865 	EXP 	task_centerImg: autoDraw = False
97.4865 	EXP 	task_rightImg1: autoDraw = False
97.4865 	EXP 	task_rightImg2: autoDraw = False
97.4865 	EXP 	task_leftImg1: autoDraw = False
97.4865 	EXP 	task_leftImg2: autoDraw = False
97.4865 	EXP 	task_fixImg: autoDraw = False
97.4865 	EXP 	task_centerImg: image = 'img/leftArrow.png'
97.4865 	EXP 	task_rightImg1: image = 'img/rightArrow.png'
97.4865 	EXP 	task_rightImg2: image = 'img/rightArrow.png'
97.4865 	EXP 	task_leftImg1: image = 'img/rightArrow.png'
97.4865 	EXP 	task_leftImg2: image = 'img/rightArrow.png'
97.4865 	EXP 	task_fixImg: image = 'img/fixationCross.png'
97.4865 	EXP 	task_centerImg: autoDraw = True
97.4865 	EXP 	task_rightImg1: autoDraw = True
97.4865 	EXP 	task_rightImg2: autoDraw = True
97.4865 	EXP 	task_leftImg1: autoDraw = True
97.4865 	EXP 	task_leftImg2: autoDraw = True
97.4865 	EXP 	task_fixImg: autoDraw = True
97.6917 	EXP 	task_centerImg: autoDraw = False
97.6917 	EXP 	task_rightImg1: autoDraw = False
97.6917 	EXP 	task_rightImg2: autoDraw = False
97.6917 	EXP 	task_leftImg1: autoDraw = False
97.6917 	EXP 	task_leftImg2: autoDraw = False
97.9750 	DATA 	Keypress: 1
99.4421 	EXP 	task_fixImg: autoDraw = False
99.4421 	EXP 	task_centerImg: autoDraw = False
99.4421 	EXP 	task_rightImg1: autoDraw = False
99.4421 	EXP 	task_rightImg2: autoDraw = False
99.4421 	EXP 	task_leftImg1: autoDraw = False
99.4421 	EXP 	task_leftImg2: autoDraw = False
99.4421 	EXP 	task_fixImg: autoDraw = False
99.4421 	EXP 	task_blockFeed_text: text = 'Respond faster'
99.4421 	EXP 	task_blockFeed_text2: text = 'Press the right button'
99.4421 	EXP 	task_blockFeed_text: autoDraw = True
109.4362 	EXP 	task_blockFeed_text2: autoDraw = True
109.9164 	DATA 	Keypress: 8
109.9181 	EXP 	task_blockFeed_text: autoDraw = False
109.9181 	EXP 	task_blockFeed_text2: autoDraw = False
109.9181 	EXP 	finishMessage_text: autoDraw = True
110.9507 	DATA 	Keypress: 8
119.9145 	EXP 	finishMessage_text: autoDraw = False
119.9218 	INFO 	saved data to 'C:\\Users\\NDClab\\Desktop\\Experiments\\social-flanker-eeg\\flanker-basic-v5\\data/1_A_1_1_flanker-basic_v5_2022_Apr_13_0053.csv'
119.9256 	INFO 	saved data to C:\Users\NDClab\Desktop\Experiments\social-flanker-eeg\flanker-basic-v5\data/1_A_1_1_flanker-basic_v5_2022_Apr_13_0053.psydat
121.7790 	EXP 	window1: mouseVisible = True
121.7791 	DEBUG 	Saving data for flanker-basic_v5 ExperimentHandler
