6.6776 	INFO 	Loaded monitor calibration from ['2021_09_14 11:10']
6.6818 	WARNING 	User requested fullscreen with size [1536  864], but screen is actually [1920, 1080]. Using actual size
10.1193 	EXP 	Created window1 = Window(allowGUI=False, allowStencil=False, autoLog=True, backendConf=UNKNOWN, bitsMode=UNKNOWN, blendMode='avg', bpc=(8, 8, 8), color=array([-1, -1, -1]), colorSpace='rgb', depthBits=8, fullscr=<method-wrapper '__getattribute__' of attributeSetter object at 0x00000249AF044CC0>, gamma=None, gammaErrorPolicy='raise', lms=UNKNOWN, monitor=<psychopy.monitors.calibTools.Monitor object at 0x00000249AF026C18>, multiSample=False, name='window1', numSamples=2, pos=[0.0, 0.0], screen=0, size=array([1920, 1080]), stencilBits=0, stereo=False, units='height', useFBO=True, useRetina=False, viewOri=0.0, viewPos=None, viewScale=None, waitBlanking=True, winType='pyglet')
10.1198 	EXP 	window1: mouseVisible = True
10.1199 	EXP 	window1: recordFrameIntervals = False
10.1597 	EXP 	window1: recordFrameIntervals = True
10.2055 	DEBUG 	Screen (0) actual frame rate measured at 241.80
10.2056 	EXP 	window1: recordFrameIntervals = False
10.4501 	INFO 	keyboard.Keyboard is using ptb backend.
10.5305 	EXP 	Created welcome_text = TextStim(__class__=<class 'psychopy.visual.text.TextStim'>, alignHoriz=method-wrapper(...), alignText='center', alignVert=method-wrapper(...), anchorHoriz='center', anchorVert='center', antialias=True, autoLog=True, bold=False, color=array([1., 1., 1.]), colorSpace='rgb', contrast=1.0, depth=0.0, flipHoriz=False, flipVert=False, font='Arial', fontFiles=[], height=0.04, italic=False, languageStyle='LTR', name='welcome_text', opacity=1, ori=0, pos=array([0., 0.]), rgb=UNKNOWN, text=str(...), units='height', win=Window(...), wrapWidth=1.3)
10.5306 	INFO 	keyboard.Keyboard is using ptb backend.
10.5383 	EXP 	Created instructRight_text = TextStim(__class__=<class 'psychopy.visual.text.TextStim'>, alignHoriz=method-wrapper(...), alignText='center', alignVert=method-wrapper(...), anchorHoriz='center', anchorVert='center', antialias=True, autoLog=True, bold=False, color=array([1., 1., 1.]), colorSpace='rgb', contrast=1.0, depth=0.0, flipHoriz=False, flipVert=False, font='Arial', fontFiles=[], height=0.04, italic=False, languageStyle='LTR', name='instructRight_text', opacity=1, ori=0, pos=array([0., 0.]), rgb=UNKNOWN, text=str(...), units='height', win=Window(...), wrapWidth=1.3)
10.5772 	EXP 	Created instructRight_centerImg = ImageStim(__class__=<class 'psychopy.visual.image.ImageStim'>, autoLog=True, color=array([1., 1., 1.]), colorSpace='rgb', contrast=1.0, depth=-1.0, flipHoriz=False, flipVert=False, image='img/rightArrow.png', interpolate=True, mask=None, maskParams=None, name='instructRight_centerImg', opacity=1, ori=0.0, pos=array([ 0. , -0.3]), size=array([0.04, 0.04]), texRes=512, units='height', win=Window(...))
10.6143 	EXP 	Created instructRight_rightImg1 = ImageStim(__class__=<class 'psychopy.visual.image.ImageStim'>, autoLog=True, color=array([1., 1., 1.]), colorSpace='rgb', contrast=1.0, depth=-2.0, flipHoriz=False, flipVert=False, image='img/rightArrow.png', interpolate=True, mask=None, maskParams=None, name='instructRight_rightImg1', opacity=1, ori=0.0, pos=array([ 0.05, -0.3 ]), size=array([0.04, 0.04]), texRes=512, units='height', win=Window(...))
10.6544 	EXP 	Created instructRight_rightImg2 = ImageStim(__class__=<class 'psychopy.visual.image.ImageStim'>, autoLog=True, color=array([1., 1., 1.]), colorSpace='rgb', contrast=1.0, depth=-3.0, flipHoriz=False, flipVert=False, image='img/rightArrow.png', interpolate=True, mask=None, maskParams=None, name='instructRight_rightImg2', opacity=1, ori=0.0, pos=array([ 0.1, -0.3]), size=array([0.04, 0.04]), texRes=512, units='height', win=Window(...))
10.6943 	EXP 	Created instructRight_leftImg1 = ImageStim(__class__=<class 'psychopy.visual.image.ImageStim'>, autoLog=True, color=array([1., 1., 1.]), colorSpace='rgb', contrast=1.0, depth=-4.0, flipHoriz=False, flipVert=False, image='img/rightArrow.png', interpolate=True, mask=None, maskParams=None, name='instructRight_leftImg1', opacity=1, ori=0.0, pos=array([-0.05, -0.3 ]), size=array([0.04, 0.04]), texRes=512, units='height', win=Window(...))
10.7335 	EXP 	Created instructRight_leftImg2 = ImageStim(__class__=<class 'psychopy.visual.image.ImageStim'>, autoLog=True, color=array([1., 1., 1.]), colorSpace='rgb', contrast=1.0, depth=-5.0, flipHoriz=False, flipVert=False, image='img/rightArrow.png', interpolate=True, mask=None, maskParams=None, name='instructRight_leftImg2', opacity=1, ori=0.0, pos=array([-0.1, -0.3]), size=array([0.04, 0.04]), texRes=512, units='height', win=Window(...))
10.7335 	INFO 	keyboard.Keyboard is using ptb backend.
10.7399 	EXP 	Created instructLeft_text = TextStim(__class__=<class 'psychopy.visual.text.TextStim'>, alignHoriz=method-wrapper(...), alignText='center', alignVert=method-wrapper(...), anchorHoriz='center', anchorVert='center', antialias=True, autoLog=True, bold=False, color=array([1., 1., 1.]), colorSpace='rgb', contrast=1.0, depth=0.0, flipHoriz=False, flipVert=False, font='Arial', fontFiles=[], height=0.04, italic=False, languageStyle='LTR', name='instructLeft_text', opacity=1, ori=0, pos=array([0., 0.]), rgb=UNKNOWN, text=str(...), units='height', win=Window(...), wrapWidth=1.3)
10.7796 	EXP 	Created instructLeft_centerImg = ImageStim(__class__=<class 'psychopy.visual.image.ImageStim'>, autoLog=True, color=array([1., 1., 1.]), colorSpace='rgb', contrast=1.0, depth=-1.0, flipHoriz=False, flipVert=False, image='img/leftArrow.png', interpolate=True, mask=None, maskParams=None, name='instructLeft_centerImg', opacity=1, ori=0.0, pos=array([ 0. , -0.3]), size=array([0.04, 0.04]), texRes=512, units='height', win=Window(...))
10.8192 	EXP 	Created instructLeft_rightImg1 = ImageStim(__class__=<class 'psychopy.visual.image.ImageStim'>, autoLog=True, color=array([1., 1., 1.]), colorSpace='rgb', contrast=1.0, depth=-2.0, flipHoriz=False, flipVert=False, image='img/leftArrow.png', interpolate=True, mask=None, maskParams=None, name='instructLeft_rightImg1', opacity=1, ori=0.0, pos=array([ 0.05, -0.3 ]), size=array([0.04, 0.04]), texRes=512, units='height', win=Window(...))
10.8593 	EXP 	Created instructLeft_rightImg2 = ImageStim(__class__=<class 'psychopy.visual.image.ImageStim'>, autoLog=True, color=array([1., 1., 1.]), colorSpace='rgb', contrast=1.0, depth=-3.0, flipHoriz=False, flipVert=False, image='img/leftArrow.png', interpolate=True, mask=None, maskParams=None, name='instructLeft_rightImg2', opacity=1, ori=0.0, pos=array([ 0.1, -0.3]), size=array([0.04, 0.04]), texRes=512, units='height', win=Window(...))
10.8977 	EXP 	Created instructLeft_leftImg1 = ImageStim(__class__=<class 'psychopy.visual.image.ImageStim'>, autoLog=True, color=array([1., 1., 1.]), colorSpace='rgb', contrast=1.0, depth=-4.0, flipHoriz=False, flipVert=False, image='img/leftArrow.png', interpolate=True, mask=None, maskParams=None, name='instructLeft_leftImg1', opacity=1, ori=0.0, pos=array([-0.05, -0.3 ]), size=array([0.04, 0.04]), texRes=512, units='height', win=Window(...))
10.9373 	EXP 	Created instructLeft_leftImg2 = ImageStim(__class__=<class 'psychopy.visual.image.ImageStim'>, autoLog=True, color=array([1., 1., 1.]), colorSpace='rgb', contrast=1.0, depth=-5.0, flipHoriz=False, flipVert=False, image='img/leftArrow.png', interpolate=True, mask=None, maskParams=None, name='instructLeft_leftImg2', opacity=1, ori=0.0, pos=array([-0.1, -0.3]), size=array([0.04, 0.04]), texRes=512, units='height', win=Window(...))
10.9373 	INFO 	keyboard.Keyboard is using ptb backend.
10.9543 	EXP 	Created instructInconRight_text = TextStim(__class__=<class 'psychopy.visual.text.TextStim'>, alignHoriz=method-wrapper(...), alignText='center', alignVert=method-wrapper(...), anchorHoriz='center', anchorVert='center', antialias=True, autoLog=True, bold=False, color=array([1., 1., 1.]), colorSpace='rgb', contrast=1.0, depth=0.0, flipHoriz=False, flipVert=False, font='Arial', fontFiles=[], height=0.04, italic=False, languageStyle='LTR', name='instructInconRight_text', opacity=1, ori=0, pos=array([0., 0.]), rgb=UNKNOWN, text=str(...), units='height', win=Window(...), wrapWidth=1.3)
10.9785 	EXP 	Created instructIncon_centerImg = ImageStim(__class__=<class 'psychopy.visual.image.ImageStim'>, autoLog=True, color=array([1., 1., 1.]), colorSpace='rgb', contrast=1.0, depth=-1.0, flipHoriz=False, flipVert=False, image='img/rightArrow.png', interpolate=True, mask=None, maskParams=None, name='instructIncon_centerImg', opacity=1, ori=0.0, pos=array([ 0. , -0.3]), size=array([0.04, 0.04]), texRes=512, units='height', win=Window(...))
11.0018 	EXP 	Created instructIncon_rightImg1 = ImageStim(__class__=<class 'psychopy.visual.image.ImageStim'>, autoLog=True, color=array([1., 1., 1.]), colorSpace='rgb', contrast=1.0, depth=-2.0, flipHoriz=False, flipVert=False, image='img/leftArrow.png', interpolate=True, mask=None, maskParams=None, name='instructIncon_rightImg1', opacity=1, ori=0.0, pos=array([ 0.05, -0.3 ]), size=array([0.04, 0.04]), texRes=512, units='height', win=Window(...))
11.0249 	EXP 	Created instructIncon_rightImg2 = ImageStim(__class__=<class 'psychopy.visual.image.ImageStim'>, autoLog=True, color=array([1., 1., 1.]), colorSpace='rgb', contrast=1.0, depth=-3.0, flipHoriz=False, flipVert=False, image='img/leftArrow.png', interpolate=True, mask=None, maskParams=None, name='instructIncon_rightImg2', opacity=1, ori=0.0, pos=array([ 0.1, -0.3]), size=array([0.04, 0.04]), texRes=512, units='height', win=Window(...))
11.0482 	EXP 	Created instructIncon_leftImg1 = ImageStim(__class__=<class 'psychopy.visual.image.ImageStim'>, autoLog=True, color=array([1., 1., 1.]), colorSpace='rgb', contrast=1.0, depth=-4.0, flipHoriz=False, flipVert=False, image='img/leftArrow.png', interpolate=True, mask=None, maskParams=None, name='instructIncon_leftImg1', opacity=1, ori=0.0, pos=array([-0.05, -0.3 ]), size=array([0.04, 0.04]), texRes=512, units='height', win=Window(...))
11.0715 	EXP 	Created instructInconRight_leftImg2 = ImageStim(__class__=<class 'psychopy.visual.image.ImageStim'>, autoLog=True, color=array([1., 1., 1.]), colorSpace='rgb', contrast=1.0, depth=-5.0, flipHoriz=False, flipVert=False, image='img/leftArrow.png', interpolate=True, mask=None, maskParams=None, name='instructInconRight_leftImg2', opacity=1, ori=0.0, pos=array([-0.1, -0.3]), size=array([0.04, 0.04]), texRes=512, units='height', win=Window(...))
11.0716 	INFO 	keyboard.Keyboard is using ptb backend.
11.0790 	EXP 	Created instructInconLeft_text = TextStim(__class__=<class 'psychopy.visual.text.TextStim'>, alignHoriz=method-wrapper(...), alignText='center', alignVert=method-wrapper(...), anchorHoriz='center', anchorVert='center', antialias=True, autoLog=True, bold=False, color=array([1., 1., 1.]), colorSpace='rgb', contrast=1.0, depth=0.0, flipHoriz=False, flipVert=False, font='Arial', fontFiles=[], height=0.04, italic=False, languageStyle='LTR', name='instructInconLeft_text', opacity=1, ori=0, pos=array([0., 0.]), rgb=UNKNOWN, text=str(...), units='height', win=Window(...), wrapWidth=1.3)
11.1023 	EXP 	Created instructInconLeft_centerImg = ImageStim(__class__=<class 'psychopy.visual.image.ImageStim'>, autoLog=True, color=array([1., 1., 1.]), colorSpace='rgb', contrast=1.0, depth=-1.0, flipHoriz=False, flipVert=False, image='img/leftArrow.png', interpolate=True, mask=None, maskParams=None, name='instructInconLeft_centerImg', opacity=1, ori=0.0, pos=array([ 0. , -0.3]), size=array([0.04, 0.04]), texRes=512, units='height', win=Window(...))
11.1255 	EXP 	Created instructInconLeft_rightImg1 = ImageStim(__class__=<class 'psychopy.visual.image.ImageStim'>, autoLog=True, color=array([1., 1., 1.]), colorSpace='rgb', contrast=1.0, depth=-2.0, flipHoriz=False, flipVert=False, image='img/rightArrow.png', interpolate=True, mask=None, maskParams=None, name='instructInconLeft_rightImg1', opacity=1, ori=0.0, pos=array([ 0.05, -0.3 ]), size=array([0.04, 0.04]), texRes=512, units='height', win=Window(...))
11.1529 	EXP 	Created instructInconLeft_rightImg2 = ImageStim(__class__=<class 'psychopy.visual.image.ImageStim'>, autoLog=True, color=array([1., 1., 1.]), colorSpace='rgb', contrast=1.0, depth=-3.0, flipHoriz=False, flipVert=False, image='img/rightArrow.png', interpolate=True, mask=None, maskParams=None, name='instructInconLeft_rightImg2', opacity=1, ori=0.0, pos=array([ 0.1, -0.3]), size=array([0.04, 0.04]), texRes=512, units='height', win=Window(...))
11.1809 	EXP 	Created instructInconLeft_leftImg1 = ImageStim(__class__=<class 'psychopy.visual.image.ImageStim'>, autoLog=True, color=array([1., 1., 1.]), colorSpace='rgb', contrast=1.0, depth=-4.0, flipHoriz=False, flipVert=False, image='img/rightArrow.png', interpolate=True, mask=None, maskParams=None, name='instructInconLeft_leftImg1', opacity=1, ori=0.0, pos=array([-0.05, -0.3 ]), size=array([0.04, 0.04]), texRes=512, units='height', win=Window(...))
11.2068 	EXP 	Created instructInconLeft_leftImg2 = ImageStim(__class__=<class 'psychopy.visual.image.ImageStim'>, autoLog=True, color=array([1., 1., 1.]), colorSpace='rgb', contrast=1.0, depth=-5.0, flipHoriz=False, flipVert=False, image='img/rightArrow.png', interpolate=True, mask=None, maskParams=None, name='instructInconLeft_leftImg2', opacity=1, ori=0.0, pos=array([-0.1, -0.3]), size=array([0.04, 0.04]), texRes=512, units='height', win=Window(...))
11.2068 	INFO 	keyboard.Keyboard is using ptb backend.
11.2173 	EXP 	Created prac_blockText = TextStim(__class__=<class 'psychopy.visual.text.TextStim'>, alignHoriz=method-wrapper(...), alignText='center', alignVert=method-wrapper(...), anchorHoriz='center', anchorVert='center', antialias=True, autoLog=True, bold=False, color=array([1., 1., 1.]), colorSpace='rgb', contrast=1.0, depth=-1.0, flipHoriz=False, flipVert=False, font='Arial', fontFiles=[], height=0.06, italic=False, languageStyle='LTR', name='prac_blockText', opacity=1, ori=0.0, pos=array([0. , 0.3]), rgb=UNKNOWN, text='Practice', units='height', win=Window(...), wrapWidth=1.3)
11.2328 	EXP 	Created prac_reminder_text = TextStim(__class__=<class 'psychopy.visual.text.TextStim'>, alignHoriz=method-wrapper(...), alignText='center', alignVert=method-wrapper(...), anchorHoriz='center', anchorVert='center', antialias=True, autoLog=True, bold=False, color=array([1., 1., 1.]), colorSpace='rgb', contrast=1.0, depth=-2.0, flipHoriz=False, flipVert=False, font='Arial', fontFiles=[], height=0.04, italic=False, languageStyle='LTR', name='prac_reminder_text', opacity=1, ori=0, pos=array([0., 0.]), rgb=UNKNOWN, text=str(...), units='height', win=Window(...), wrapWidth=1.3)
11.2329 	INFO 	keyboard.Keyboard is using ptb backend.
11.2359 	EXP 	Created initFixation_img = ImageStim(__class__=<class 'psychopy.visual.image.ImageStim'>, autoLog=True, color=array([1., 1., 1.]), colorSpace='rgb', contrast=1.0, depth=0.0, flipHoriz=False, flipVert=False, image='sin', interpolate=True, mask=None, maskParams=None, name='initFixation_img', opacity=1, ori=0.0, pos=array([ 0.  , -0.05]), size=array([0.015, 0.015]), texRes=512, units='height', win=Window(...))
11.2387 	EXP 	Created prac_centerImg = ImageStim(__class__=<class 'psychopy.visual.image.ImageStim'>, autoLog=True, color=array([1., 1., 1.]), colorSpace='rgb', contrast=1.0, depth=-1.0, flipHoriz=False, flipVert=False, image='sin', interpolate=True, mask=None, maskParams=None, name='prac_centerImg', opacity=1, ori=0.0, pos=array([0., 0.]), size=array([0.04, 0.04]), texRes=512, units='height', win=Window(...))
11.2415 	EXP 	Created prac_rightImg1 = ImageStim(__class__=<class 'psychopy.visual.image.ImageStim'>, autoLog=True, color=array([1., 1., 1.]), colorSpace='rgb', contrast=1.0, depth=-2.0, flipHoriz=False, flipVert=False, image='sin', interpolate=True, mask=None, maskParams=None, name='prac_rightImg1', opacity=1, ori=0.0, pos=array([0.05, 0.  ]), size=array([0.04, 0.04]), texRes=512, units='height', win=Window(...))
11.2444 	EXP 	Created prac_rightImg2 = ImageStim(__class__=<class 'psychopy.visual.image.ImageStim'>, autoLog=True, color=array([1., 1., 1.]), colorSpace='rgb', contrast=1.0, depth=-3.0, flipHoriz=False, flipVert=False, image='sin', interpolate=True, mask=None, maskParams=None, name='prac_rightImg2', opacity=1, ori=0.0, pos=array([0.1, 0. ]), size=array([0.04, 0.04]), texRes=512, units='height', win=Window(...))
11.2472 	EXP 	Created prac_leftImg1 = ImageStim(__class__=<class 'psychopy.visual.image.ImageStim'>, autoLog=True, color=array([1., 1., 1.]), colorSpace='rgb', contrast=1.0, depth=-4.0, flipHoriz=False, flipVert=False, image='sin', interpolate=True, mask=None, maskParams=None, name='prac_leftImg1', opacity=1, ori=0.0, pos=array([-0.05,  0.  ]), size=array([0.04, 0.04]), texRes=512, units='height', win=Window(...))
11.2501 	EXP 	Created prac_leftImg2 = ImageStim(__class__=<class 'psychopy.visual.image.ImageStim'>, autoLog=True, color=array([1., 1., 1.]), colorSpace='rgb', contrast=1.0, depth=-5.0, flipHoriz=False, flipVert=False, image='sin', interpolate=True, mask=None, maskParams=None, name='prac_leftImg2', opacity=1, ori=0.0, pos=array([-0.1,  0. ]), size=array([0.04, 0.04]), texRes=512, units='height', win=Window(...))
11.2529 	EXP 	Created prac_fixImg = ImageStim(__class__=<class 'psychopy.visual.image.ImageStim'>, autoLog=True, color=array([1., 1., 1.]), colorSpace='rgb', contrast=1.0, depth=-6.0, flipHoriz=False, flipVert=False, image='sin', interpolate=True, mask=None, maskParams=None, name='prac_fixImg', opacity=1, ori=0.0, pos=array([ 0.  , -0.05]), size=array([0.015, 0.015]), texRes=512, units='height', win=Window(...))
11.2530 	INFO 	keyboard.Keyboard is using ptb backend.
11.2540 	EXP 	Created prac_blockFeed_text = TextStim(__class__=<class 'psychopy.visual.text.TextStim'>, alignHoriz=method-wrapper(...), alignText='center', alignVert=method-wrapper(...), anchorHoriz='center', anchorVert='center', antialias=True, autoLog=True, bold=False, color=array([1., 1., 1.]), colorSpace='rgb', contrast=1.0, depth=-1.0, flipHoriz=False, flipVert=False, font='Arial', fontFiles=[], height=0.04, italic=False, languageStyle='LTR', name='prac_blockFeed_text', opacity=1, ori=0, pos=array([0., 0.]), rgb=UNKNOWN, text='', units='height', win=Window(...), wrapWidth=1.3)
11.2571 	EXP 	Created prac_pressContinue = TextStim(__class__=<class 'psychopy.visual.text.TextStim'>, alignHoriz=method-wrapper(...), alignText='center', alignVert=method-wrapper(...), anchorHoriz='center', anchorVert='center', antialias=True, autoLog=True, bold=False, color=array([1., 1., 1.]), colorSpace='rgb', contrast=1.0, depth=-2.0, flipHoriz=False, flipVert=False, font='Arial', fontFiles=[], height=0.04, italic=False, languageStyle='LTR', name='prac_pressContinue', opacity=1, ori=0.0, pos=array([ 0. , -0.3]), rgb=UNKNOWN, text='Press the right key', units='height', win=Window(...), wrapWidth=1.3)
11.2571 	INFO 	keyboard.Keyboard is using ptb backend.
11.2614 	EXP 	Created instructMainTask_text = TextStim(__class__=<class 'psychopy.visual.text.TextStim'>, alignHoriz=method-wrapper(...), alignText='center', alignVert=method-wrapper(...), anchorHoriz='center', anchorVert='center', antialias=True, autoLog=True, bold=False, color=array([1., 1., 1.]), colorSpace='rgb', contrast=1.0, depth=0.0, flipHoriz=False, flipVert=False, font='Arial', fontFiles=[], height=0.04, italic=False, languageStyle='LTR', name='instructMainTask_text', opacity=1, ori=0, pos=array([0., 0.]), rgb=UNKNOWN, text=str(...), units='height', win=Window(...), wrapWidth=1.3)
11.2614 	INFO 	keyboard.Keyboard is using ptb backend.
11.2625 	EXP 	Created condition_whichCondition_text = TextStim(__class__=<class 'psychopy.visual.text.TextStim'>, alignHoriz=method-wrapper(...), alignText='center', alignVert=method-wrapper(...), anchorHoriz='center', anchorVert='center', antialias=True, autoLog=True, bold=False, color=array([1., 1., 1.]), colorSpace='rgb', contrast=1.0, depth=0.0, flipHoriz=False, flipVert=False, font='Arial', fontFiles=[], height=0.06, italic=False, languageStyle='LTR', name='condition_whichCondition_text', opacity=1, ori=0.0, pos=array([0. , 0.3]), rgb=UNKNOWN, text='', units='height', win=Window(...), wrapWidth=1.3)
11.2654 	EXP 	Created condition_continue_text = TextStim(__class__=<class 'psychopy.visual.text.TextStim'>, alignHoriz=method-wrapper(...), alignText='center', alignVert=method-wrapper(...), anchorHoriz='center', anchorVert='center', antialias=True, autoLog=True, bold=False, color=array([1., 1., 1.]), colorSpace='rgb', contrast=1.0, depth=-1.0, flipHoriz=False, flipVert=False, font='Arial', fontFiles=[], height=0.04, italic=False, languageStyle='LTR', name='condition_continue_text', opacity=1, ori=0.0, pos=array([0., 0.]), rgb=UNKNOWN, text='Press the right button to continue', units='height', win=Window(...), wrapWidth=1)
11.2655 	INFO 	keyboard.Keyboard is using ptb backend.
11.2665 	EXP 	Created task_blockText = TextStim(__class__=<class 'psychopy.visual.text.TextStim'>, alignHoriz=method-wrapper(...), alignText='center', alignVert=method-wrapper(...), anchorHoriz='center', anchorVert='center', antialias=True, autoLog=True, bold=False, color=array([1., 1., 1.]), colorSpace='rgb', contrast=1.0, depth=-1.0, flipHoriz=False, flipVert=False, font='Arial', fontFiles=[], height=0.06, italic=False, languageStyle='LTR', name='task_blockText', opacity=1, ori=0.0, pos=array([0. , 0.3]), rgb=UNKNOWN, text='', units='height', win=Window(...), wrapWidth=1.3)
11.2756 	EXP 	Created task_blockReminders_text = TextStim(__class__=<class 'psychopy.visual.text.TextStim'>, alignHoriz=method-wrapper(...), alignText='center', alignVert=method-wrapper(...), anchorHoriz='center', anchorVert='center', antialias=True, autoLog=True, bold=False, color=array([1., 1., 1.]), colorSpace='rgb', contrast=1.0, depth=-2.0, flipHoriz=False, flipVert=False, font='Arial', fontFiles=[], height=0.04, italic=False, languageStyle='LTR', name='task_blockReminders_text', opacity=1, ori=0, pos=array([0., 0.]), rgb=UNKNOWN, text=str(...), units='height', win=Window(...), wrapWidth=1.3)
11.2756 	INFO 	keyboard.Keyboard is using ptb backend.
11.2787 	EXP 	Created initFixation_img = ImageStim(__class__=<class 'psychopy.visual.image.ImageStim'>, autoLog=True, color=array([1., 1., 1.]), colorSpace='rgb', contrast=1.0, depth=0.0, flipHoriz=False, flipVert=False, image='sin', interpolate=True, mask=None, maskParams=None, name='initFixation_img', opacity=1, ori=0.0, pos=array([ 0.  , -0.05]), size=array([0.015, 0.015]), texRes=512, units='height', win=Window(...))
11.2816 	EXP 	Created task_centerImg = ImageStim(__class__=<class 'psychopy.visual.image.ImageStim'>, autoLog=True, color=array([1., 1., 1.]), colorSpace='rgb', contrast=1.0, depth=-1.0, flipHoriz=False, flipVert=False, image='sin', interpolate=True, mask=None, maskParams=None, name='task_centerImg', opacity=1, ori=0.0, pos=array([0., 0.]), size=array([0.04, 0.04]), texRes=512, units='height', win=Window(...))
11.2846 	EXP 	Created task_rightImg1 = ImageStim(__class__=<class 'psychopy.visual.image.ImageStim'>, autoLog=True, color=array([1., 1., 1.]), colorSpace='rgb', contrast=1.0, depth=-2.0, flipHoriz=False, flipVert=False, image='sin', interpolate=True, mask=None, maskParams=None, name='task_rightImg1', opacity=1, ori=0.0, pos=array([0.05, 0.  ]), size=array([0.04, 0.04]), texRes=512, units='height', win=Window(...))
11.2876 	EXP 	Created task_rightImg2 = ImageStim(__class__=<class 'psychopy.visual.image.ImageStim'>, autoLog=True, color=array([1., 1., 1.]), colorSpace='rgb', contrast=1.0, depth=-3.0, flipHoriz=False, flipVert=False, image='sin', interpolate=True, mask=None, maskParams=None, name='task_rightImg2', opacity=1, ori=0.0, pos=array([0.1, 0. ]), size=array([0.04, 0.04]), texRes=512, units='height', win=Window(...))
11.2906 	EXP 	Created task_leftImg1 = ImageStim(__class__=<class 'psychopy.visual.image.ImageStim'>, autoLog=True, color=array([1., 1., 1.]), colorSpace='rgb', contrast=1.0, depth=-4.0, flipHoriz=False, flipVert=False, image='sin', interpolate=True, mask=None, maskParams=None, name='task_leftImg1', opacity=1, ori=0.0, pos=array([-0.05,  0.  ]), size=array([0.04, 0.04]), texRes=512, units='height', win=Window(...))
11.2936 	EXP 	Created task_leftImg2 = ImageStim(__class__=<class 'psychopy.visual.image.ImageStim'>, autoLog=True, color=array([1., 1., 1.]), colorSpace='rgb', contrast=1.0, depth=-5.0, flipHoriz=False, flipVert=False, image='sin', interpolate=True, mask=None, maskParams=None, name='task_leftImg2', opacity=1, ori=0.0, pos=array([-0.1,  0. ]), size=array([0.04, 0.04]), texRes=512, units='height', win=Window(...))
11.2965 	EXP 	Created task_fixImg = ImageStim(__class__=<class 'psychopy.visual.image.ImageStim'>, autoLog=True, color=array([1., 1., 1.]), colorSpace='rgb', contrast=1.0, depth=-6.0, flipHoriz=False, flipVert=False, image='sin', interpolate=True, mask=None, maskParams=None, name='task_fixImg', opacity=1, ori=0.0, pos=array([ 0.  , -0.05]), size=array([0.015, 0.015]), texRes=512, units='height', win=Window(...))
11.2965 	INFO 	keyboard.Keyboard is using ptb backend.
11.2980 	EXP 	Created task_blockFeed_text = TextStim(__class__=<class 'psychopy.visual.text.TextStim'>, alignHoriz=method-wrapper(...), alignText='center', alignVert=method-wrapper(...), anchorHoriz='center', anchorVert='center', antialias=True, autoLog=True, bold=False, color=array([1., 1., 1.]), colorSpace='rgb', contrast=1.0, depth=-1.0, flipHoriz=False, flipVert=False, font='Arial', fontFiles=[], height=0.12, italic=False, languageStyle='LTR', name='task_blockFeed_text', opacity=1, ori=0, pos=array([0. , 0.1]), rgb=UNKNOWN, text='', units='height', win=Window(...), wrapWidth=1.8)
11.2990 	EXP 	Created task_blockFeed_text2 = TextStim(__class__=<class 'psychopy.visual.text.TextStim'>, alignHoriz=method-wrapper(...), alignText='center', alignVert=method-wrapper(...), anchorHoriz='center', anchorVert='center', antialias=True, autoLog=True, bold=False, color=array([1., 1., 1.]), colorSpace='rgb', contrast=1.0, depth=-2.0, flipHoriz=False, flipVert=False, font='Arial', fontFiles=[], height=0.04, italic=False, languageStyle='LTR', name='task_blockFeed_text2', opacity=1, ori=0, pos=array([ 0. , -0.3]), rgb=UNKNOWN, text='', units='height', win=Window(...), wrapWidth=1.3)
11.2990 	INFO 	keyboard.Keyboard is using ptb backend.
11.3083 	EXP 	Created finishMessage_text = TextStim(__class__=<class 'psychopy.visual.text.TextStim'>, alignHoriz=method-wrapper(...), alignText='center', alignVert=method-wrapper(...), anchorHoriz='center', anchorVert='center', antialias=True, autoLog=True, bold=False, color=array([1., 1., 1.]), colorSpace='rgb', contrast=1.0, depth=0.0, flipHoriz=False, flipVert=False, font='Arial', fontFiles=[], height=0.04, italic=False, languageStyle='LTR', name='finishMessage_text', opacity=1, ori=0, pos=array([0., 0.]), rgb=UNKNOWN, text='Thank you for your participation!', units='height', win=Window(...), wrapWidth=1.3)
11.3555 	EXP 	welcome_text: autoDraw = True
13.0499 	DATA 	Keypress: 1
13.6463 	DATA 	Keypress: 8
13.7013 	EXP 	welcome_text: autoDraw = False
13.7013 	EXP 	instructRight_text: autoDraw = True
13.7013 	EXP 	instructRight_centerImg: autoDraw = True
13.7013 	EXP 	instructRight_rightImg1: autoDraw = True
13.7013 	EXP 	instructRight_rightImg2: autoDraw = True
13.7013 	EXP 	instructRight_leftImg1: autoDraw = True
13.7013 	EXP 	instructRight_leftImg2: autoDraw = True
13.7961 	DATA 	Keypress: 1
13.9763 	DATA 	Keypress: 8
13.9799 	EXP 	instructRight_text: autoDraw = False
13.9799 	EXP 	instructRight_centerImg: autoDraw = False
13.9799 	EXP 	instructRight_rightImg1: autoDraw = False
13.9799 	EXP 	instructRight_rightImg2: autoDraw = False
13.9799 	EXP 	instructRight_leftImg1: autoDraw = False
13.9799 	EXP 	instructRight_leftImg2: autoDraw = False
13.9799 	EXP 	instructLeft_text: autoDraw = True
13.9799 	EXP 	instructLeft_centerImg: autoDraw = True
13.9799 	EXP 	instructLeft_rightImg1: autoDraw = True
13.9799 	EXP 	instructLeft_rightImg2: autoDraw = True
13.9799 	EXP 	instructLeft_leftImg1: autoDraw = True
13.9799 	EXP 	instructLeft_leftImg2: autoDraw = True
13.9919 	DATA 	Keypress: 1
13.9949 	EXP 	instructLeft_text: autoDraw = False
13.9949 	EXP 	instructLeft_centerImg: autoDraw = False
13.9949 	EXP 	instructLeft_rightImg1: autoDraw = False
13.9949 	EXP 	instructLeft_rightImg2: autoDraw = False
13.9949 	EXP 	instructLeft_leftImg1: autoDraw = False
13.9949 	EXP 	instructLeft_leftImg2: autoDraw = False
13.9949 	EXP 	instructInconRight_text: autoDraw = True
13.9949 	EXP 	instructIncon_centerImg: autoDraw = True
13.9949 	EXP 	instructIncon_rightImg1: autoDraw = True
13.9949 	EXP 	instructIncon_rightImg2: autoDraw = True
13.9949 	EXP 	instructIncon_leftImg1: autoDraw = True
13.9949 	EXP 	instructInconRight_leftImg2: autoDraw = True
14.1475 	DATA 	Keypress: 8
14.1601 	DATA 	Keypress: 1
14.1630 	EXP 	instructInconRight_text: autoDraw = False
14.1630 	EXP 	instructIncon_centerImg: autoDraw = False
14.1630 	EXP 	instructIncon_rightImg1: autoDraw = False
14.1630 	EXP 	instructIncon_rightImg2: autoDraw = False
14.1630 	EXP 	instructIncon_leftImg1: autoDraw = False
14.1630 	EXP 	instructInconRight_leftImg2: autoDraw = False
14.1630 	EXP 	instructInconLeft_text: autoDraw = True
14.1630 	EXP 	instructInconLeft_centerImg: autoDraw = True
14.1630 	EXP 	instructInconLeft_rightImg1: autoDraw = True
14.1630 	EXP 	instructInconLeft_rightImg2: autoDraw = True
14.1630 	EXP 	instructInconLeft_leftImg1: autoDraw = True
14.1630 	EXP 	instructInconLeft_leftImg2: autoDraw = True
14.3040 	DATA 	Keypress: 8
14.3581 	DATA 	Keypress: 1
14.3652 	EXP 	Created sequence: random, trialTypes=1, nReps=99, seed=None
14.3660 	EXP 	New trial (rep=0, index=0): None
14.3725 	EXP 	instructInconLeft_text: autoDraw = False
14.3725 	EXP 	instructInconLeft_centerImg: autoDraw = False
14.3725 	EXP 	instructInconLeft_rightImg1: autoDraw = False
14.3725 	EXP 	instructInconLeft_rightImg2: autoDraw = False
14.3725 	EXP 	instructInconLeft_leftImg1: autoDraw = False
14.3725 	EXP 	instructInconLeft_leftImg2: autoDraw = False
14.3725 	EXP 	prac_blockText: autoDraw = True
14.3725 	EXP 	prac_reminder_text: autoDraw = True
14.6807 	DATA 	Keypress: 8
14.6831 	EXP 	prac_blockText: autoDraw = False
14.6831 	EXP 	prac_reminder_text: autoDraw = False
14.6831 	EXP 	initFixation_img: image = 'img/fixationCross.png'
14.6831 	EXP 	initFixation_img: autoDraw = True
14.8415 	DATA 	Keypress: 1
16.6886 	DEBUG 	Read excel file with openpyxl: prac_trials.xlsx
16.6903 	EXP 	Imported prac_trials.xlsx as conditions, 4 conditions, 8 params
16.6909 	EXP 	Created sequence: random, trialTypes=4, nReps=1, seed=None
16.6914 	EXP 	New trial (rep=0, index=0): {'middleStim': 'img/rightArrow.png', 'rightStim1': 'img/leftArrow.png', 'rightStim2': 'img/leftArrow.png', 'leftStim1': 'img/leftArrow.png', 'leftStim2': 'img/leftArrow.png', 'stimNum': 3, 'congruent': 0, 'target': 'right'}
16.7395 	EXP 	initFixation_img: autoDraw = False
16.7395 	EXP 	prac_centerImg: image = 'img/rightArrow.png'
16.7395 	EXP 	prac_rightImg1: image = 'img/leftArrow.png'
16.7395 	EXP 	prac_rightImg2: image = 'img/leftArrow.png'
16.7395 	EXP 	prac_leftImg1: image = 'img/leftArrow.png'
16.7395 	EXP 	prac_leftImg2: image = 'img/leftArrow.png'
16.7395 	EXP 	prac_fixImg: image = 'img/fixationCross.png'
16.7395 	EXP 	prac_centerImg: autoDraw = True
16.7395 	EXP 	prac_rightImg1: autoDraw = True
16.7395 	EXP 	prac_rightImg2: autoDraw = True
16.7395 	EXP 	prac_leftImg1: autoDraw = True
16.7395 	EXP 	prac_leftImg2: autoDraw = True
16.7395 	EXP 	prac_fixImg: autoDraw = True
16.9421 	EXP 	prac_centerImg: autoDraw = False
16.9421 	EXP 	prac_rightImg1: autoDraw = False
16.9421 	EXP 	prac_rightImg2: autoDraw = False
16.9421 	EXP 	prac_leftImg1: autoDraw = False
16.9421 	EXP 	prac_leftImg2: autoDraw = False
17.2771 	DATA 	Keypress: 8
18.6271 	EXP 	New trial (rep=0, index=1): {'middleStim': 'img/leftArrow.png', 'rightStim1': 'img/rightArrow.png', 'rightStim2': 'img/rightArrow.png', 'leftStim1': 'img/rightArrow.png', 'leftStim2': 'img/rightArrow.png', 'stimNum': 4, 'congruent': 0, 'target': 'left'}
18.6888 	EXP 	prac_fixImg: autoDraw = False
18.6888 	EXP 	prac_centerImg: autoDraw = False
18.6888 	EXP 	prac_rightImg1: autoDraw = False
18.6888 	EXP 	prac_rightImg2: autoDraw = False
18.6888 	EXP 	prac_leftImg1: autoDraw = False
18.6888 	EXP 	prac_leftImg2: autoDraw = False
18.6888 	EXP 	prac_fixImg: autoDraw = False
18.6888 	EXP 	prac_centerImg: image = 'img/leftArrow.png'
18.6888 	EXP 	prac_rightImg1: image = 'img/rightArrow.png'
18.6888 	EXP 	prac_rightImg2: image = 'img/rightArrow.png'
18.6888 	EXP 	prac_leftImg1: image = 'img/rightArrow.png'
18.6888 	EXP 	prac_leftImg2: image = 'img/rightArrow.png'
18.6888 	EXP 	prac_fixImg: image = 'img/fixationCross.png'
18.6888 	EXP 	prac_centerImg: autoDraw = True
18.6888 	EXP 	prac_rightImg1: autoDraw = True
18.6888 	EXP 	prac_rightImg2: autoDraw = True
18.6888 	EXP 	prac_leftImg1: autoDraw = True
18.6888 	EXP 	prac_leftImg2: autoDraw = True
18.6888 	EXP 	prac_fixImg: autoDraw = True
18.8940 	EXP 	prac_centerImg: autoDraw = False
18.8940 	EXP 	prac_rightImg1: autoDraw = False
18.8940 	EXP 	prac_rightImg2: autoDraw = False
18.8940 	EXP 	prac_leftImg1: autoDraw = False
18.8940 	EXP 	prac_leftImg2: autoDraw = False
19.1857 	DATA 	Keypress: 1
20.6210 	EXP 	New trial (rep=0, index=2): {'middleStim': 'img/rightArrow.png', 'rightStim1': 'img/rightArrow.png', 'rightStim2': 'img/rightArrow.png', 'leftStim1': 'img/rightArrow.png', 'leftStim2': 'img/rightArrow.png', 'stimNum': 1, 'congruent': 1, 'target': 'right'}
20.6842 	EXP 	prac_fixImg: autoDraw = False
20.6842 	EXP 	prac_centerImg: autoDraw = False
20.6842 	EXP 	prac_rightImg1: autoDraw = False
20.6842 	EXP 	prac_rightImg2: autoDraw = False
20.6842 	EXP 	prac_leftImg1: autoDraw = False
20.6842 	EXP 	prac_leftImg2: autoDraw = False
20.6842 	EXP 	prac_fixImg: autoDraw = False
20.6842 	EXP 	prac_centerImg: image = 'img/rightArrow.png'
20.6842 	EXP 	prac_rightImg1: image = 'img/rightArrow.png'
20.6842 	EXP 	prac_rightImg2: image = 'img/rightArrow.png'
20.6842 	EXP 	prac_leftImg1: image = 'img/rightArrow.png'
20.6842 	EXP 	prac_leftImg2: image = 'img/rightArrow.png'
20.6842 	EXP 	prac_fixImg: image = 'img/fixationCross.png'
20.6842 	EXP 	prac_centerImg: autoDraw = True
20.6842 	EXP 	prac_rightImg1: autoDraw = True
20.6842 	EXP 	prac_rightImg2: autoDraw = True
20.6842 	EXP 	prac_leftImg1: autoDraw = True
20.6842 	EXP 	prac_leftImg2: autoDraw = True
20.6842 	EXP 	prac_fixImg: autoDraw = True
20.8886 	EXP 	prac_centerImg: autoDraw = False
20.8886 	EXP 	prac_rightImg1: autoDraw = False
20.8886 	EXP 	prac_rightImg2: autoDraw = False
20.8886 	EXP 	prac_leftImg1: autoDraw = False
20.8886 	EXP 	prac_leftImg2: autoDraw = False
21.0352 	DATA 	Keypress: 8
22.3139 	EXP 	New trial (rep=0, index=3): {'middleStim': 'img/leftArrow.png', 'rightStim1': 'img/leftArrow.png', 'rightStim2': 'img/leftArrow.png', 'leftStim1': 'img/leftArrow.png', 'leftStim2': 'img/leftArrow.png', 'stimNum': 2, 'congruent': 1, 'target': 'left'}
22.3653 	EXP 	prac_fixImg: autoDraw = False
22.3653 	EXP 	prac_centerImg: autoDraw = False
22.3653 	EXP 	prac_rightImg1: autoDraw = False
22.3653 	EXP 	prac_rightImg2: autoDraw = False
22.3653 	EXP 	prac_leftImg1: autoDraw = False
22.3653 	EXP 	prac_leftImg2: autoDraw = False
22.3653 	EXP 	prac_fixImg: autoDraw = False
22.3653 	EXP 	prac_centerImg: image = 'img/leftArrow.png'
22.3653 	EXP 	prac_rightImg1: image = 'img/leftArrow.png'
22.3653 	EXP 	prac_rightImg2: image = 'img/leftArrow.png'
22.3653 	EXP 	prac_leftImg1: image = 'img/leftArrow.png'
22.3653 	EXP 	prac_leftImg2: image = 'img/leftArrow.png'
22.3653 	EXP 	prac_fixImg: image = 'img/fixationCross.png'
22.3653 	EXP 	prac_centerImg: autoDraw = True
22.3653 	EXP 	prac_rightImg1: autoDraw = True
22.3653 	EXP 	prac_rightImg2: autoDraw = True
22.3653 	EXP 	prac_leftImg1: autoDraw = True
22.3653 	EXP 	prac_leftImg2: autoDraw = True
22.3653 	EXP 	prac_fixImg: autoDraw = True
22.5713 	EXP 	prac_centerImg: autoDraw = False
22.5713 	EXP 	prac_rightImg1: autoDraw = False
22.5713 	EXP 	prac_rightImg2: autoDraw = False
22.5713 	EXP 	prac_leftImg1: autoDraw = False
22.5713 	EXP 	prac_leftImg2: autoDraw = False
22.7281 	DATA 	Keypress: 1
23.9989 	EXP 	prac_fixImg: autoDraw = False
23.9989 	EXP 	prac_centerImg: autoDraw = False
23.9989 	EXP 	prac_rightImg1: autoDraw = False
23.9989 	EXP 	prac_rightImg2: autoDraw = False
23.9989 	EXP 	prac_leftImg1: autoDraw = False
23.9989 	EXP 	prac_leftImg2: autoDraw = False
23.9989 	EXP 	prac_fixImg: autoDraw = False
23.9989 	EXP 	prac_blockFeed_text: text = 'You have completed the practice'
23.9989 	EXP 	prac_blockFeed_text: autoDraw = True
23.9989 	EXP 	prac_pressContinue: autoDraw = True
24.4768 	DATA 	Keypress: 8
24.4900 	EXP 	prac_blockFeed_text: autoDraw = False
24.4900 	EXP 	prac_pressContinue: autoDraw = False
24.4900 	EXP 	instructMainTask_text: autoDraw = True
24.9184 	DEBUG 	Read excel file with openpyxl: condition_B.xlsx
24.9190 	EXP 	Imported condition_B.xlsx as conditions, 2 conditions, 5 params
24.9194 	EXP 	Created sequence: sequential, trialTypes=2, nReps=1, seed=None
24.9198 	EXP 	New trial (rep=0, index=0): {'middleStim': 'img/rightArrow.png', 'rightStim1': 'img/rightArrow.png', 'rightStim2': 'img/rightArrow.png', 'whichCondition': 'social_task_trials.xlsx', 'conditionText': 'Observed'}
24.9326 	DATA 	Keypress: 8
24.9342 	EXP 	instructMainTask_text: autoDraw = False
24.9342 	EXP 	condition_whichCondition_text: text = 'Observed'
24.9342 	EXP 	condition_whichCondition_text: autoDraw = True
24.9342 	EXP 	condition_continue_text: autoDraw = True
26.4405 	EXP 	Created sequence: random, trialTypes=1, nReps=4, seed=None
26.4407 	EXP 	New trial (rep=0, index=0): None
26.4553 	DATA 	Keypress: 8
26.4572 	EXP 	condition_whichCondition_text: autoDraw = False
26.4572 	EXP 	condition_continue_text: autoDraw = False
26.4572 	EXP 	task_blockText: text = 'Block 1 of 10'
26.4572 	EXP 	task_blockText: autoDraw = True
26.4572 	EXP 	task_blockReminders_text: autoDraw = True
27.2254 	DATA 	Keypress: 8
27.2390 	EXP 	task_blockText: autoDraw = False
27.2390 	EXP 	task_blockReminders_text: autoDraw = False
27.2390 	EXP 	initFixation_img: image = 'img/fixationCross.png'
27.2390 	EXP 	initFixation_img: autoDraw = True
29.2414 	DEBUG 	Read excel file with openpyxl: social_task_trials.xlsx
29.2429 	EXP 	Imported social_task_trials.xlsx as conditions, 4 conditions, 8 params
29.2435 	EXP 	Created sequence: random, trialTypes=4, nReps=1, seed=None
29.2439 	EXP 	New trial (rep=0, index=0): {'middleStim': 'img/leftArrow.png', 'rightStim1': 'img/rightArrow.png', 'rightStim2': 'img/rightArrow.png', 'leftStim1': 'img/rightArrow.png', 'leftStim2': 'img/rightArrow.png', 'stimNum': 54, 'congruent': 0, 'target': 'left'}
29.3037 	EXP 	initFixation_img: autoDraw = False
29.3037 	EXP 	task_centerImg: image = 'img/leftArrow.png'
29.3037 	EXP 	task_rightImg1: image = 'img/rightArrow.png'
29.3037 	EXP 	task_rightImg2: image = 'img/rightArrow.png'
29.3037 	EXP 	task_leftImg1: image = 'img/rightArrow.png'
29.3037 	EXP 	task_leftImg2: image = 'img/rightArrow.png'
29.3037 	EXP 	task_fixImg: image = 'img/fixationCross.png'
29.3037 	EXP 	task_centerImg: autoDraw = True
29.3037 	EXP 	task_rightImg1: autoDraw = True
29.3037 	EXP 	task_rightImg2: autoDraw = True
29.3037 	EXP 	task_leftImg1: autoDraw = True
29.3037 	EXP 	task_leftImg2: autoDraw = True
29.3037 	EXP 	task_fixImg: autoDraw = True
29.5052 	EXP 	task_centerImg: autoDraw = False
29.5052 	EXP 	task_rightImg1: autoDraw = False
29.5052 	EXP 	task_rightImg2: autoDraw = False
29.5052 	EXP 	task_leftImg1: autoDraw = False
29.5052 	EXP 	task_leftImg2: autoDraw = False
29.7808 	DATA 	Keypress: 1
31.1054 	EXP 	New trial (rep=0, index=1): {'middleStim': 'img/rightArrow.png', 'rightStim1': 'img/leftArrow.png', 'rightStim2': 'img/leftArrow.png', 'leftStim1': 'img/leftArrow.png', 'leftStim2': 'img/leftArrow.png', 'stimNum': 53, 'congruent': 0, 'target': 'right'}
31.1667 	EXP 	task_fixImg: autoDraw = False
31.1667 	EXP 	task_centerImg: autoDraw = False
31.1667 	EXP 	task_rightImg1: autoDraw = False
31.1667 	EXP 	task_rightImg2: autoDraw = False
31.1667 	EXP 	task_leftImg1: autoDraw = False
31.1667 	EXP 	task_leftImg2: autoDraw = False
31.1667 	EXP 	task_fixImg: autoDraw = False
31.1667 	EXP 	task_centerImg: image = 'img/rightArrow.png'
31.1667 	EXP 	task_rightImg1: image = 'img/leftArrow.png'
31.1667 	EXP 	task_rightImg2: image = 'img/leftArrow.png'
31.1667 	EXP 	task_leftImg1: image = 'img/leftArrow.png'
31.1667 	EXP 	task_leftImg2: image = 'img/leftArrow.png'
31.1667 	EXP 	task_fixImg: image = 'img/fixationCross.png'
31.1667 	EXP 	task_centerImg: autoDraw = True
31.1667 	EXP 	task_rightImg1: autoDraw = True
31.1667 	EXP 	task_rightImg2: autoDraw = True
31.1667 	EXP 	task_leftImg1: autoDraw = True
31.1667 	EXP 	task_leftImg2: autoDraw = True
31.1667 	EXP 	task_fixImg: autoDraw = True
31.3765 	EXP 	task_centerImg: autoDraw = False
31.3765 	EXP 	task_rightImg1: autoDraw = False
31.3765 	EXP 	task_rightImg2: autoDraw = False
31.3765 	EXP 	task_leftImg1: autoDraw = False
31.3765 	EXP 	task_leftImg2: autoDraw = False
31.6390 	DATA 	Keypress: 8
32.9894 	EXP 	New trial (rep=0, index=2): {'middleStim': 'img/leftArrow.png', 'rightStim1': 'img/leftArrow.png', 'rightStim2': 'img/leftArrow.png', 'leftStim1': 'img/leftArrow.png', 'leftStim2': 'img/leftArrow.png', 'stimNum': 52, 'congruent': 1, 'target': 'left'}
33.0523 	EXP 	task_fixImg: autoDraw = False
33.0523 	EXP 	task_centerImg: autoDraw = False
33.0523 	EXP 	task_rightImg1: autoDraw = False
33.0523 	EXP 	task_rightImg2: autoDraw = False
33.0523 	EXP 	task_leftImg1: autoDraw = False
33.0523 	EXP 	task_leftImg2: autoDraw = False
33.0523 	EXP 	task_fixImg: autoDraw = False
33.0523 	EXP 	task_centerImg: image = 'img/leftArrow.png'
33.0523 	EXP 	task_rightImg1: image = 'img/leftArrow.png'
33.0523 	EXP 	task_rightImg2: image = 'img/leftArrow.png'
33.0523 	EXP 	task_leftImg1: image = 'img/leftArrow.png'
33.0523 	EXP 	task_leftImg2: image = 'img/leftArrow.png'
33.0523 	EXP 	task_fixImg: image = 'img/fixationCross.png'
33.0523 	EXP 	task_centerImg: autoDraw = True
33.0523 	EXP 	task_rightImg1: autoDraw = True
33.0523 	EXP 	task_rightImg2: autoDraw = True
33.0523 	EXP 	task_leftImg1: autoDraw = True
33.0523 	EXP 	task_leftImg2: autoDraw = True
33.0523 	EXP 	task_fixImg: autoDraw = True
33.2594 	EXP 	task_centerImg: autoDraw = False
33.2594 	EXP 	task_rightImg1: autoDraw = False
33.2594 	EXP 	task_rightImg2: autoDraw = False
33.2594 	EXP 	task_leftImg1: autoDraw = False
33.2594 	EXP 	task_leftImg2: autoDraw = False
33.4003 	DATA 	Keypress: 1
35.0420 	EXP 	New trial (rep=0, index=3): {'middleStim': 'img/rightArrow.png', 'rightStim1': 'img/rightArrow.png', 'rightStim2': 'img/rightArrow.png', 'leftStim1': 'img/rightArrow.png', 'leftStim2': 'img/rightArrow.png', 'stimNum': 51, 'congruent': 1, 'target': 'right'}
35.1071 	EXP 	task_fixImg: autoDraw = False
35.1071 	EXP 	task_centerImg: autoDraw = False
35.1071 	EXP 	task_rightImg1: autoDraw = False
35.1071 	EXP 	task_rightImg2: autoDraw = False
35.1071 	EXP 	task_leftImg1: autoDraw = False
35.1071 	EXP 	task_leftImg2: autoDraw = False
35.1071 	EXP 	task_fixImg: autoDraw = False
35.1071 	EXP 	task_centerImg: image = 'img/rightArrow.png'
35.1071 	EXP 	task_rightImg1: image = 'img/rightArrow.png'
35.1071 	EXP 	task_rightImg2: image = 'img/rightArrow.png'
35.1071 	EXP 	task_leftImg1: image = 'img/rightArrow.png'
35.1071 	EXP 	task_leftImg2: image = 'img/rightArrow.png'
35.1071 	EXP 	task_fixImg: image = 'img/fixationCross.png'
35.1071 	EXP 	task_centerImg: autoDraw = True
35.1071 	EXP 	task_rightImg1: autoDraw = True
35.1071 	EXP 	task_rightImg2: autoDraw = True
35.1071 	EXP 	task_leftImg1: autoDraw = True
35.1071 	EXP 	task_leftImg2: autoDraw = True
35.1071 	EXP 	task_fixImg: autoDraw = True
35.3116 	EXP 	task_centerImg: autoDraw = False
35.3116 	EXP 	task_rightImg1: autoDraw = False
35.3116 	EXP 	task_rightImg2: autoDraw = False
35.3116 	EXP 	task_leftImg1: autoDraw = False
35.3116 	EXP 	task_leftImg2: autoDraw = False
35.4425 	DATA 	Keypress: 8
36.9689 	EXP 	task_fixImg: autoDraw = False
36.9689 	EXP 	task_centerImg: autoDraw = False
36.9689 	EXP 	task_rightImg1: autoDraw = False
36.9689 	EXP 	task_rightImg2: autoDraw = False
36.9689 	EXP 	task_leftImg1: autoDraw = False
36.9689 	EXP 	task_leftImg2: autoDraw = False
36.9689 	EXP 	task_fixImg: autoDraw = False
36.9689 	EXP 	task_blockFeed_text: text = 'Respond faster'
36.9689 	EXP 	task_blockFeed_text2: text = 'Press the right button'
36.9689 	EXP 	task_blockFeed_text: autoDraw = True
37.8428 	DATA 	Keypress: 8
39.1146 	DATA 	Keypress: 8
46.9640 	EXP 	task_blockFeed_text2: autoDraw = True
47.5690 	EXP 	New trial (rep=1, index=0): None
47.5808 	DATA 	Keypress: 8
47.5826 	EXP 	task_blockFeed_text: autoDraw = False
47.5826 	EXP 	task_blockFeed_text2: autoDraw = False
47.5826 	EXP 	task_blockText: text = 'Block 2 of 10'
47.5826 	EXP 	task_blockText: autoDraw = True
47.5826 	EXP 	task_blockReminders_text: autoDraw = True
54.7124 	DATA 	Keypress: 8
54.7338 	EXP 	task_blockText: autoDraw = False
54.7338 	EXP 	task_blockReminders_text: autoDraw = False
54.7338 	EXP 	initFixation_img: image = 'img/fixationCross.png'
54.7338 	EXP 	initFixation_img: autoDraw = True
56.7357 	DEBUG 	Read excel file with openpyxl: social_task_trials.xlsx
56.7381 	EXP 	Imported social_task_trials.xlsx as conditions, 4 conditions, 8 params
56.7388 	EXP 	Created sequence: random, trialTypes=4, nReps=1, seed=None
56.7394 	EXP 	New trial (rep=0, index=0): {'middleStim': 'img/rightArrow.png', 'rightStim1': 'img/leftArrow.png', 'rightStim2': 'img/leftArrow.png', 'leftStim1': 'img/leftArrow.png', 'leftStim2': 'img/leftArrow.png', 'stimNum': 53, 'congruent': 0, 'target': 'right'}
56.7961 	EXP 	initFixation_img: autoDraw = False
56.7961 	EXP 	task_centerImg: image = 'img/rightArrow.png'
56.7961 	EXP 	task_rightImg1: image = 'img/leftArrow.png'
56.7961 	EXP 	task_rightImg2: image = 'img/leftArrow.png'
56.7961 	EXP 	task_leftImg1: image = 'img/leftArrow.png'
56.7961 	EXP 	task_leftImg2: image = 'img/leftArrow.png'
56.7961 	EXP 	task_fixImg: image = 'img/fixationCross.png'
56.7961 	EXP 	task_centerImg: autoDraw = True
56.7961 	EXP 	task_rightImg1: autoDraw = True
56.7961 	EXP 	task_rightImg2: autoDraw = True
56.7961 	EXP 	task_leftImg1: autoDraw = True
56.7961 	EXP 	task_leftImg2: autoDraw = True
56.7961 	EXP 	task_fixImg: autoDraw = True
57.0014 	EXP 	task_centerImg: autoDraw = False
57.0014 	EXP 	task_rightImg1: autoDraw = False
57.0014 	EXP 	task_rightImg2: autoDraw = False
57.0014 	EXP 	task_leftImg1: autoDraw = False
57.0014 	EXP 	task_leftImg2: autoDraw = False
57.3200 	DATA 	Keypress: 8
58.6099 	EXP 	New trial (rep=0, index=1): {'middleStim': 'img/leftArrow.png', 'rightStim1': 'img/rightArrow.png', 'rightStim2': 'img/rightArrow.png', 'leftStim1': 'img/rightArrow.png', 'leftStim2': 'img/rightArrow.png', 'stimNum': 54, 'congruent': 0, 'target': 'left'}
58.6466 	EXP 	task_fixImg: autoDraw = False
58.6466 	EXP 	task_centerImg: autoDraw = False
58.6466 	EXP 	task_rightImg1: autoDraw = False
58.6466 	EXP 	task_rightImg2: autoDraw = False
58.6466 	EXP 	task_leftImg1: autoDraw = False
58.6466 	EXP 	task_leftImg2: autoDraw = False
58.6466 	EXP 	task_fixImg: autoDraw = False
58.6466 	EXP 	task_centerImg: image = 'img/leftArrow.png'
58.6466 	EXP 	task_rightImg1: image = 'img/rightArrow.png'
58.6466 	EXP 	task_rightImg2: image = 'img/rightArrow.png'
58.6466 	EXP 	task_leftImg1: image = 'img/rightArrow.png'
58.6466 	EXP 	task_leftImg2: image = 'img/rightArrow.png'
58.6466 	EXP 	task_fixImg: image = 'img/fixationCross.png'
58.6466 	EXP 	task_centerImg: autoDraw = True
58.6466 	EXP 	task_rightImg1: autoDraw = True
58.6466 	EXP 	task_rightImg2: autoDraw = True
58.6466 	EXP 	task_leftImg1: autoDraw = True
58.6466 	EXP 	task_leftImg2: autoDraw = True
58.6466 	EXP 	task_fixImg: autoDraw = True
58.8551 	EXP 	task_centerImg: autoDraw = False
58.8551 	EXP 	task_rightImg1: autoDraw = False
58.8551 	EXP 	task_rightImg2: autoDraw = False
58.8551 	EXP 	task_leftImg1: autoDraw = False
58.8551 	EXP 	task_leftImg2: autoDraw = False
59.1393 	DATA 	Keypress: 1
60.4919 	EXP 	New trial (rep=0, index=2): {'middleStim': 'img/rightArrow.png', 'rightStim1': 'img/rightArrow.png', 'rightStim2': 'img/rightArrow.png', 'leftStim1': 'img/rightArrow.png', 'leftStim2': 'img/rightArrow.png', 'stimNum': 51, 'congruent': 1, 'target': 'right'}
60.5529 	EXP 	task_fixImg: autoDraw = False
60.5529 	EXP 	task_centerImg: autoDraw = False
60.5529 	EXP 	task_rightImg1: autoDraw = False
60.5529 	EXP 	task_rightImg2: autoDraw = False
60.5529 	EXP 	task_leftImg1: autoDraw = False
60.5529 	EXP 	task_leftImg2: autoDraw = False
60.5529 	EXP 	task_fixImg: autoDraw = False
60.5529 	EXP 	task_centerImg: image = 'img/rightArrow.png'
60.5529 	EXP 	task_rightImg1: image = 'img/rightArrow.png'
60.5529 	EXP 	task_rightImg2: image = 'img/rightArrow.png'
60.5529 	EXP 	task_leftImg1: image = 'img/rightArrow.png'
60.5529 	EXP 	task_leftImg2: image = 'img/rightArrow.png'
60.5529 	EXP 	task_fixImg: image = 'img/fixationCross.png'
60.5529 	EXP 	task_centerImg: autoDraw = True
60.5529 	EXP 	task_rightImg1: autoDraw = True
60.5529 	EXP 	task_rightImg2: autoDraw = True
60.5529 	EXP 	task_leftImg1: autoDraw = True
60.5529 	EXP 	task_leftImg2: autoDraw = True
60.5529 	EXP 	task_fixImg: autoDraw = True
60.7602 	EXP 	task_centerImg: autoDraw = False
60.7602 	EXP 	task_rightImg1: autoDraw = False
60.7602 	EXP 	task_rightImg2: autoDraw = False
60.7602 	EXP 	task_leftImg1: autoDraw = False
60.7602 	EXP 	task_leftImg2: autoDraw = False
60.9003 	DATA 	Keypress: 8
62.3762 	EXP 	New trial (rep=0, index=3): {'middleStim': 'img/leftArrow.png', 'rightStim1': 'img/leftArrow.png', 'rightStim2': 'img/leftArrow.png', 'leftStim1': 'img/leftArrow.png', 'leftStim2': 'img/leftArrow.png', 'stimNum': 52, 'congruent': 1, 'target': 'left'}
62.4384 	EXP 	task_fixImg: autoDraw = False
62.4384 	EXP 	task_centerImg: autoDraw = False
62.4384 	EXP 	task_rightImg1: autoDraw = False
62.4384 	EXP 	task_rightImg2: autoDraw = False
62.4384 	EXP 	task_leftImg1: autoDraw = False
62.4384 	EXP 	task_leftImg2: autoDraw = False
62.4384 	EXP 	task_fixImg: autoDraw = False
62.4384 	EXP 	task_centerImg: image = 'img/leftArrow.png'
62.4384 	EXP 	task_rightImg1: image = 'img/leftArrow.png'
62.4384 	EXP 	task_rightImg2: image = 'img/leftArrow.png'
62.4384 	EXP 	task_leftImg1: image = 'img/leftArrow.png'
62.4384 	EXP 	task_leftImg2: image = 'img/leftArrow.png'
62.4384 	EXP 	task_fixImg: image = 'img/fixationCross.png'
62.4384 	EXP 	task_centerImg: autoDraw = True
62.4384 	EXP 	task_rightImg1: autoDraw = True
62.4384 	EXP 	task_rightImg2: autoDraw = True
62.4384 	EXP 	task_leftImg1: autoDraw = True
62.4384 	EXP 	task_leftImg2: autoDraw = True
62.4384 	EXP 	task_fixImg: autoDraw = True
62.6418 	EXP 	task_centerImg: autoDraw = False
62.6418 	EXP 	task_rightImg1: autoDraw = False
62.6418 	EXP 	task_rightImg2: autoDraw = False
62.6418 	EXP 	task_leftImg1: autoDraw = False
62.6418 	EXP 	task_leftImg2: autoDraw = False
62.7771 	DATA 	Keypress: 1
64.0874 	EXP 	task_fixImg: autoDraw = False
64.0874 	EXP 	task_centerImg: autoDraw = False
64.0874 	EXP 	task_rightImg1: autoDraw = False
64.0874 	EXP 	task_rightImg2: autoDraw = False
64.0874 	EXP 	task_leftImg1: autoDraw = False
64.0874 	EXP 	task_leftImg2: autoDraw = False
64.0874 	EXP 	task_fixImg: autoDraw = False
64.0874 	EXP 	task_blockFeed_text: text = 'Respond faster'
64.0874 	EXP 	task_blockFeed_text2: text = 'Press the right button'
64.0874 	EXP 	task_blockFeed_text: autoDraw = True
74.0793 	EXP 	task_blockFeed_text2: autoDraw = True
77.9514 	EXP 	New trial (rep=2, index=0): None
77.9613 	DATA 	Keypress: 8
77.9631 	EXP 	task_blockFeed_text: autoDraw = False
77.9631 	EXP 	task_blockFeed_text2: autoDraw = False
77.9631 	EXP 	task_blockText: text = 'Block 3 of 10'
77.9631 	EXP 	task_blockText: autoDraw = True
77.9631 	EXP 	task_blockReminders_text: autoDraw = True
78.3485 	DATA 	Keypress: 8
78.3697 	EXP 	task_blockText: autoDraw = False
78.3697 	EXP 	task_blockReminders_text: autoDraw = False
78.3697 	EXP 	initFixation_img: image = 'img/fixationCross.png'
78.3697 	EXP 	initFixation_img: autoDraw = True
80.3710 	DEBUG 	Read excel file with openpyxl: social_task_trials.xlsx
80.3732 	EXP 	Imported social_task_trials.xlsx as conditions, 4 conditions, 8 params
80.3738 	EXP 	Created sequence: random, trialTypes=4, nReps=1, seed=None
80.3743 	EXP 	New trial (rep=0, index=0): {'middleStim': 'img/rightArrow.png', 'rightStim1': 'img/leftArrow.png', 'rightStim2': 'img/leftArrow.png', 'leftStim1': 'img/leftArrow.png', 'leftStim2': 'img/leftArrow.png', 'stimNum': 53, 'congruent': 0, 'target': 'right'}
80.4311 	EXP 	initFixation_img: autoDraw = False
80.4311 	EXP 	task_centerImg: image = 'img/rightArrow.png'
80.4311 	EXP 	task_rightImg1: image = 'img/leftArrow.png'
80.4311 	EXP 	task_rightImg2: image = 'img/leftArrow.png'
80.4311 	EXP 	task_leftImg1: image = 'img/leftArrow.png'
80.4311 	EXP 	task_leftImg2: image = 'img/leftArrow.png'
80.4311 	EXP 	task_fixImg: image = 'img/fixationCross.png'
80.4311 	EXP 	task_centerImg: autoDraw = True
80.4311 	EXP 	task_rightImg1: autoDraw = True
80.4311 	EXP 	task_rightImg2: autoDraw = True
80.4311 	EXP 	task_leftImg1: autoDraw = True
80.4311 	EXP 	task_leftImg2: autoDraw = True
80.4311 	EXP 	task_fixImg: autoDraw = True
80.6376 	EXP 	task_centerImg: autoDraw = False
80.6376 	EXP 	task_rightImg1: autoDraw = False
80.6376 	EXP 	task_rightImg2: autoDraw = False
80.6376 	EXP 	task_leftImg1: autoDraw = False
80.6376 	EXP 	task_leftImg2: autoDraw = False
80.8697 	DATA 	Keypress: 8
82.3204 	EXP 	New trial (rep=0, index=1): {'middleStim': 'img/leftArrow.png', 'rightStim1': 'img/leftArrow.png', 'rightStim2': 'img/leftArrow.png', 'leftStim1': 'img/leftArrow.png', 'leftStim2': 'img/leftArrow.png', 'stimNum': 52, 'congruent': 1, 'target': 'left'}
82.3791 	EXP 	task_fixImg: autoDraw = False
82.3791 	EXP 	task_centerImg: autoDraw = False
82.3791 	EXP 	task_rightImg1: autoDraw = False
82.3791 	EXP 	task_rightImg2: autoDraw = False
82.3791 	EXP 	task_leftImg1: autoDraw = False
82.3791 	EXP 	task_leftImg2: autoDraw = False
82.3791 	EXP 	task_fixImg: autoDraw = False
82.3791 	EXP 	task_centerImg: image = 'img/leftArrow.png'
82.3791 	EXP 	task_rightImg1: image = 'img/leftArrow.png'
82.3791 	EXP 	task_rightImg2: image = 'img/leftArrow.png'
82.3791 	EXP 	task_leftImg1: image = 'img/leftArrow.png'
82.3791 	EXP 	task_leftImg2: image = 'img/leftArrow.png'
82.3791 	EXP 	task_fixImg: image = 'img/fixationCross.png'
82.3791 	EXP 	task_centerImg: autoDraw = True
82.3791 	EXP 	task_rightImg1: autoDraw = True
82.3791 	EXP 	task_rightImg2: autoDraw = True
82.3791 	EXP 	task_leftImg1: autoDraw = True
82.3791 	EXP 	task_leftImg2: autoDraw = True
82.3791 	EXP 	task_fixImg: autoDraw = True
82.5853 	EXP 	task_centerImg: autoDraw = False
82.5853 	EXP 	task_rightImg1: autoDraw = False
82.5853 	EXP 	task_rightImg2: autoDraw = False
82.5853 	EXP 	task_leftImg1: autoDraw = False
82.5853 	EXP 	task_leftImg2: autoDraw = False
82.7488 	DATA 	Keypress: 1
84.0126 	EXP 	New trial (rep=0, index=2): {'middleStim': 'img/rightArrow.png', 'rightStim1': 'img/rightArrow.png', 'rightStim2': 'img/rightArrow.png', 'leftStim1': 'img/rightArrow.png', 'leftStim2': 'img/rightArrow.png', 'stimNum': 51, 'congruent': 1, 'target': 'right'}
84.0847 	EXP 	task_fixImg: autoDraw = False
84.0847 	EXP 	task_centerImg: autoDraw = False
84.0847 	EXP 	task_rightImg1: autoDraw = False
84.0847 	EXP 	task_rightImg2: autoDraw = False
84.0847 	EXP 	task_leftImg1: autoDraw = False
84.0847 	EXP 	task_leftImg2: autoDraw = False
84.0847 	EXP 	task_fixImg: autoDraw = False
84.0847 	EXP 	task_centerImg: image = 'img/rightArrow.png'
84.0847 	EXP 	task_rightImg1: image = 'img/rightArrow.png'
84.0847 	EXP 	task_rightImg2: image = 'img/rightArrow.png'
84.0847 	EXP 	task_leftImg1: image = 'img/rightArrow.png'
84.0847 	EXP 	task_leftImg2: image = 'img/rightArrow.png'
84.0847 	EXP 	task_fixImg: image = 'img/fixationCross.png'
84.0847 	EXP 	task_centerImg: autoDraw = True
84.0847 	EXP 	task_rightImg1: autoDraw = True
84.0847 	EXP 	task_rightImg2: autoDraw = True
84.0847 	EXP 	task_leftImg1: autoDraw = True
84.0847 	EXP 	task_leftImg2: autoDraw = True
84.0847 	EXP 	task_fixImg: autoDraw = True
84.2881 	EXP 	task_centerImg: autoDraw = False
84.2881 	EXP 	task_rightImg1: autoDraw = False
84.2881 	EXP 	task_rightImg2: autoDraw = False
84.2881 	EXP 	task_leftImg1: autoDraw = False
84.2881 	EXP 	task_leftImg2: autoDraw = False
84.8921 	DATA 	Keypress: 8
85.8476 	EXP 	New trial (rep=0, index=3): {'middleStim': 'img/leftArrow.png', 'rightStim1': 'img/rightArrow.png', 'rightStim2': 'img/rightArrow.png', 'leftStim1': 'img/rightArrow.png', 'leftStim2': 'img/rightArrow.png', 'stimNum': 54, 'congruent': 0, 'target': 'left'}
85.9096 	EXP 	task_fixImg: autoDraw = False
85.9096 	EXP 	task_centerImg: autoDraw = False
85.9096 	EXP 	task_rightImg1: autoDraw = False
85.9096 	EXP 	task_rightImg2: autoDraw = False
85.9096 	EXP 	task_leftImg1: autoDraw = False
85.9096 	EXP 	task_leftImg2: autoDraw = False
85.9096 	EXP 	task_fixImg: autoDraw = False
85.9096 	EXP 	task_centerImg: image = 'img/leftArrow.png'
85.9096 	EXP 	task_rightImg1: image = 'img/rightArrow.png'
85.9096 	EXP 	task_rightImg2: image = 'img/rightArrow.png'
85.9096 	EXP 	task_leftImg1: image = 'img/rightArrow.png'
85.9096 	EXP 	task_leftImg2: image = 'img/rightArrow.png'
85.9096 	EXP 	task_fixImg: image = 'img/fixationCross.png'
85.9096 	EXP 	task_centerImg: autoDraw = True
85.9096 	EXP 	task_rightImg1: autoDraw = True
85.9096 	EXP 	task_rightImg2: autoDraw = True
85.9096 	EXP 	task_leftImg1: autoDraw = True
85.9096 	EXP 	task_leftImg2: autoDraw = True
85.9096 	EXP 	task_fixImg: autoDraw = True
86.1167 	EXP 	task_centerImg: autoDraw = False
86.1167 	EXP 	task_rightImg1: autoDraw = False
86.1167 	EXP 	task_rightImg2: autoDraw = False
86.1167 	EXP 	task_leftImg1: autoDraw = False
86.1167 	EXP 	task_leftImg2: autoDraw = False
86.4005 	DATA 	Keypress: 1
87.5900 	EXP 	task_fixImg: autoDraw = False
87.5900 	EXP 	task_centerImg: autoDraw = False
87.5900 	EXP 	task_rightImg1: autoDraw = False
87.5900 	EXP 	task_rightImg2: autoDraw = False
87.5900 	EXP 	task_leftImg1: autoDraw = False
87.5900 	EXP 	task_leftImg2: autoDraw = False
87.5900 	EXP 	task_fixImg: autoDraw = False
87.5900 	EXP 	task_blockFeed_text: text = 'Respond faster'
87.5900 	EXP 	task_blockFeed_text2: text = 'Press the right button'
87.5900 	EXP 	task_blockFeed_text: autoDraw = True
97.5832 	EXP 	task_blockFeed_text2: autoDraw = True
98.4920 	EXP 	New trial (rep=3, index=0): None
98.5012 	DATA 	Keypress: 8
98.5031 	EXP 	task_blockFeed_text: autoDraw = False
98.5031 	EXP 	task_blockFeed_text2: autoDraw = False
98.5031 	EXP 	task_blockText: text = 'Block 4 of 10'
98.5031 	EXP 	task_blockText: autoDraw = True
98.5031 	EXP 	task_blockReminders_text: autoDraw = True
99.3855 	DATA 	Keypress: escape
101.4147 	EXP 	window1: mouseVisible = True
101.4147 	DEBUG 	Saving data for flanker-basic_v5 ExperimentHandler
101.4165 	INFO 	saved data to C:\Users\NDClab\Desktop\Experiments\social-flanker-eeg\flanker-basic-v5\data/1_B_1_1_flanker-basic_v5_2022_Apr_13_0050.psydat
101.4192 	INFO 	saved data to 'C:\\Users\\NDClab\\Desktop\\Experiments\\social-flanker-eeg\\flanker-basic-v5\\data/1_B_1_1_flanker-basic_v5_2022_Apr_13_0050.csv'
